{"/Volumes/Work/Dev/project-score-card/frontend/src/components/ParameterSection.tsx": {"path":"/Volumes/Work/Dev/project-score-card/frontend/src/components/ParameterSection.tsx","statementMap":{"0":{"start":{"line":22,"column":2},"end":{"line":22,"column":null}},"1":{"start":{"line":22,"column":35},"end":{"line":22,"column":null}},"2":{"start":{"line":23,"column":14},"end":{"line":23,"column":null}},"3":{"start":{"line":24,"column":2},"end":{"line":24,"column":null}},"4":{"start":{"line":28,"column":14},"end":{"line":28,"column":null}},"5":{"start":{"line":29,"column":20},"end":{"line":29,"column":null}},"6":{"start":{"line":30,"column":2},"end":{"line":30,"column":null}},"7":{"start":{"line":34,"column":2},"end":{"line":34,"column":null}},"8":{"start":{"line":34,"column":57},"end":{"line":34,"column":72}},"9":{"start":{"line":46,"column":14},"end":{"line":52,"column":null}},"10":{"start":{"line":48,"column":23},"end":{"line":48,"column":null}},"11":{"start":{"line":49,"column":22},"end":{"line":49,"column":null}},"12":{"start":{"line":50,"column":8},"end":{"line":50,"column":null}},"13":{"start":{"line":54,"column":18},"end":{"line":54,"column":null}},"14":{"start":{"line":56,"column":2},"end":{"line":124,"column":null}},"15":{"start":{"line":80,"column":27},"end":{"line":80,"column":null}},"16":{"start":{"line":81,"column":33},"end":{"line":81,"column":null}},"17":{"start":{"line":82,"column":33},"end":{"line":82,"column":null}},"18":{"start":{"line":84,"column":12},"end":{"line":119,"column":null}},"19":{"start":{"line":95,"column":39},"end":{"line":95,"column":null}},"20":{"start":{"line":108,"column":39},"end":{"line":108,"column":null}}},"fnMap":{"0":{"name":"formatDisplayValue","decl":{"start":{"line":21,"column":9},"end":{"line":21,"column":28}},"loc":{"start":{"line":21,"column":88},"end":{"line":25,"column":null}},"line":21},"1":{"name":"formatReadonlyValue","decl":{"start":{"line":27,"column":9},"end":{"line":27,"column":29}},"loc":{"start":{"line":27,"column":74},"end":{"line":31,"column":null}},"line":27},"2":{"name":"formatParamName","decl":{"start":{"line":33,"column":9},"end":{"line":33,"column":25}},"loc":{"start":{"line":33,"column":47},"end":{"line":35,"column":null}},"line":33},"3":{"name":"(anonymous_3)","decl":{"start":{"line":34,"column":50},"end":{"line":34,"column":51}},"loc":{"start":{"line":34,"column":57},"end":{"line":34,"column":72}},"line":34},"4":{"name":"ParameterSection","decl":{"start":{"line":37,"column":16},"end":{"line":37,"column":33}},"loc":{"start":{"line":45,"column":39},"end":{"line":126,"column":null}},"line":45},"5":{"name":"(anonymous_5)","decl":{"start":{"line":47,"column":24},"end":{"line":47,"column":25}},"loc":{"start":{"line":47,"column":40},"end":{"line":51,"column":9}},"line":47},"6":{"name":"(anonymous_6)","decl":{"start":{"line":79,"column":26},"end":{"line":79,"column":27}},"loc":{"start":{"line":79,"column":37},"end":{"line":121,"column":11}},"line":79},"7":{"name":"(anonymous_7)","decl":{"start":{"line":95,"column":32},"end":{"line":95,"column":33}},"loc":{"start":{"line":95,"column":39},"end":{"line":95,"column":null}},"line":95},"8":{"name":"(anonymous_8)","decl":{"start":{"line":108,"column":32},"end":{"line":108,"column":33}},"loc":{"start":{"line":108,"column":39},"end":{"line":108,"column":null}},"line":108}},"branchMap":{"0":{"loc":{"start":{"line":22,"column":2},"end":{"line":22,"column":null}},"type":"if","locations":[{"start":{"line":22,"column":2},"end":{"line":22,"column":null}},{"start":{},"end":{}}],"line":22},"1":{"loc":{"start":{"line":24,"column":9},"end":{"line":24,"column":null}},"type":"cond-expr","locations":[{"start":{"line":24,"column":23},"end":{"line":24,"column":40}},{"start":{"line":24,"column":40},"end":{"line":24,"column":null}}],"line":24},"2":{"loc":{"start":{"line":29,"column":20},"end":{"line":29,"column":null}},"type":"cond-expr","locations":[{"start":{"line":29,"column":34},"end":{"line":29,"column":51}},{"start":{"line":29,"column":51},"end":{"line":29,"column":null}}],"line":29},"3":{"loc":{"start":{"line":30,"column":9},"end":{"line":30,"column":null}},"type":"cond-expr","locations":[{"start":{"line":30,"column":16},"end":{"line":30,"column":41}},{"start":{"line":30,"column":41},"end":{"line":30,"column":null}}],"line":30},"4":{"loc":{"start":{"line":44,"column":2},"end":{"line":44,"column":null}},"type":"default-arg","locations":[{"start":{"line":44,"column":22},"end":{"line":44,"column":null}}],"line":44},"5":{"loc":{"start":{"line":46,"column":14},"end":{"line":52,"column":null}},"type":"cond-expr","locations":[{"start":{"line":47,"column":6},"end":{"line":51,"column":null}},{"start":{"line":52,"column":6},"end":{"line":52,"column":null}}],"line":46},"6":{"loc":{"start":{"line":49,"column":22},"end":{"line":49,"column":null}},"type":"binary-expr","locations":[{"start":{"line":49,"column":22},"end":{"line":49,"column":39}},{"start":{"line":49,"column":39},"end":{"line":49,"column":null}}],"line":49},"7":{"loc":{"start":{"line":50,"column":32},"end":{"line":50,"column":44}},"type":"binary-expr","locations":[{"start":{"line":50,"column":32},"end":{"line":50,"column":41}},{"start":{"line":50,"column":41},"end":{"line":50,"column":44}}],"line":50},"8":{"loc":{"start":{"line":61,"column":11},"end":{"line":73,"column":null}},"type":"binary-expr","locations":[{"start":{"line":61,"column":11},"end":{"line":61,"column":null}},{"start":{"line":62,"column":12},"end":{"line":73,"column":null}}],"line":61},"9":{"loc":{"start":{"line":68,"column":18},"end":{"line":68,"column":null}},"type":"cond-expr","locations":[{"start":{"line":68,"column":28},"end":{"line":68,"column":49}},{"start":{"line":68,"column":49},"end":{"line":68,"column":null}}],"line":68},"10":{"loc":{"start":{"line":71,"column":17},"end":{"line":71,"column":null}},"type":"cond-expr","locations":[{"start":{"line":71,"column":27},"end":{"line":71,"column":33}},{"start":{"line":71,"column":33},"end":{"line":71,"column":null}}],"line":71},"11":{"loc":{"start":{"line":82,"column":33},"end":{"line":82,"column":null}},"type":"binary-expr","locations":[{"start":{"line":82,"column":33},"end":{"line":82,"column":50}},{"start":{"line":82,"column":50},"end":{"line":82,"column":null}}],"line":82},"12":{"loc":{"start":{"line":88,"column":19},"end":{"line":101,"column":null}},"type":"cond-expr","locations":[{"start":{"line":89,"column":20},"end":{"line":97,"column":null}},{"start":{"line":99,"column":20},"end":{"line":101,"column":null}}],"line":88},"13":{"loc":{"start":{"line":90,"column":28},"end":{"line":90,"column":null}},"type":"cond-expr","locations":[{"start":{"line":90,"column":48},"end":{"line":90,"column":59}},{"start":{"line":90,"column":59},"end":{"line":90,"column":null}}],"line":90},"14":{"loc":{"start":{"line":91,"column":28},"end":{"line":91,"column":null}},"type":"cond-expr","locations":[{"start":{"line":91,"column":48},"end":{"line":91,"column":57}},{"start":{"line":91,"column":57},"end":{"line":91,"column":null}}],"line":91},"15":{"loc":{"start":{"line":92,"column":27},"end":{"line":92,"column":null}},"type":"cond-expr","locations":[{"start":{"line":92,"column":47},"end":{"line":92,"column":53}},{"start":{"line":92,"column":53},"end":{"line":92,"column":null}}],"line":92},"16":{"loc":{"start":{"line":93,"column":27},"end":{"line":93,"column":null}},"type":"cond-expr","locations":[{"start":{"line":93,"column":47},"end":{"line":93,"column":53}},{"start":{"line":93,"column":53},"end":{"line":93,"column":null}}],"line":93},"17":{"loc":{"start":{"line":105,"column":19},"end":{"line":115,"column":null}},"type":"cond-expr","locations":[{"start":{"line":106,"column":20},"end":{"line":112,"column":null}},{"start":{"line":114,"column":20},"end":{"line":115,"column":null}}],"line":105},"18":{"loc":{"start":{"line":107,"column":29},"end":{"line":107,"column":null}},"type":"binary-expr","locations":[{"start":{"line":107,"column":29},"end":{"line":107,"column":45}},{"start":{"line":107,"column":45},"end":{"line":107,"column":null}}],"line":107},"19":{"loc":{"start":{"line":114,"column":20},"end":{"line":115,"column":null}},"type":"binary-expr","locations":[{"start":{"line":114,"column":20},"end":{"line":114,"column":null}},{"start":{"line":115,"column":22},"end":{"line":115,"column":null}}],"line":114}},"s":{"0":0,"1":0,"2":0,"3":0,"4":0,"5":0,"6":0,"7":0,"8":0,"9":4,"10":0,"11":0,"12":0,"13":4,"14":4,"15":0,"16":0,"17":0,"18":0,"19":0,"20":0},"f":{"0":0,"1":0,"2":0,"3":0,"4":4,"5":0,"6":0,"7":0,"8":0},"b":{"0":[0,0],"1":[0,0],"2":[0,0],"3":[0,0],"4":[4],"5":[2,2],"6":[0,0],"7":[0,0],"8":[4,2],"9":[0,2],"10":[0,2],"11":[0,0],"12":[0,0],"13":[0,0],"14":[0,0],"15":[0,0],"16":[0,0],"17":[0,0],"18":[0,0],"19":[0,0]},"meta":{"lastBranch":20,"lastFunction":9,"lastStatement":21,"seen":{"f:21:9:21:28":0,"b:22:2:22:Infinity:undefined:undefined:undefined:undefined":0,"s:22:2:22:Infinity":0,"s:22:35:22:Infinity":1,"s:23:14:23:Infinity":2,"s:24:2:24:Infinity":3,"b:24:23:24:40:24:40:24:Infinity":1,"f:27:9:27:29":1,"s:28:14:28:Infinity":4,"s:29:20:29:Infinity":5,"b:29:34:29:51:29:51:29:Infinity":2,"s:30:2:30:Infinity":6,"b:30:16:30:41:30:41:30:Infinity":3,"f:33:9:33:25":2,"s:34:2:34:Infinity":7,"f:34:50:34:51":3,"s:34:57:34:72":8,"f:37:16:37:33":4,"b:44:22:44:Infinity":4,"s:46:14:52:Infinity":9,"b:47:6:51:Infinity:52:6:52:Infinity":5,"f:47:24:47:25":5,"s:48:23:48:Infinity":10,"s:49:22:49:Infinity":11,"b:49:22:49:39:49:39:49:Infinity":6,"s:50:8:50:Infinity":12,"b:50:32:50:41:50:41:50:44":7,"s:54:18:54:Infinity":13,"s:56:2:124:Infinity":14,"b:61:11:61:Infinity:62:12:73:Infinity":8,"b:68:28:68:49:68:49:68:Infinity":9,"b:71:27:71:33:71:33:71:Infinity":10,"f:79:26:79:27":6,"s:80:27:80:Infinity":15,"s:81:33:81:Infinity":16,"s:82:33:82:Infinity":17,"b:82:33:82:50:82:50:82:Infinity":11,"s:84:12:119:Infinity":18,"b:89:20:97:Infinity:99:20:101:Infinity":12,"b:90:48:90:59:90:59:90:Infinity":13,"b:91:48:91:57:91:57:91:Infinity":14,"b:92:47:92:53:92:53:92:Infinity":15,"b:93:47:93:53:93:53:93:Infinity":16,"f:95:32:95:33":7,"s:95:39:95:Infinity":19,"b:106:20:112:Infinity:114:20:115:Infinity":17,"b:107:29:107:45:107:45:107:Infinity":18,"f:108:32:108:33":8,"s:108:39:108:Infinity":20,"b:114:20:114:Infinity:115:22:115:Infinity":19}}}
,"/Volumes/Work/Dev/project-score-card/frontend/src/components/Dashboard/ProjectCard.tsx": {"path":"/Volumes/Work/Dev/project-score-card/frontend/src/components/Dashboard/ProjectCard.tsx","statementMap":{"0":{"start":{"line":18,"column":2},"end":{"line":25,"column":null}},"1":{"start":{"line":19,"column":4},"end":{"line":23,"column":null}},"2":{"start":{"line":27,"column":2},"end":{"line":31,"column":null}},"3":{"start":{"line":36,"column":8},"end":{"line":36,"column":null}},"4":{"start":{"line":37,"column":23},"end":{"line":37,"column":null}},"5":{"start":{"line":39,"column":2},"end":{"line":82,"column":null}},"6":{"start":{"line":40,"column":4},"end":{"line":80,"column":null}},"7":{"start":{"line":84,"column":2},"end":{"line":131,"column":null}}},"fnMap":{"0":{"name":"ScoreBadge","decl":{"start":{"line":17,"column":9},"end":{"line":17,"column":20}},"loc":{"start":{"line":17,"column":148},"end":{"line":33,"column":null}},"line":17},"1":{"name":"ProjectCard","decl":{"start":{"line":35,"column":24},"end":{"line":35,"column":36}},"loc":{"start":{"line":35,"column":106},"end":{"line":133,"column":null}},"line":35}},"branchMap":{"0":{"loc":{"start":{"line":18,"column":2},"end":{"line":25,"column":null}},"type":"if","locations":[{"start":{"line":18,"column":2},"end":{"line":25,"column":null}},{"start":{},"end":{}}],"line":18},"1":{"loc":{"start":{"line":18,"column":6},"end":{"line":18,"column":45}},"type":"binary-expr","locations":[{"start":{"line":18,"column":6},"end":{"line":18,"column":24}},{"start":{"line":18,"column":24},"end":{"line":18,"column":45}}],"line":18},"2":{"loc":{"start":{"line":35,"column":47},"end":{"line":35,"column":66}},"type":"default-arg","locations":[{"start":{"line":35,"column":58},"end":{"line":35,"column":66}}],"line":35},"3":{"loc":{"start":{"line":37,"column":23},"end":{"line":37,"column":null}},"type":"binary-expr","locations":[{"start":{"line":37,"column":23},"end":{"line":37,"column":45}},{"start":{"line":37,"column":45},"end":{"line":37,"column":null}}],"line":37},"4":{"loc":{"start":{"line":39,"column":2},"end":{"line":82,"column":null}},"type":"if","locations":[{"start":{"line":39,"column":2},"end":{"line":82,"column":null}},{"start":{},"end":{}}],"line":39},"5":{"loc":{"start":{"line":47,"column":25},"end":{"line":47,"column":null}},"type":"cond-expr","locations":[{"start":{"line":47,"column":57},"end":{"line":47,"column":69}},{"start":{"line":47,"column":69},"end":{"line":47,"column":null}}],"line":47},"6":{"loc":{"start":{"line":48,"column":27},"end":{"line":48,"column":null}},"type":"cond-expr","locations":[{"start":{"line":48,"column":59},"end":{"line":48,"column":138}},{"start":{"line":48,"column":138},"end":{"line":48,"column":null}}],"line":48},"7":{"loc":{"start":{"line":50,"column":17},"end":{"line":50,"column":null}},"type":"cond-expr","locations":[{"start":{"line":50,"column":49},"end":{"line":50,"column":62}},{"start":{"line":50,"column":62},"end":{"line":50,"column":null}}],"line":50},"8":{"loc":{"start":{"line":57,"column":15},"end":{"line":61,"column":null}},"type":"binary-expr","locations":[{"start":{"line":57,"column":15},"end":{"line":57,"column":null}},{"start":{"line":58,"column":16},"end":{"line":61,"column":null}}],"line":57},"9":{"loc":{"start":{"line":63,"column":15},"end":{"line":67,"column":null}},"type":"binary-expr","locations":[{"start":{"line":63,"column":15},"end":{"line":63,"column":null}},{"start":{"line":64,"column":16},"end":{"line":67,"column":null}}],"line":63},"10":{"loc":{"start":{"line":69,"column":15},"end":{"line":75,"column":null}},"type":"binary-expr","locations":[{"start":{"line":69,"column":15},"end":{"line":69,"column":null}},{"start":{"line":70,"column":16},"end":{"line":75,"column":null}}],"line":69},"11":{"loc":{"start":{"line":72,"column":19},"end":{"line":72,"column":null}},"type":"binary-expr","locations":[{"start":{"line":72,"column":19},"end":{"line":72,"column":41}},{"start":{"line":72,"column":27},"end":{"line":72,"column":null}}],"line":72},"12":{"loc":{"start":{"line":73,"column":19},"end":{"line":73,"column":null}},"type":"binary-expr","locations":[{"start":{"line":73,"column":19},"end":{"line":73,"column":41}},{"start":{"line":73,"column":41},"end":{"line":73,"column":61}},{"start":{"line":73,"column":61},"end":{"line":73,"column":null}}],"line":73},"13":{"loc":{"start":{"line":74,"column":19},"end":{"line":74,"column":null}},"type":"binary-expr","locations":[{"start":{"line":74,"column":19},"end":{"line":74,"column":39}},{"start":{"line":74,"column":27},"end":{"line":74,"column":null}}],"line":74},"14":{"loc":{"start":{"line":91,"column":23},"end":{"line":91,"column":null}},"type":"cond-expr","locations":[{"start":{"line":91,"column":55},"end":{"line":91,"column":67}},{"start":{"line":91,"column":67},"end":{"line":91,"column":null}}],"line":91},"15":{"loc":{"start":{"line":92,"column":25},"end":{"line":92,"column":null}},"type":"cond-expr","locations":[{"start":{"line":92,"column":57},"end":{"line":92,"column":127}},{"start":{"line":92,"column":127},"end":{"line":92,"column":null}}],"line":92},"16":{"loc":{"start":{"line":94,"column":15},"end":{"line":94,"column":null}},"type":"cond-expr","locations":[{"start":{"line":94,"column":47},"end":{"line":94,"column":60}},{"start":{"line":94,"column":60},"end":{"line":94,"column":null}}],"line":94},"17":{"loc":{"start":{"line":98,"column":13},"end":{"line":102,"column":null}},"type":"binary-expr","locations":[{"start":{"line":98,"column":13},"end":{"line":98,"column":null}},{"start":{"line":99,"column":14},"end":{"line":102,"column":null}}],"line":98},"18":{"loc":{"start":{"line":104,"column":13},"end":{"line":108,"column":null}},"type":"binary-expr","locations":[{"start":{"line":104,"column":13},"end":{"line":104,"column":null}},{"start":{"line":105,"column":14},"end":{"line":108,"column":null}}],"line":104},"19":{"loc":{"start":{"line":110,"column":13},"end":{"line":116,"column":null}},"type":"binary-expr","locations":[{"start":{"line":110,"column":13},"end":{"line":110,"column":null}},{"start":{"line":111,"column":14},"end":{"line":116,"column":null}}],"line":110},"20":{"loc":{"start":{"line":113,"column":17},"end":{"line":113,"column":null}},"type":"binary-expr","locations":[{"start":{"line":113,"column":17},"end":{"line":113,"column":39}},{"start":{"line":113,"column":25},"end":{"line":113,"column":null}}],"line":113},"21":{"loc":{"start":{"line":114,"column":17},"end":{"line":114,"column":null}},"type":"binary-expr","locations":[{"start":{"line":114,"column":17},"end":{"line":114,"column":39}},{"start":{"line":114,"column":39},"end":{"line":114,"column":59}},{"start":{"line":114,"column":59},"end":{"line":114,"column":null}}],"line":114},"22":{"loc":{"start":{"line":115,"column":17},"end":{"line":115,"column":null}},"type":"binary-expr","locations":[{"start":{"line":115,"column":17},"end":{"line":115,"column":37}},{"start":{"line":115,"column":25},"end":{"line":115,"column":null}}],"line":115}},"s":{"0":38,"1":27,"2":11,"3":38,"4":38,"5":38,"6":11,"7":27},"f":{"0":38,"1":38},"b":{"0":[27,11],"1":[38,37],"2":[38],"3":[38,35],"4":[11,27],"5":[1,10],"6":[1,10],"7":[1,10],"8":[11,11],"9":[11,11],"10":[11,1],"11":[1,1],"12":[1,1,1],"13":[1,1],"14":[1,26],"15":[1,26],"16":[1,26],"17":[38,25],"18":[38,25],"19":[38,3],"20":[3,2],"21":[3,2,1],"22":[3,2]},"meta":{"lastBranch":23,"lastFunction":2,"lastStatement":8,"seen":{"f:17:9:17:20":0,"b:18:2:25:Infinity:undefined:undefined:undefined:undefined":0,"s:18:2:25:Infinity":0,"b:18:6:18:24:18:24:18:45":1,"s:19:4:23:Infinity":1,"s:27:2:31:Infinity":2,"f:35:24:35:36":1,"b:35:58:35:66":2,"s:36:8:36:Infinity":3,"s:37:23:37:Infinity":4,"b:37:23:37:45:37:45:37:Infinity":3,"b:39:2:82:Infinity:undefined:undefined:undefined:undefined":4,"s:39:2:82:Infinity":5,"s:40:4:80:Infinity":6,"b:47:57:47:69:47:69:47:Infinity":5,"b:48:59:48:138:48:138:48:Infinity":6,"b:50:49:50:62:50:62:50:Infinity":7,"b:57:15:57:Infinity:58:16:61:Infinity":8,"b:63:15:63:Infinity:64:16:67:Infinity":9,"b:69:15:69:Infinity:70:16:75:Infinity":10,"b:72:19:72:41:72:27:72:Infinity":11,"b:73:19:73:41:73:41:73:61:73:61:73:Infinity":12,"b:74:19:74:39:74:27:74:Infinity":13,"s:84:2:131:Infinity":7,"b:91:55:91:67:91:67:91:Infinity":14,"b:92:57:92:127:92:127:92:Infinity":15,"b:94:47:94:60:94:60:94:Infinity":16,"b:98:13:98:Infinity:99:14:102:Infinity":17,"b:104:13:104:Infinity:105:14:108:Infinity":18,"b:110:13:110:Infinity:111:14:116:Infinity":19,"b:113:17:113:39:113:25:113:Infinity":20,"b:114:17:114:39:114:39:114:59:114:59:114:Infinity":21,"b:115:17:115:37:115:25:115:Infinity":22}}}
,"/Volumes/Work/Dev/project-score-card/frontend/src/components/Forms/EVMForm.tsx": {"path":"/Volumes/Work/Dev/project-score-card/frontend/src/components/Forms/EVMForm.tsx","statementMap":{"0":{"start":{"line":40,"column":30},"end":{"line":73,"column":null}},"1":{"start":{"line":76,"column":2},"end":{"line":81,"column":null}},"2":{"start":{"line":85,"column":2},"end":{"line":85,"column":null}},"3":{"start":{"line":85,"column":18},"end":{"line":85,"column":null}},"4":{"start":{"line":86,"column":2},"end":{"line":86,"column":null}},"5":{"start":{"line":86,"column":20},"end":{"line":86,"column":null}},"6":{"start":{"line":87,"column":2},"end":{"line":87,"column":null}},"7":{"start":{"line":91,"column":2},"end":{"line":99,"column":null}},"8":{"start":{"line":92,"column":4},"end":{"line":92,"column":null}},"9":{"start":{"line":92,"column":19},"end":{"line":92,"column":null}},"10":{"start":{"line":93,"column":4},"end":{"line":93,"column":null}},"11":{"start":{"line":93,"column":21},"end":{"line":93,"column":null}},"12":{"start":{"line":94,"column":4},"end":{"line":94,"column":null}},"13":{"start":{"line":96,"column":4},"end":{"line":96,"column":null}},"14":{"start":{"line":96,"column":19},"end":{"line":96,"column":null}},"15":{"start":{"line":97,"column":4},"end":{"line":97,"column":null}},"16":{"start":{"line":97,"column":21},"end":{"line":97,"column":null}},"17":{"start":{"line":98,"column":4},"end":{"line":98,"column":null}},"18":{"start":{"line":113,"column":2},"end":{"line":124,"column":null}},"19":{"start":{"line":126,"column":24},"end":{"line":126,"column":null}},"20":{"start":{"line":128,"column":8},"end":{"line":139,"column":null}},"21":{"start":{"line":129,"column":19},"end":{"line":129,"column":null}},"22":{"start":{"line":130,"column":17},"end":{"line":130,"column":null}},"23":{"start":{"line":131,"column":10},"end":{"line":131,"column":null}},"24":{"start":{"line":132,"column":10},"end":{"line":132,"column":null}},"25":{"start":{"line":134,"column":15},"end":{"line":134,"column":null}},"26":{"start":{"line":135,"column":16},"end":{"line":135,"column":null}},"27":{"start":{"line":136,"column":16},"end":{"line":136,"column":null}},"28":{"start":{"line":138,"column":4},"end":{"line":138,"column":null}},"29":{"start":{"line":141,"column":27},"end":{"line":149,"column":null}},"30":{"start":{"line":142,"column":29},"end":{"line":147,"column":null}},"31":{"start":{"line":148,"column":4},"end":{"line":148,"column":null}},"32":{"start":{"line":151,"column":2},"end":{"line":315,"column":null}},"33":{"start":{"line":156,"column":25},"end":{"line":156,"column":null}},"34":{"start":{"line":157,"column":12},"end":{"line":202,"column":null}}},"fnMap":{"0":{"name":"formatCurrency","decl":{"start":{"line":75,"column":9},"end":{"line":75,"column":24}},"loc":{"start":{"line":75,"column":47},"end":{"line":82,"column":null}},"line":75},"1":{"name":"getPerformanceColor","decl":{"start":{"line":84,"column":9},"end":{"line":84,"column":29}},"loc":{"start":{"line":84,"column":52},"end":{"line":88,"column":null}},"line":84},"2":{"name":"getPerformanceLabel","decl":{"start":{"line":90,"column":9},"end":{"line":90,"column":29}},"loc":{"start":{"line":90,"column":75},"end":{"line":100,"column":null}},"line":90},"3":{"name":"EVMForm","decl":{"start":{"line":102,"column":24},"end":{"line":102,"column":32}},"loc":{"start":{"line":107,"column":30},"end":{"line":317,"column":null}},"line":107},"4":{"name":"(anonymous_4)","decl":{"start":{"line":128,"column":35},"end":{"line":128,"column":41}},"loc":{"start":{"line":128,"column":41},"end":{"line":139,"column":5}},"line":128},"5":{"name":"(anonymous_5)","decl":{"start":{"line":141,"column":27},"end":{"line":141,"column":28}},"loc":{"start":{"line":141,"column":56},"end":{"line":149,"column":null}},"line":141},"6":{"name":"(anonymous_6)","decl":{"start":{"line":155,"column":22},"end":{"line":155,"column":23}},"loc":{"start":{"line":155,"column":33},"end":{"line":204,"column":11}},"line":155}},"branchMap":{"0":{"loc":{"start":{"line":85,"column":2},"end":{"line":85,"column":null}},"type":"if","locations":[{"start":{"line":85,"column":2},"end":{"line":85,"column":null}},{"start":{},"end":{}}],"line":85},"1":{"loc":{"start":{"line":86,"column":2},"end":{"line":86,"column":null}},"type":"if","locations":[{"start":{"line":86,"column":2},"end":{"line":86,"column":null}},{"start":{},"end":{}}],"line":86},"2":{"loc":{"start":{"line":91,"column":2},"end":{"line":99,"column":null}},"type":"if","locations":[{"start":{"line":91,"column":2},"end":{"line":99,"column":null}},{"start":{"line":95,"column":9},"end":{"line":99,"column":null}}],"line":91},"3":{"loc":{"start":{"line":92,"column":4},"end":{"line":92,"column":null}},"type":"if","locations":[{"start":{"line":92,"column":4},"end":{"line":92,"column":null}},{"start":{},"end":{}}],"line":92},"4":{"loc":{"start":{"line":93,"column":4},"end":{"line":93,"column":null}},"type":"if","locations":[{"start":{"line":93,"column":4},"end":{"line":93,"column":null}},{"start":{},"end":{}}],"line":93},"5":{"loc":{"start":{"line":96,"column":4},"end":{"line":96,"column":null}},"type":"if","locations":[{"start":{"line":96,"column":4},"end":{"line":96,"column":null}},{"start":{},"end":{}}],"line":96},"6":{"loc":{"start":{"line":97,"column":4},"end":{"line":97,"column":null}},"type":"if","locations":[{"start":{"line":97,"column":4},"end":{"line":97,"column":null}},{"start":{},"end":{}}],"line":97},"7":{"loc":{"start":{"line":106,"column":2},"end":{"line":106,"column":null}},"type":"default-arg","locations":[{"start":{"line":106,"column":14},"end":{"line":106,"column":null}}],"line":106},"8":{"loc":{"start":{"line":115,"column":20},"end":{"line":115,"column":null}},"type":"binary-expr","locations":[{"start":{"line":115,"column":20},"end":{"line":115,"column":61}},{"start":{"line":115,"column":61},"end":{"line":115,"column":null}}],"line":115},"9":{"loc":{"start":{"line":116,"column":20},"end":{"line":116,"column":null}},"type":"binary-expr","locations":[{"start":{"line":116,"column":20},"end":{"line":116,"column":61}},{"start":{"line":116,"column":61},"end":{"line":116,"column":null}}],"line":116},"10":{"loc":{"start":{"line":117,"column":25},"end":{"line":119,"column":null}},"type":"cond-expr","locations":[{"start":{"line":117,"column":38},"end":{"line":118,"column":null}},{"start":{"line":119,"column":10},"end":{"line":119,"column":null}}],"line":117},"11":{"loc":{"start":{"line":120,"column":23},"end":{"line":122,"column":null}},"type":"cond-expr","locations":[{"start":{"line":120,"column":36},"end":{"line":121,"column":null}},{"start":{"line":122,"column":10},"end":{"line":122,"column":null}}],"line":120},"12":{"loc":{"start":{"line":129,"column":19},"end":{"line":129,"column":null}},"type":"binary-expr","locations":[{"start":{"line":129,"column":19},"end":{"line":129,"column":61}},{"start":{"line":129,"column":61},"end":{"line":129,"column":null}}],"line":129},"13":{"loc":{"start":{"line":130,"column":17},"end":{"line":130,"column":null}},"type":"binary-expr","locations":[{"start":{"line":130,"column":17},"end":{"line":130,"column":59}},{"start":{"line":130,"column":59},"end":{"line":130,"column":null}}],"line":130},"14":{"loc":{"start":{"line":131,"column":23},"end":{"line":131,"column":75}},"type":"binary-expr","locations":[{"start":{"line":131,"column":23},"end":{"line":131,"column":70}},{"start":{"line":131,"column":70},"end":{"line":131,"column":75}}],"line":131},"15":{"loc":{"start":{"line":132,"column":21},"end":{"line":132,"column":71}},"type":"binary-expr","locations":[{"start":{"line":132,"column":21},"end":{"line":132,"column":66}},{"start":{"line":132,"column":66},"end":{"line":132,"column":71}}],"line":132},"16":{"loc":{"start":{"line":135,"column":16},"end":{"line":135,"column":null}},"type":"cond-expr","locations":[{"start":{"line":135,"column":30},"end":{"line":135,"column":52}},{"start":{"line":135,"column":52},"end":{"line":135,"column":null}}],"line":135},"17":{"loc":{"start":{"line":136,"column":16},"end":{"line":136,"column":null}},"type":"cond-expr","locations":[{"start":{"line":136,"column":27},"end":{"line":136,"column":39}},{"start":{"line":136,"column":39},"end":{"line":136,"column":null}}],"line":136},"18":{"loc":{"start":{"line":187,"column":27},"end":{"line":189,"column":null}},"type":"cond-expr","locations":[{"start":{"line":188,"column":26},"end":{"line":188,"column":null}},{"start":{"line":189,"column":26},"end":{"line":189,"column":null}}],"line":187},"19":{"loc":{"start":{"line":191,"column":31},"end":{"line":191,"column":null}},"type":"cond-expr","locations":[{"start":{"line":191,"column":46},"end":{"line":191,"column":55}},{"start":{"line":191,"column":55},"end":{"line":191,"column":null}}],"line":191},"20":{"loc":{"start":{"line":193,"column":19},"end":{"line":196,"column":null}},"type":"binary-expr","locations":[{"start":{"line":193,"column":19},"end":{"line":193,"column":null}},{"start":{"line":194,"column":20},"end":{"line":196,"column":null}}],"line":193},"21":{"loc":{"start":{"line":199,"column":17},"end":{"line":200,"column":null}},"type":"binary-expr","locations":[{"start":{"line":199,"column":17},"end":{"line":199,"column":null}},{"start":{"line":200,"column":18},"end":{"line":200,"column":null}}],"line":199},"22":{"loc":{"start":{"line":207,"column":9},"end":{"line":297,"column":null}},"type":"binary-expr","locations":[{"start":{"line":207,"column":9},"end":{"line":207,"column":null}},{"start":{"line":208,"column":10},"end":{"line":297,"column":null}}],"line":207},"23":{"loc":{"start":{"line":251,"column":19},"end":{"line":261,"column":null}},"type":"cond-expr","locations":[{"start":{"line":252,"column":20},"end":{"line":259,"column":null}},{"start":{"line":261,"column":20},"end":{"line":261,"column":null}}],"line":251},"24":{"loc":{"start":{"line":282,"column":19},"end":{"line":292,"column":null}},"type":"cond-expr","locations":[{"start":{"line":283,"column":20},"end":{"line":290,"column":null}},{"start":{"line":292,"column":20},"end":{"line":292,"column":null}}],"line":282},"25":{"loc":{"start":{"line":311,"column":13},"end":{"line":311,"column":null}},"type":"cond-expr","locations":[{"start":{"line":311,"column":25},"end":{"line":311,"column":39}},{"start":{"line":311,"column":39},"end":{"line":311,"column":null}}],"line":311}},"s":{"0":1,"1":14,"2":16,"3":10,"4":6,"5":6,"6":6,"7":16,"8":5,"9":4,"10":1,"11":0,"12":1,"13":11,"14":4,"15":7,"16":2,"17":5,"18":26,"19":26,"20":26,"21":26,"22":26,"23":26,"24":26,"25":26,"26":26,"27":26,"28":26,"29":26,"30":0,"31":0,"32":26,"33":104,"34":104},"f":{"0":14,"1":16,"2":16,"3":26,"4":26,"5":0,"6":104},"b":{"0":[10,6],"1":[0,6],"2":[5,11],"3":[4,1],"4":[0,1],"5":[4,7],"6":[2,5],"7":[26],"8":[26,24],"9":[26,24],"10":[2,24],"11":[2,24],"12":[26,12],"13":[26,15],"14":[26,18],"15":[26,21],"16":[5,21],"17":[11,15],"18":[52,52],"19":[52,52],"20":[104,52],"21":[104,0],"22":[26,14],"23":[5,9],"24":[11,3],"25":[2,24]},"meta":{"lastBranch":26,"lastFunction":7,"lastStatement":35,"seen":{"s:40:30:73:Infinity":0,"f:75:9:75:24":0,"s:76:2:81:Infinity":1,"f:84:9:84:29":1,"b:85:2:85:Infinity:undefined:undefined:undefined:undefined":0,"s:85:2:85:Infinity":2,"s:85:18:85:Infinity":3,"b:86:2:86:Infinity:undefined:undefined:undefined:undefined":1,"s:86:2:86:Infinity":4,"s:86:20:86:Infinity":5,"s:87:2:87:Infinity":6,"f:90:9:90:29":2,"b:91:2:99:Infinity:95:9:99:Infinity":2,"s:91:2:99:Infinity":7,"b:92:4:92:Infinity:undefined:undefined:undefined:undefined":3,"s:92:4:92:Infinity":8,"s:92:19:92:Infinity":9,"b:93:4:93:Infinity:undefined:undefined:undefined:undefined":4,"s:93:4:93:Infinity":10,"s:93:21:93:Infinity":11,"s:94:4:94:Infinity":12,"b:96:4:96:Infinity:undefined:undefined:undefined:undefined":5,"s:96:4:96:Infinity":13,"s:96:19:96:Infinity":14,"b:97:4:97:Infinity:undefined:undefined:undefined:undefined":6,"s:97:4:97:Infinity":15,"s:97:21:97:Infinity":16,"s:98:4:98:Infinity":17,"f:102:24:102:32":3,"b:106:14:106:Infinity":7,"s:113:2:124:Infinity":18,"b:115:20:115:61:115:61:115:Infinity":8,"b:116:20:116:61:116:61:116:Infinity":9,"b:117:38:118:Infinity:119:10:119:Infinity":10,"b:120:36:121:Infinity:122:10:122:Infinity":11,"s:126:24:126:Infinity":19,"s:128:8:139:Infinity":20,"f:128:35:128:41":4,"s:129:19:129:Infinity":21,"b:129:19:129:61:129:61:129:Infinity":12,"s:130:17:130:Infinity":22,"b:130:17:130:59:130:59:130:Infinity":13,"s:131:10:131:Infinity":23,"b:131:23:131:70:131:70:131:75":14,"s:132:10:132:Infinity":24,"b:132:21:132:66:132:66:132:71":15,"s:134:15:134:Infinity":25,"s:135:16:135:Infinity":26,"b:135:30:135:52:135:52:135:Infinity":16,"s:136:16:136:Infinity":27,"b:136:27:136:39:136:39:136:Infinity":17,"s:138:4:138:Infinity":28,"s:141:27:149:Infinity":29,"f:141:27:141:28":5,"s:142:29:147:Infinity":30,"s:148:4:148:Infinity":31,"s:151:2:315:Infinity":32,"f:155:22:155:23":6,"s:156:25:156:Infinity":33,"s:157:12:202:Infinity":34,"b:188:26:188:Infinity:189:26:189:Infinity":18,"b:191:46:191:55:191:55:191:Infinity":19,"b:193:19:193:Infinity:194:20:196:Infinity":20,"b:199:17:199:Infinity:200:18:200:Infinity":21,"b:207:9:207:Infinity:208:10:297:Infinity":22,"b:252:20:259:Infinity:261:20:261:Infinity":23,"b:283:20:290:Infinity:292:20:292:Infinity":24,"b:311:25:311:39:311:39:311:Infinity":25}}}
,"/Volumes/Work/Dev/project-score-card/frontend/src/components/Forms/ProjectForm.tsx": {"path":"/Volumes/Work/Dev/project-score-card/frontend/src/components/Forms/ProjectForm.tsx","statementMap":{"0":{"start":{"line":8,"column":2},"end":{"line":10,"column":null}},"1":{"start":{"line":9,"column":4},"end":{"line":9,"column":null}},"2":{"start":{"line":11,"column":2},"end":{"line":11,"column":null}},"3":{"start":{"line":35,"column":21},"end":{"line":35,"column":null}},"4":{"start":{"line":42,"column":2},"end":{"line":50,"column":null}},"5":{"start":{"line":52,"column":20},"end":{"line":52,"column":null}},"6":{"start":{"line":54,"column":27},"end":{"line":63,"column":null}},"7":{"start":{"line":55,"column":35},"end":{"line":61,"column":null}},"8":{"start":{"line":62,"column":4},"end":{"line":62,"column":null}},"9":{"start":{"line":65,"column":2},"end":{"line":182,"column":null}},"10":{"start":{"line":150,"column":16},"end":{"line":150,"column":null}},"11":{"start":{"line":150,"column":42},"end":{"line":150,"column":null}},"12":{"start":{"line":151,"column":16},"end":{"line":153,"column":null}}},"fnMap":{"0":{"name":"getSubmitButtonText","decl":{"start":{"line":7,"column":9},"end":{"line":7,"column":29}},"loc":{"start":{"line":7,"column":78},"end":{"line":12,"column":null}},"line":7},"1":{"name":"ProjectForm","decl":{"start":{"line":29,"column":24},"end":{"line":29,"column":36}},"loc":{"start":{"line":34,"column":34},"end":{"line":184,"column":null}},"line":34},"2":{"name":"(anonymous_2)","decl":{"start":{"line":54,"column":27},"end":{"line":54,"column":28}},"loc":{"start":{"line":54,"column":60},"end":{"line":63,"column":null}},"line":54},"3":{"name":"(anonymous_3)","decl":{"start":{"line":149,"column":24},"end":{"line":149,"column":25}},"loc":{"start":{"line":149,"column":35},"end":{"line":155,"column":null}},"line":149}},"branchMap":{"0":{"loc":{"start":{"line":8,"column":2},"end":{"line":10,"column":null}},"type":"if","locations":[{"start":{"line":8,"column":2},"end":{"line":10,"column":null}},{"start":{},"end":{}}],"line":8},"1":{"loc":{"start":{"line":9,"column":11},"end":{"line":9,"column":null}},"type":"cond-expr","locations":[{"start":{"line":9,"column":24},"end":{"line":9,"column":38}},{"start":{"line":9,"column":38},"end":{"line":9,"column":null}}],"line":9},"2":{"loc":{"start":{"line":11,"column":9},"end":{"line":11,"column":null}},"type":"cond-expr","locations":[{"start":{"line":11,"column":22},"end":{"line":11,"column":39}},{"start":{"line":11,"column":39},"end":{"line":11,"column":null}}],"line":11},"3":{"loc":{"start":{"line":33,"column":2},"end":{"line":33,"column":null}},"type":"default-arg","locations":[{"start":{"line":33,"column":14},"end":{"line":33,"column":null}}],"line":33},"4":{"loc":{"start":{"line":44,"column":12},"end":{"line":44,"column":null}},"type":"binary-expr","locations":[{"start":{"line":44,"column":12},"end":{"line":44,"column":29}},{"start":{"line":44,"column":29},"end":{"line":44,"column":null}}],"line":44},"5":{"loc":{"start":{"line":45,"column":24},"end":{"line":45,"column":null}},"type":"binary-expr","locations":[{"start":{"line":45,"column":24},"end":{"line":45,"column":53}},{"start":{"line":45,"column":53},"end":{"line":45,"column":null}}],"line":45},"6":{"loc":{"start":{"line":46,"column":19},"end":{"line":46,"column":null}},"type":"binary-expr","locations":[{"start":{"line":46,"column":19},"end":{"line":46,"column":43}},{"start":{"line":46,"column":43},"end":{"line":46,"column":null}}],"line":46},"7":{"loc":{"start":{"line":47,"column":18},"end":{"line":47,"column":null}},"type":"binary-expr","locations":[{"start":{"line":47,"column":18},"end":{"line":47,"column":41}},{"start":{"line":47,"column":41},"end":{"line":47,"column":null}}],"line":47},"8":{"loc":{"start":{"line":48,"column":16},"end":{"line":48,"column":null}},"type":"binary-expr","locations":[{"start":{"line":48,"column":16},"end":{"line":48,"column":37}},{"start":{"line":48,"column":37},"end":{"line":48,"column":null}}],"line":48},"9":{"loc":{"start":{"line":57,"column":24},"end":{"line":57,"column":null}},"type":"binary-expr","locations":[{"start":{"line":57,"column":24},"end":{"line":57,"column":49}},{"start":{"line":57,"column":49},"end":{"line":57,"column":null}}],"line":57},"10":{"loc":{"start":{"line":58,"column":19},"end":{"line":58,"column":null}},"type":"binary-expr","locations":[{"start":{"line":58,"column":19},"end":{"line":58,"column":39}},{"start":{"line":58,"column":39},"end":{"line":58,"column":null}}],"line":58},"11":{"loc":{"start":{"line":59,"column":18},"end":{"line":59,"column":null}},"type":"cond-expr","locations":[{"start":{"line":59,"column":69},"end":{"line":59,"column":87}},{"start":{"line":59,"column":87},"end":{"line":59,"column":null}}],"line":59},"12":{"loc":{"start":{"line":59,"column":18},"end":{"line":59,"column":69}},"type":"binary-expr","locations":[{"start":{"line":59,"column":18},"end":{"line":59,"column":37}},{"start":{"line":59,"column":37},"end":{"line":59,"column":69}}],"line":59},"13":{"loc":{"start":{"line":60,"column":16},"end":{"line":60,"column":null}},"type":"cond-expr","locations":[{"start":{"line":60,"column":63},"end":{"line":60,"column":79}},{"start":{"line":60,"column":79},"end":{"line":60,"column":null}}],"line":60},"14":{"loc":{"start":{"line":60,"column":16},"end":{"line":60,"column":63}},"type":"binary-expr","locations":[{"start":{"line":60,"column":16},"end":{"line":60,"column":33}},{"start":{"line":60,"column":33},"end":{"line":60,"column":63}}],"line":60},"15":{"loc":{"start":{"line":76,"column":9},"end":{"line":77,"column":null}},"type":"binary-expr","locations":[{"start":{"line":76,"column":9},"end":{"line":76,"column":null}},{"start":{"line":77,"column":10},"end":{"line":77,"column":null}}],"line":76},"16":{"loc":{"start":{"line":108,"column":9},"end":{"line":109,"column":null}},"type":"binary-expr","locations":[{"start":{"line":108,"column":9},"end":{"line":108,"column":null}},{"start":{"line":109,"column":10},"end":{"line":109,"column":null}}],"line":108},"17":{"loc":{"start":{"line":130,"column":11},"end":{"line":131,"column":null}},"type":"binary-expr","locations":[{"start":{"line":130,"column":11},"end":{"line":130,"column":null}},{"start":{"line":131,"column":12},"end":{"line":131,"column":null}}],"line":130},"18":{"loc":{"start":{"line":150,"column":16},"end":{"line":150,"column":null}},"type":"if","locations":[{"start":{"line":150,"column":16},"end":{"line":150,"column":null}},{"start":{},"end":{}}],"line":150},"19":{"loc":{"start":{"line":150,"column":20},"end":{"line":150,"column":42}},"type":"binary-expr","locations":[{"start":{"line":150,"column":20},"end":{"line":150,"column":30}},{"start":{"line":150,"column":30},"end":{"line":150,"column":42}}],"line":150},"20":{"loc":{"start":{"line":152,"column":18},"end":{"line":153,"column":null}},"type":"binary-expr","locations":[{"start":{"line":152,"column":18},"end":{"line":152,"column":null}},{"start":{"line":153,"column":18},"end":{"line":153,"column":null}}],"line":152},"21":{"loc":{"start":{"line":158,"column":11},"end":{"line":159,"column":null}},"type":"binary-expr","locations":[{"start":{"line":158,"column":11},"end":{"line":158,"column":null}},{"start":{"line":159,"column":12},"end":{"line":159,"column":null}}],"line":158}},"s":{"0":53,"1":4,"2":49,"3":54,"4":54,"5":54,"6":54,"7":6,"8":6,"9":54,"10":9,"11":7,"12":2},"f":{"0":53,"1":54,"2":6,"3":9},"b":{"0":[4,49],"1":[2,2],"2":[10,39],"3":[54],"4":[54,41],"5":[54,47],"6":[54,51],"7":[54,51],"8":[54,51],"9":[6,4],"10":[6,4],"11":[1,5],"12":[6,1],"13":[1,5],"14":[6,1],"15":[54,1],"16":[54,1],"17":[54,0],"18":[7,2],"19":[9,2],"20":[2,1],"21":[54,1]},"meta":{"lastBranch":22,"lastFunction":4,"lastStatement":13,"seen":{"f:7:9:7:29":0,"b:8:2:10:Infinity:undefined:undefined:undefined:undefined":0,"s:8:2:10:Infinity":0,"s:9:4:9:Infinity":1,"b:9:24:9:38:9:38:9:Infinity":1,"s:11:2:11:Infinity":2,"b:11:22:11:39:11:39:11:Infinity":2,"f:29:24:29:36":1,"b:33:14:33:Infinity":3,"s:35:21:35:Infinity":3,"s:42:2:50:Infinity":4,"b:44:12:44:29:44:29:44:Infinity":4,"b:45:24:45:53:45:53:45:Infinity":5,"b:46:19:46:43:46:43:46:Infinity":6,"b:47:18:47:41:47:41:47:Infinity":7,"b:48:16:48:37:48:37:48:Infinity":8,"s:52:20:52:Infinity":5,"s:54:27:63:Infinity":6,"f:54:27:54:28":2,"s:55:35:61:Infinity":7,"b:57:24:57:49:57:49:57:Infinity":9,"b:58:19:58:39:58:39:58:Infinity":10,"b:59:69:59:87:59:87:59:Infinity":11,"b:59:18:59:37:59:37:59:69":12,"b:60:63:60:79:60:79:60:Infinity":13,"b:60:16:60:33:60:33:60:63":14,"s:62:4:62:Infinity":8,"s:65:2:182:Infinity":9,"b:76:9:76:Infinity:77:10:77:Infinity":15,"b:108:9:108:Infinity:109:10:109:Infinity":16,"b:130:11:130:Infinity:131:12:131:Infinity":17,"f:149:24:149:25":3,"b:150:16:150:Infinity:undefined:undefined:undefined:undefined":18,"s:150:16:150:Infinity":10,"b:150:20:150:30:150:30:150:42":19,"s:150:42:150:Infinity":11,"s:151:16:153:Infinity":12,"b:152:18:152:Infinity:153:18:153:Infinity":20,"b:158:11:158:Infinity:159:12:159:Infinity":21}}}
,"/Volumes/Work/Dev/project-score-card/frontend/src/components/ProjectDetail/ClientSurveyCard.tsx": {"path":"/Volumes/Work/Dev/project-score-card/frontend/src/components/ProjectDetail/ClientSurveyCard.tsx","statementMap":{"0":{"start":{"line":8,"column":23},"end":{"line":8,"column":null}},"1":{"start":{"line":10,"column":25},"end":{"line":19,"column":null}},"2":{"start":{"line":44,"column":21},"end":{"line":44,"column":null}},"3":{"start":{"line":46,"column":28},"end":{"line":50,"column":null}},"4":{"start":{"line":47,"column":19},"end":{"line":47,"column":null}},"5":{"start":{"line":48,"column":16},"end":{"line":48,"column":null}},"6":{"start":{"line":49,"column":4},"end":{"line":49,"column":null}},"7":{"start":{"line":52,"column":2},"end":{"line":143,"column":null}},"8":{"start":{"line":85,"column":8},"end":{"line":101,"column":null}},"9":{"start":{"line":87,"column":12},"end":{"line":99,"column":null}},"10":{"start":{"line":95,"column":37},"end":{"line":95,"column":null}},"11":{"start":{"line":95,"column":56},"end":{"line":95,"column":82}},"12":{"start":{"line":104,"column":8},"end":{"line":141,"column":null}},"13":{"start":{"line":115,"column":30},"end":{"line":115,"column":null}},"14":{"start":{"line":116,"column":16},"end":{"line":136,"column":null}}},"fnMap":{"0":{"name":"ClientSurveyCard","decl":{"start":{"line":34,"column":24},"end":{"line":34,"column":41}},"loc":{"start":{"line":43,"column":39},"end":{"line":145,"column":null}},"line":43},"1":{"name":"(anonymous_1)","decl":{"start":{"line":46,"column":28},"end":{"line":46,"column":29}},"loc":{"start":{"line":46,"column":82},"end":{"line":50,"column":null}},"line":46},"2":{"name":"(anonymous_2)","decl":{"start":{"line":84,"column":22},"end":{"line":84,"column":23}},"loc":{"start":{"line":85,"column":8},"end":{"line":101,"column":null}},"line":85},"3":{"name":"(anonymous_3)","decl":{"start":{"line":86,"column":32},"end":{"line":86,"column":33}},"loc":{"start":{"line":87,"column":12},"end":{"line":99,"column":null}},"line":87},"4":{"name":"(anonymous_4)","decl":{"start":{"line":95,"column":26},"end":{"line":95,"column":27}},"loc":{"start":{"line":95,"column":37},"end":{"line":95,"column":null}},"line":95},"5":{"name":"(anonymous_5)","decl":{"start":{"line":95,"column":45},"end":{"line":95,"column":46}},"loc":{"start":{"line":95,"column":56},"end":{"line":95,"column":82}},"line":95},"6":{"name":"(anonymous_6)","decl":{"start":{"line":103,"column":21},"end":{"line":103,"column":22}},"loc":{"start":{"line":104,"column":8},"end":{"line":141,"column":null}},"line":104},"7":{"name":"(anonymous_7)","decl":{"start":{"line":114,"column":36},"end":{"line":114,"column":37}},"loc":{"start":{"line":114,"column":61},"end":{"line":138,"column":15}},"line":114}},"branchMap":{"0":{"loc":{"start":{"line":48,"column":16},"end":{"line":48,"column":null}},"type":"cond-expr","locations":[{"start":{"line":48,"column":34},"end":{"line":48,"column":61}},{"start":{"line":48,"column":61},"end":{"line":48,"column":null}}],"line":48},"1":{"loc":{"start":{"line":58,"column":8},"end":{"line":60,"column":null}},"type":"cond-expr","locations":[{"start":{"line":59,"column":12},"end":{"line":59,"column":null}},{"start":{"line":60,"column":12},"end":{"line":60,"column":null}}],"line":58},"2":{"loc":{"start":{"line":74,"column":23},"end":{"line":74,"column":null}},"type":"cond-expr","locations":[{"start":{"line":74,"column":30},"end":{"line":74,"column":54}},{"start":{"line":74,"column":54},"end":{"line":74,"column":null}}],"line":74},"3":{"loc":{"start":{"line":112,"column":11},"end":{"line":139,"column":null}},"type":"binary-expr","locations":[{"start":{"line":112,"column":11},"end":{"line":112,"column":null}},{"start":{"line":113,"column":12},"end":{"line":139,"column":null}}],"line":112},"4":{"loc":{"start":{"line":121,"column":24},"end":{"line":131,"column":null}},"type":"cond-expr","locations":[{"start":{"line":122,"column":28},"end":{"line":122,"column":null}},{"start":{"line":123,"column":28},"end":{"line":131,"column":null}}],"line":121},"5":{"loc":{"start":{"line":123,"column":28},"end":{"line":131,"column":null}},"type":"cond-expr","locations":[{"start":{"line":124,"column":28},"end":{"line":124,"column":null}},{"start":{"line":125,"column":28},"end":{"line":131,"column":null}}],"line":123},"6":{"loc":{"start":{"line":125,"column":28},"end":{"line":131,"column":null}},"type":"cond-expr","locations":[{"start":{"line":126,"column":28},"end":{"line":126,"column":null}},{"start":{"line":127,"column":28},"end":{"line":131,"column":null}}],"line":125},"7":{"loc":{"start":{"line":127,"column":28},"end":{"line":131,"column":null}},"type":"cond-expr","locations":[{"start":{"line":128,"column":28},"end":{"line":128,"column":null}},{"start":{"line":129,"column":28},"end":{"line":131,"column":null}}],"line":127},"8":{"loc":{"start":{"line":129,"column":28},"end":{"line":131,"column":null}},"type":"cond-expr","locations":[{"start":{"line":130,"column":28},"end":{"line":130,"column":null}},{"start":{"line":131,"column":28},"end":{"line":131,"column":null}}],"line":129},"9":{"loc":{"start":{"line":134,"column":23},"end":{"line":134,"column":null}},"type":"binary-expr","locations":[{"start":{"line":134,"column":23},"end":{"line":134,"column":32}},{"start":{"line":134,"column":32},"end":{"line":134,"column":null}}],"line":134}},"s":{"0":1,"1":1,"2":8,"3":8,"4":16,"5":16,"6":16,"7":8,"8":0,"9":0,"10":0,"11":0,"12":8,"13":24,"14":24},"f":{"0":8,"1":16,"2":0,"3":0,"4":0,"5":0,"6":8,"7":24},"b":{"0":[0,16],"1":[0,8],"2":[3,5],"3":[8,3],"4":[6,18],"5":[0,18],"6":[0,18],"7":[0,18],"8":[0,18],"9":[24,18]},"meta":{"lastBranch":10,"lastFunction":8,"lastStatement":15,"seen":{"s:8:23:8:Infinity":0,"s:10:25:19:Infinity":1,"f:34:24:34:41":0,"s:44:21:44:Infinity":2,"s:46:28:50:Infinity":3,"f:46:28:46:29":1,"s:47:19:47:Infinity":4,"s:48:16:48:Infinity":5,"b:48:34:48:61:48:61:48:Infinity":0,"s:49:4:49:Infinity":6,"s:52:2:143:Infinity":7,"b:59:12:59:Infinity:60:12:60:Infinity":1,"b:74:30:74:54:74:54:74:Infinity":2,"f:84:22:84:23":2,"s:85:8:101:Infinity":8,"f:86:32:86:33":3,"s:87:12:99:Infinity":9,"f:95:26:95:27":4,"s:95:37:95:Infinity":10,"f:95:45:95:46":5,"s:95:56:95:82":11,"f:103:21:103:22":6,"s:104:8:141:Infinity":12,"b:112:11:112:Infinity:113:12:139:Infinity":3,"f:114:36:114:37":7,"s:115:30:115:Infinity":13,"s:116:16:136:Infinity":14,"b:122:28:122:Infinity:123:28:131:Infinity":4,"b:124:28:124:Infinity:125:28:131:Infinity":5,"b:126:28:126:Infinity:127:28:131:Infinity":6,"b:128:28:128:Infinity:129:28:131:Infinity":7,"b:130:28:130:Infinity:131:28:131:Infinity":8,"b:134:23:134:32:134:32:134:Infinity":9}}}
,"/Volumes/Work/Dev/project-score-card/frontend/src/components/ProjectDetail/EditableMetricCard.tsx": {"path":"/Volumes/Work/Dev/project-score-card/frontend/src/components/ProjectDetail/EditableMetricCard.tsx","statementMap":{"0":{"start":{"line":68,"column":32},"end":{"line":68,"column":null}},"1":{"start":{"line":69,"column":22},"end":{"line":69,"column":null}},"2":{"start":{"line":70,"column":32},"end":{"line":70,"column":null}},"3":{"start":{"line":71,"column":32},"end":{"line":71,"column":null}},"4":{"start":{"line":72,"column":30},"end":{"line":72,"column":null}},"5":{"start":{"line":74,"column":28},"end":{"line":74,"column":null}},"6":{"start":{"line":75,"column":22},"end":{"line":75,"column":null}},"7":{"start":{"line":77,"column":26},"end":{"line":80,"column":null}},"8":{"start":{"line":78,"column":4},"end":{"line":78,"column":null}},"9":{"start":{"line":79,"column":4},"end":{"line":79,"column":null}},"10":{"start":{"line":82,"column":21},"end":{"line":85,"column":null}},"11":{"start":{"line":83,"column":4},"end":{"line":83,"column":null}},"12":{"start":{"line":84,"column":4},"end":{"line":84,"column":null}},"13":{"start":{"line":87,"column":23},"end":{"line":90,"column":null}},"14":{"start":{"line":88,"column":4},"end":{"line":88,"column":null}},"15":{"start":{"line":89,"column":4},"end":{"line":89,"column":null}},"16":{"start":{"line":92,"column":18},"end":{"line":92,"column":null}},"17":{"start":{"line":93,"column":22},"end":{"line":93,"column":null}},"18":{"start":{"line":95,"column":22},"end":{"line":175,"column":null}},"19":{"start":{"line":96,"column":19},"end":{"line":96,"column":null}},"20":{"start":{"line":96,"column":38},"end":{"line":96,"column":45}},"21":{"start":{"line":96,"column":74},"end":{"line":96,"column":84}},"22":{"start":{"line":97,"column":20},"end":{"line":97,"column":null}},"23":{"start":{"line":98,"column":20},"end":{"line":98,"column":null}},"24":{"start":{"line":99,"column":22},"end":{"line":99,"column":null}},"25":{"start":{"line":100,"column":10},"end":{"line":100,"column":null}},"26":{"start":{"line":101,"column":17},"end":{"line":101,"column":null}},"27":{"start":{"line":102,"column":17},"end":{"line":102,"column":null}},"28":{"start":{"line":103,"column":22},"end":{"line":103,"column":null}},"29":{"start":{"line":104,"column":22},"end":{"line":104,"column":null}},"30":{"start":{"line":106,"column":27},"end":{"line":116,"column":null}},"31":{"start":{"line":120,"column":26},"end":{"line":132,"column":null}},"32":{"start":{"line":135,"column":27},"end":{"line":150,"column":null}},"33":{"start":{"line":136,"column":34},"end":{"line":136,"column":null}},"34":{"start":{"line":137,"column":6},"end":{"line":148,"column":null}},"35":{"start":{"line":138,"column":22},"end":{"line":138,"column":null}},"36":{"start":{"line":139,"column":22},"end":{"line":139,"column":null}},"37":{"start":{"line":140,"column":8},"end":{"line":146,"column":null}},"38":{"start":{"line":149,"column":6},"end":{"line":149,"column":null}},"39":{"start":{"line":152,"column":4},"end":{"line":173,"column":null}},"40":{"start":{"line":158,"column":141},"end":{"line":158,"column":160}},"41":{"start":{"line":167,"column":141},"end":{"line":167,"column":160}},"42":{"start":{"line":177,"column":2},"end":{"line":342,"column":null}},"43":{"start":{"line":209,"column":26},"end":{"line":214,"column":null}},"44":{"start":{"line":210,"column":28},"end":{"line":210,"column":null}},"45":{"start":{"line":212,"column":28},"end":{"line":212,"column":null}},"46":{"start":{"line":213,"column":28},"end":{"line":213,"column":null}},"47":{"start":{"line":236,"column":26},"end":{"line":241,"column":null}},"48":{"start":{"line":237,"column":28},"end":{"line":237,"column":null}},"49":{"start":{"line":239,"column":28},"end":{"line":239,"column":null}},"50":{"start":{"line":240,"column":28},"end":{"line":240,"column":null}},"51":{"start":{"line":263,"column":41},"end":{"line":263,"column":null}}},"fnMap":{"0":{"name":"EditableMetricCard","decl":{"start":{"line":47,"column":24},"end":{"line":47,"column":46}},"loc":{"start":{"line":67,"column":44},"end":{"line":344,"column":null}},"line":67},"1":{"name":"(anonymous_1)","decl":{"start":{"line":77,"column":26},"end":{"line":77,"column":38}},"loc":{"start":{"line":77,"column":38},"end":{"line":80,"column":null}},"line":77},"2":{"name":"(anonymous_2)","decl":{"start":{"line":82,"column":21},"end":{"line":82,"column":48}},"loc":{"start":{"line":82,"column":48},"end":{"line":85,"column":null}},"line":82},"3":{"name":"(anonymous_3)","decl":{"start":{"line":87,"column":23},"end":{"line":87,"column":35}},"loc":{"start":{"line":87,"column":35},"end":{"line":90,"column":null}},"line":87},"4":{"name":"(anonymous_4)","decl":{"start":{"line":95,"column":22},"end":{"line":95,"column":23}},"loc":{"start":{"line":95,"column":76},"end":{"line":175,"column":null}},"line":95},"5":{"name":"(anonymous_5)","decl":{"start":{"line":96,"column":33},"end":{"line":96,"column":38}},"loc":{"start":{"line":96,"column":38},"end":{"line":96,"column":45}},"line":96},"6":{"name":"(anonymous_6)","decl":{"start":{"line":96,"column":54},"end":{"line":96,"column":55}},"loc":{"start":{"line":96,"column":74},"end":{"line":96,"column":84}},"line":96},"7":{"name":"(anonymous_7)","decl":{"start":{"line":135,"column":27},"end":{"line":135,"column":28}},"loc":{"start":{"line":135,"column":128},"end":{"line":150,"column":null}},"line":135},"8":{"name":"(anonymous_8)","decl":{"start":{"line":158,"column":134},"end":{"line":158,"column":135}},"loc":{"start":{"line":158,"column":141},"end":{"line":158,"column":160}},"line":158},"9":{"name":"(anonymous_9)","decl":{"start":{"line":167,"column":134},"end":{"line":167,"column":135}},"loc":{"start":{"line":167,"column":141},"end":{"line":167,"column":160}},"line":167},"10":{"name":"(anonymous_10)","decl":{"start":{"line":208,"column":33},"end":{"line":208,"column":39}},"loc":{"start":{"line":208,"column":39},"end":{"line":215,"column":null}},"line":208},"11":{"name":"(anonymous_11)","decl":{"start":{"line":235,"column":33},"end":{"line":235,"column":39}},"loc":{"start":{"line":235,"column":39},"end":{"line":242,"column":null}},"line":235},"12":{"name":"(anonymous_12)","decl":{"start":{"line":263,"column":35},"end":{"line":263,"column":41}},"loc":{"start":{"line":263,"column":41},"end":{"line":263,"column":null}},"line":263}},"branchMap":{"0":{"loc":{"start":{"line":60,"column":2},"end":{"line":60,"column":null}},"type":"default-arg","locations":[{"start":{"line":60,"column":13},"end":{"line":60,"column":null}}],"line":60},"1":{"loc":{"start":{"line":63,"column":2},"end":{"line":63,"column":null}},"type":"default-arg","locations":[{"start":{"line":63,"column":20},"end":{"line":63,"column":null}}],"line":63},"2":{"loc":{"start":{"line":64,"column":2},"end":{"line":64,"column":null}},"type":"default-arg","locations":[{"start":{"line":64,"column":15},"end":{"line":64,"column":null}}],"line":64},"3":{"loc":{"start":{"line":65,"column":2},"end":{"line":65,"column":null}},"type":"default-arg","locations":[{"start":{"line":65,"column":18},"end":{"line":65,"column":null}}],"line":65},"4":{"loc":{"start":{"line":74,"column":28},"end":{"line":74,"column":null}},"type":"binary-expr","locations":[{"start":{"line":74,"column":28},"end":{"line":74,"column":46}},{"start":{"line":74,"column":46},"end":{"line":74,"column":null}}],"line":74},"5":{"loc":{"start":{"line":78,"column":12},"end":{"line":78,"column":36}},"type":"binary-expr","locations":[{"start":{"line":78,"column":12},"end":{"line":78,"column":20}},{"start":{"line":78,"column":20},"end":{"line":78,"column":36}}],"line":78},"6":{"loc":{"start":{"line":89,"column":12},"end":{"line":89,"column":36}},"type":"binary-expr","locations":[{"start":{"line":89,"column":12},"end":{"line":89,"column":20}},{"start":{"line":89,"column":20},"end":{"line":89,"column":36}}],"line":89},"7":{"loc":{"start":{"line":92,"column":18},"end":{"line":92,"column":null}},"type":"binary-expr","locations":[{"start":{"line":92,"column":18},"end":{"line":92,"column":35}},{"start":{"line":92,"column":35},"end":{"line":92,"column":null}}],"line":92},"8":{"loc":{"start":{"line":93,"column":22},"end":{"line":93,"column":null}},"type":"binary-expr","locations":[{"start":{"line":93,"column":22},"end":{"line":93,"column":42}},{"start":{"line":93,"column":42},"end":{"line":93,"column":null}}],"line":93},"9":{"loc":{"start":{"line":93,"column":42},"end":{"line":93,"column":null}},"type":"cond-expr","locations":[{"start":{"line":93,"column":52},"end":{"line":93,"column":61}},{"start":{"line":93,"column":61},"end":{"line":93,"column":null}}],"line":93},"10":{"loc":{"start":{"line":97,"column":20},"end":{"line":97,"column":null}},"type":"cond-expr","locations":[{"start":{"line":97,"column":40},"end":{"line":97,"column":62}},{"start":{"line":97,"column":62},"end":{"line":97,"column":null}}],"line":97},"11":{"loc":{"start":{"line":98,"column":20},"end":{"line":98,"column":null}},"type":"cond-expr","locations":[{"start":{"line":98,"column":40},"end":{"line":98,"column":62}},{"start":{"line":98,"column":62},"end":{"line":98,"column":null}}],"line":98},"12":{"loc":{"start":{"line":99,"column":22},"end":{"line":99,"column":null}},"type":"binary-expr","locations":[{"start":{"line":99,"column":22},"end":{"line":99,"column":33}},{"start":{"line":99,"column":33},"end":{"line":99,"column":null}}],"line":99},"13":{"loc":{"start":{"line":99,"column":33},"end":{"line":99,"column":null}},"type":"cond-expr","locations":[{"start":{"line":99,"column":49},"end":{"line":99,"column":59}},{"start":{"line":99,"column":59},"end":{"line":99,"column":null}}],"line":99},"14":{"loc":{"start":{"line":100,"column":10},"end":{"line":100,"column":null}},"type":"binary-expr","locations":[{"start":{"line":100,"column":10},"end":{"line":100,"column":49}},{"start":{"line":100,"column":49},"end":{"line":100,"column":null}}],"line":100},"15":{"loc":{"start":{"line":106,"column":27},"end":{"line":116,"column":null}},"type":"binary-expr","locations":[{"start":{"line":106,"column":27},"end":{"line":106,"column":46}},{"start":{"line":106,"column":46},"end":{"line":106,"column":null}},{"start":{"line":107,"column":6},"end":{"line":116,"column":null}}],"line":106},"16":{"loc":{"start":{"line":107,"column":6},"end":{"line":116,"column":null}},"type":"cond-expr","locations":[{"start":{"line":108,"column":8},"end":{"line":111,"column":null}},{"start":{"line":113,"column":8},"end":{"line":116,"column":null}}],"line":107},"17":{"loc":{"start":{"line":120,"column":26},"end":{"line":132,"column":null}},"type":"binary-expr","locations":[{"start":{"line":120,"column":26},"end":{"line":120,"column":45}},{"start":{"line":120,"column":45},"end":{"line":120,"column":null}},{"start":{"line":121,"column":6},"end":{"line":132,"column":null}}],"line":120},"18":{"loc":{"start":{"line":137,"column":6},"end":{"line":148,"column":null}},"type":"if","locations":[{"start":{"line":137,"column":6},"end":{"line":148,"column":null}},{"start":{},"end":{}}],"line":137},"19":{"loc":{"start":{"line":137,"column":10},"end":{"line":137,"column":69}},"type":"binary-expr","locations":[{"start":{"line":137,"column":10},"end":{"line":137,"column":20}},{"start":{"line":137,"column":20},"end":{"line":137,"column":31}},{"start":{"line":137,"column":31},"end":{"line":137,"column":49}},{"start":{"line":137,"column":49},"end":{"line":137,"column":69}}],"line":137},"20":{"loc":{"start":{"line":154,"column":9},"end":{"line":171,"column":null}},"type":"cond-expr","locations":[{"start":{"line":155,"column":10},"end":{"line":162,"column":null}},{"start":{"line":164,"column":10},"end":{"line":171,"column":null}}],"line":154},"21":{"loc":{"start":{"line":178,"column":24},"end":{"line":178,"column":48}},"type":"binary-expr","locations":[{"start":{"line":178,"column":24},"end":{"line":178,"column":36}},{"start":{"line":178,"column":36},"end":{"line":178,"column":48}}],"line":178},"22":{"loc":{"start":{"line":183,"column":15},"end":{"line":195,"column":null}},"type":"binary-expr","locations":[{"start":{"line":183,"column":15},"end":{"line":183,"column":null}},{"start":{"line":184,"column":16},"end":{"line":195,"column":null}}],"line":183},"23":{"loc":{"start":{"line":202,"column":13},"end":{"line":280,"column":null}},"type":"binary-expr","locations":[{"start":{"line":202,"column":13},"end":{"line":202,"column":null}},{"start":{"line":203,"column":14},"end":{"line":280,"column":null}}],"line":202},"24":{"loc":{"start":{"line":209,"column":26},"end":{"line":214,"column":null}},"type":"if","locations":[{"start":{"line":209,"column":26},"end":{"line":214,"column":null}},{"start":{"line":211,"column":33},"end":{"line":214,"column":null}}],"line":209},"25":{"loc":{"start":{"line":209,"column":30},"end":{"line":209,"column":65}},"type":"binary-expr","locations":[{"start":{"line":209,"column":30},"end":{"line":209,"column":43}},{"start":{"line":209,"column":43},"end":{"line":209,"column":65}}],"line":209},"26":{"loc":{"start":{"line":218,"column":26},"end":{"line":220,"column":null}},"type":"cond-expr","locations":[{"start":{"line":219,"column":30},"end":{"line":219,"column":null}},{"start":{"line":220,"column":30},"end":{"line":220,"column":null}}],"line":218},"27":{"loc":{"start":{"line":218,"column":26},"end":{"line":218,"column":null}},"type":"binary-expr","locations":[{"start":{"line":218,"column":26},"end":{"line":218,"column":39}},{"start":{"line":218,"column":39},"end":{"line":218,"column":null}}],"line":218},"28":{"loc":{"start":{"line":236,"column":26},"end":{"line":241,"column":null}},"type":"if","locations":[{"start":{"line":236,"column":26},"end":{"line":241,"column":null}},{"start":{"line":238,"column":33},"end":{"line":241,"column":null}}],"line":236},"29":{"loc":{"start":{"line":236,"column":30},"end":{"line":236,"column":64}},"type":"binary-expr","locations":[{"start":{"line":236,"column":30},"end":{"line":236,"column":43}},{"start":{"line":236,"column":43},"end":{"line":236,"column":64}}],"line":236},"30":{"loc":{"start":{"line":245,"column":26},"end":{"line":247,"column":null}},"type":"cond-expr","locations":[{"start":{"line":246,"column":30},"end":{"line":246,"column":null}},{"start":{"line":247,"column":30},"end":{"line":247,"column":null}}],"line":245},"31":{"loc":{"start":{"line":245,"column":26},"end":{"line":245,"column":null}},"type":"binary-expr","locations":[{"start":{"line":245,"column":26},"end":{"line":245,"column":39}},{"start":{"line":245,"column":39},"end":{"line":245,"column":null}}],"line":245},"32":{"loc":{"start":{"line":258,"column":17},"end":{"line":278,"column":null}},"type":"binary-expr","locations":[{"start":{"line":258,"column":17},"end":{"line":258,"column":null}},{"start":{"line":259,"column":18},"end":{"line":278,"column":null}}],"line":258},"33":{"loc":{"start":{"line":266,"column":28},"end":{"line":268,"column":null}},"type":"cond-expr","locations":[{"start":{"line":267,"column":32},"end":{"line":267,"column":null}},{"start":{"line":268,"column":32},"end":{"line":268,"column":null}}],"line":266},"34":{"loc":{"start":{"line":271,"column":27},"end":{"line":271,"column":null}},"type":"cond-expr","locations":[{"start":{"line":271,"column":38},"end":{"line":271,"column":74}},{"start":{"line":271,"column":74},"end":{"line":271,"column":null}}],"line":271},"35":{"loc":{"start":{"line":275,"column":48},"end":{"line":275,"column":81}},"type":"cond-expr","locations":[{"start":{"line":275,"column":59},"end":{"line":275,"column":72}},{"start":{"line":275,"column":72},"end":{"line":275,"column":81}}],"line":275},"36":{"loc":{"start":{"line":296,"column":9},"end":{"line":328,"column":null}},"type":"cond-expr","locations":[{"start":{"line":297,"column":10},"end":{"line":297,"column":null}},{"start":{"line":299,"column":10},"end":{"line":328,"column":null}}],"line":296},"37":{"loc":{"start":{"line":296,"column":9},"end":{"line":296,"column":null}},"type":"binary-expr","locations":[{"start":{"line":296,"column":9},"end":{"line":296,"column":21}},{"start":{"line":296,"column":21},"end":{"line":296,"column":null}}],"line":296},"38":{"loc":{"start":{"line":300,"column":13},"end":{"line":303,"column":null}},"type":"binary-expr","locations":[{"start":{"line":300,"column":13},"end":{"line":300,"column":26}},{"start":{"line":300,"column":26},"end":{"line":300,"column":47}},{"start":{"line":300,"column":47},"end":{"line":300,"column":null}},{"start":{"line":301,"column":14},"end":{"line":303,"column":null}}],"line":300},"39":{"loc":{"start":{"line":306,"column":15},"end":{"line":319,"column":null}},"type":"cond-expr","locations":[{"start":{"line":307,"column":16},"end":{"line":317,"column":null}},{"start":{"line":319,"column":16},"end":{"line":319,"column":null}}],"line":306},"40":{"loc":{"start":{"line":311,"column":23},"end":{"line":311,"column":null}},"type":"cond-expr","locations":[{"start":{"line":311,"column":35},"end":{"line":311,"column":49}},{"start":{"line":311,"column":49},"end":{"line":311,"column":null}}],"line":311},"41":{"loc":{"start":{"line":322,"column":13},"end":{"line":326,"column":null}},"type":"binary-expr","locations":[{"start":{"line":322,"column":13},"end":{"line":322,"column":null}},{"start":{"line":323,"column":14},"end":{"line":326,"column":null}}],"line":322},"42":{"loc":{"start":{"line":338,"column":13},"end":{"line":338,"column":null}},"type":"binary-expr","locations":[{"start":{"line":338,"column":13},"end":{"line":338,"column":31}},{"start":{"line":338,"column":31},"end":{"line":338,"column":null}}],"line":338}},"s":{"0":14,"1":14,"2":14,"3":14,"4":14,"5":14,"6":14,"7":14,"8":0,"9":0,"10":14,"11":0,"12":0,"13":14,"14":0,"15":0,"16":14,"17":14,"18":14,"19":0,"20":0,"21":0,"22":0,"23":0,"24":0,"25":0,"26":0,"27":0,"28":0,"29":0,"30":0,"31":0,"32":0,"33":0,"34":0,"35":0,"36":0,"37":0,"38":0,"39":0,"40":0,"41":0,"42":14,"43":0,"44":0,"45":0,"46":0,"47":0,"48":0,"49":0,"50":0,"51":0},"f":{"0":14,"1":0,"2":0,"3":0,"4":0,"5":0,"6":0,"7":0,"8":0,"9":0,"10":0,"11":0,"12":0},"b":{"0":[14],"1":[14],"2":[14],"3":[14],"4":[14,0],"5":[0,0],"6":[0,0],"7":[14,9],"8":[14,0],"9":[0,0],"10":[0,0],"11":[0,0],"12":[0,0],"13":[0,0],"14":[0,0],"15":[0,0,0],"16":[0,0],"17":[0,0,0],"18":[0,0],"19":[0,0,0,0],"20":[0,0],"21":[14,0],"22":[14,14],"23":[14,0],"24":[0,0],"25":[0,0],"26":[0,0],"27":[0,0],"28":[0,0],"29":[0,0],"30":[0,0],"31":[0,0],"32":[0,0],"33":[0,0],"34":[0,0],"35":[0,0],"36":[0,14],"37":[14,0],"38":[14,0,0,0],"39":[0,14],"40":[0,0],"41":[14,14],"42":[14,0]},"meta":{"lastBranch":43,"lastFunction":13,"lastStatement":52,"seen":{"f:47:24:47:46":0,"b:60:13:60:Infinity":0,"b:63:20:63:Infinity":1,"b:64:15:64:Infinity":2,"b:65:18:65:Infinity":3,"s:68:32:68:Infinity":0,"s:69:22:69:Infinity":1,"s:70:32:70:Infinity":2,"s:71:32:71:Infinity":3,"s:72:30:72:Infinity":4,"s:74:28:74:Infinity":5,"b:74:28:74:46:74:46:74:Infinity":4,"s:75:22:75:Infinity":6,"s:77:26:80:Infinity":7,"f:77:26:77:38":1,"s:78:4:78:Infinity":8,"b:78:12:78:20:78:20:78:36":5,"s:79:4:79:Infinity":9,"s:82:21:85:Infinity":10,"f:82:21:82:48":2,"s:83:4:83:Infinity":11,"s:84:4:84:Infinity":12,"s:87:23:90:Infinity":13,"f:87:23:87:35":3,"s:88:4:88:Infinity":14,"s:89:4:89:Infinity":15,"b:89:12:89:20:89:20:89:36":6,"s:92:18:92:Infinity":16,"b:92:18:92:35:92:35:92:Infinity":7,"s:93:22:93:Infinity":17,"b:93:22:93:42:93:42:93:Infinity":8,"b:93:52:93:61:93:61:93:Infinity":9,"s:95:22:175:Infinity":18,"f:95:22:95:23":4,"s:96:19:96:Infinity":19,"f:96:33:96:38":5,"s:96:38:96:45":20,"f:96:54:96:55":6,"s:96:74:96:84":21,"s:97:20:97:Infinity":22,"b:97:40:97:62:97:62:97:Infinity":10,"s:98:20:98:Infinity":23,"b:98:40:98:62:98:62:98:Infinity":11,"s:99:22:99:Infinity":24,"b:99:22:99:33:99:33:99:Infinity":12,"b:99:49:99:59:99:59:99:Infinity":13,"s:100:10:100:Infinity":25,"b:100:10:100:49:100:49:100:Infinity":14,"s:101:17:101:Infinity":26,"s:102:17:102:Infinity":27,"s:103:22:103:Infinity":28,"s:104:22:104:Infinity":29,"s:106:27:116:Infinity":30,"b:106:27:106:46:106:46:106:Infinity:107:6:116:Infinity":15,"b:108:8:111:Infinity:113:8:116:Infinity":16,"s:120:26:132:Infinity":31,"b:120:26:120:45:120:45:120:Infinity:121:6:132:Infinity":17,"s:135:27:150:Infinity":32,"f:135:27:135:28":7,"s:136:34:136:Infinity":33,"b:137:6:148:Infinity:undefined:undefined:undefined:undefined":18,"s:137:6:148:Infinity":34,"b:137:10:137:20:137:20:137:31:137:31:137:49:137:49:137:69":19,"s:138:22:138:Infinity":35,"s:139:22:139:Infinity":36,"s:140:8:146:Infinity":37,"s:149:6:149:Infinity":38,"s:152:4:173:Infinity":39,"b:155:10:162:Infinity:164:10:171:Infinity":20,"f:158:134:158:135":8,"s:158:141:158:160":40,"f:167:134:167:135":9,"s:167:141:167:160":41,"s:177:2:342:Infinity":42,"b:178:24:178:36:178:36:178:48":21,"b:183:15:183:Infinity:184:16:195:Infinity":22,"b:202:13:202:Infinity:203:14:280:Infinity":23,"f:208:33:208:39":10,"b:209:26:214:Infinity:211:33:214:Infinity":24,"s:209:26:214:Infinity":43,"b:209:30:209:43:209:43:209:65":25,"s:210:28:210:Infinity":44,"s:212:28:212:Infinity":45,"s:213:28:213:Infinity":46,"b:219:30:219:Infinity:220:30:220:Infinity":26,"b:218:26:218:39:218:39:218:Infinity":27,"f:235:33:235:39":11,"b:236:26:241:Infinity:238:33:241:Infinity":28,"s:236:26:241:Infinity":47,"b:236:30:236:43:236:43:236:64":29,"s:237:28:237:Infinity":48,"s:239:28:239:Infinity":49,"s:240:28:240:Infinity":50,"b:246:30:246:Infinity:247:30:247:Infinity":30,"b:245:26:245:39:245:39:245:Infinity":31,"b:258:17:258:Infinity:259:18:278:Infinity":32,"f:263:35:263:41":12,"s:263:41:263:Infinity":51,"b:267:32:267:Infinity:268:32:268:Infinity":33,"b:271:38:271:74:271:74:271:Infinity":34,"b:275:59:275:72:275:72:275:81":35,"b:297:10:297:Infinity:299:10:328:Infinity":36,"b:296:9:296:21:296:21:296:Infinity":37,"b:300:13:300:26:300:26:300:47:300:47:300:Infinity:301:14:303:Infinity":38,"b:307:16:317:Infinity:319:16:319:Infinity":39,"b:311:35:311:49:311:49:311:Infinity":40,"b:322:13:322:Infinity:323:14:326:Infinity":41,"b:338:13:338:31:338:31:338:Infinity":42}}}
,"/Volumes/Work/Dev/project-score-card/frontend/src/components/ProjectDetail/GovernanceCard.tsx": {"path":"/Volumes/Work/Dev/project-score-card/frontend/src/components/ProjectDetail/GovernanceCard.tsx","statementMap":{"0":{"start":{"line":20,"column":2},"end":{"line":74,"column":null}},"1":{"start":{"line":33,"column":8},"end":{"line":45,"column":null}},"2":{"start":{"line":41,"column":29},"end":{"line":41,"column":null}},"3":{"start":{"line":48,"column":8},"end":{"line":72,"column":null}}},"fnMap":{"0":{"name":"GovernanceCard","decl":{"start":{"line":13,"column":24},"end":{"line":13,"column":39}},"loc":{"start":{"line":19,"column":37},"end":{"line":76,"column":null}},"line":19},"1":{"name":"(anonymous_1)","decl":{"start":{"line":32,"column":22},"end":{"line":32,"column":23}},"loc":{"start":{"line":33,"column":8},"end":{"line":45,"column":null}},"line":33},"2":{"name":"(anonymous_2)","decl":{"start":{"line":41,"column":22},"end":{"line":41,"column":23}},"loc":{"start":{"line":41,"column":29},"end":{"line":41,"column":null}},"line":41},"3":{"name":"(anonymous_3)","decl":{"start":{"line":47,"column":21},"end":{"line":47,"column":22}},"loc":{"start":{"line":48,"column":8},"end":{"line":72,"column":null}},"line":48}},"branchMap":{"0":{"loc":{"start":{"line":31,"column":23},"end":{"line":31,"column":null}},"type":"cond-expr","locations":[{"start":{"line":31,"column":63},"end":{"line":31,"column":83}},{"start":{"line":31,"column":83},"end":{"line":31,"column":null}}],"line":31},"1":{"loc":{"start":{"line":31,"column":23},"end":{"line":31,"column":63}},"type":"binary-expr","locations":[{"start":{"line":31,"column":23},"end":{"line":31,"column":46}},{"start":{"line":31,"column":46},"end":{"line":31,"column":63}}],"line":31},"2":{"loc":{"start":{"line":41,"column":37},"end":{"line":41,"column":66}},"type":"binary-expr","locations":[{"start":{"line":41,"column":37},"end":{"line":41,"column":65}},{"start":{"line":41,"column":65},"end":{"line":41,"column":66}}],"line":41},"3":{"loc":{"start":{"line":54,"column":16},"end":{"line":60,"column":null}},"type":"cond-expr","locations":[{"start":{"line":55,"column":20},"end":{"line":55,"column":null}},{"start":{"line":56,"column":20},"end":{"line":60,"column":null}}],"line":54},"4":{"loc":{"start":{"line":54,"column":16},"end":{"line":54,"column":null}},"type":"binary-expr","locations":[{"start":{"line":54,"column":16},"end":{"line":54,"column":38}},{"start":{"line":54,"column":38},"end":{"line":54,"column":55}},{"start":{"line":54,"column":55},"end":{"line":54,"column":null}}],"line":54},"5":{"loc":{"start":{"line":56,"column":20},"end":{"line":60,"column":null}},"type":"cond-expr","locations":[{"start":{"line":57,"column":20},"end":{"line":57,"column":null}},{"start":{"line":58,"column":20},"end":{"line":60,"column":null}}],"line":56},"6":{"loc":{"start":{"line":58,"column":20},"end":{"line":60,"column":null}},"type":"cond-expr","locations":[{"start":{"line":59,"column":20},"end":{"line":59,"column":null}},{"start":{"line":60,"column":20},"end":{"line":60,"column":null}}],"line":58},"7":{"loc":{"start":{"line":63,"column":15},"end":{"line":63,"column":null}},"type":"binary-expr","locations":[{"start":{"line":63,"column":15},"end":{"line":63,"column":23}},{"start":{"line":63,"column":23},"end":{"line":63,"column":null}}],"line":63}},"s":{"0":6,"1":0,"2":0,"3":6},"f":{"0":6,"1":0,"2":0,"3":6},"b":{"0":[6,0],"1":[6,6],"2":[0,0],"3":[0,6],"4":[6,6,6],"5":[3,3],"6":[1,2],"7":[6,0]},"meta":{"lastBranch":8,"lastFunction":4,"lastStatement":4,"seen":{"f:13:24:13:39":0,"s:20:2:74:Infinity":0,"b:31:63:31:83:31:83:31:Infinity":0,"b:31:23:31:46:31:46:31:63":1,"f:32:22:32:23":1,"s:33:8:45:Infinity":1,"f:41:22:41:23":2,"s:41:29:41:Infinity":2,"b:41:37:41:65:41:65:41:66":2,"f:47:21:47:22":3,"s:48:8:72:Infinity":3,"b:55:20:55:Infinity:56:20:60:Infinity":3,"b:54:16:54:38:54:38:54:55:54:55:54:Infinity":4,"b:57:20:57:Infinity:58:20:60:Infinity":5,"b:59:20:59:Infinity:60:20:60:Infinity":6,"b:63:15:63:23:63:23:63:Infinity":7}}}
,"/Volumes/Work/Dev/project-score-card/frontend/src/components/ProjectDetail/IndicatorDisplay.tsx": {"path":"/Volumes/Work/Dev/project-score-card/frontend/src/components/ProjectDetail/IndicatorDisplay.tsx","statementMap":{"0":{"start":{"line":12,"column":53},"end":{"line":16,"column":null}},"1":{"start":{"line":22,"column":2},"end":{"line":24,"column":null}},"2":{"start":{"line":23,"column":4},"end":{"line":23,"column":null}},"3":{"start":{"line":25,"column":2},"end":{"line":27,"column":null}},"4":{"start":{"line":26,"column":4},"end":{"line":26,"column":null}},"5":{"start":{"line":28,"column":2},"end":{"line":30,"column":null}},"6":{"start":{"line":29,"column":4},"end":{"line":29,"column":null}},"7":{"start":{"line":31,"column":2},"end":{"line":31,"column":null}},"8":{"start":{"line":40,"column":27},"end":{"line":40,"column":null}},"9":{"start":{"line":42,"column":2},"end":{"line":56,"column":null}},"10":{"start":{"line":73,"column":22},"end":{"line":80,"column":null}},"11":{"start":{"line":74,"column":4},"end":{"line":74,"column":null}},"12":{"start":{"line":74,"column":25},"end":{"line":74,"column":null}},"13":{"start":{"line":75,"column":19},"end":{"line":75,"column":null}},"14":{"start":{"line":76,"column":4},"end":{"line":78,"column":null}},"15":{"start":{"line":77,"column":6},"end":{"line":77,"column":null}},"16":{"start":{"line":79,"column":4},"end":{"line":79,"column":null}},"17":{"start":{"line":82,"column":2},"end":{"line":86,"column":null}}},"fnMap":{"0":{"name":"getScoreColor","decl":{"start":{"line":18,"column":9},"end":{"line":18,"column":null}},"loc":{"start":{"line":21,"column":10},"end":{"line":32,"column":null}},"line":21},"1":{"name":"IndicatorScoreDisplay","decl":{"start":{"line":34,"column":16},"end":{"line":34,"column":38}},"loc":{"start":{"line":39,"column":44},"end":{"line":58,"column":null}},"line":39},"2":{"name":"KPIDisplay","decl":{"start":{"line":67,"column":16},"end":{"line":67,"column":27}},"loc":{"start":{"line":72,"column":33},"end":{"line":88,"column":null}},"line":72},"3":{"name":"(anonymous_3)","decl":{"start":{"line":73,"column":22},"end":{"line":73,"column":36}},"loc":{"start":{"line":73,"column":36},"end":{"line":80,"column":null}},"line":73}},"branchMap":{"0":{"loc":{"start":{"line":22,"column":2},"end":{"line":24,"column":null}},"type":"if","locations":[{"start":{"line":22,"column":2},"end":{"line":24,"column":null}},{"start":{},"end":{}}],"line":22},"1":{"loc":{"start":{"line":22,"column":6},"end":{"line":22,"column":60}},"type":"binary-expr","locations":[{"start":{"line":22,"column":6},"end":{"line":22,"column":33}},{"start":{"line":22,"column":33},"end":{"line":22,"column":60}}],"line":22},"2":{"loc":{"start":{"line":25,"column":2},"end":{"line":27,"column":null}},"type":"if","locations":[{"start":{"line":25,"column":2},"end":{"line":27,"column":null}},{"start":{},"end":{}}],"line":25},"3":{"loc":{"start":{"line":28,"column":2},"end":{"line":30,"column":null}},"type":"if","locations":[{"start":{"line":28,"column":2},"end":{"line":30,"column":null}},{"start":{},"end":{}}],"line":28},"4":{"loc":{"start":{"line":38,"column":2},"end":{"line":38,"column":null}},"type":"default-arg","locations":[{"start":{"line":38,"column":13},"end":{"line":38,"column":null}}],"line":38},"5":{"loc":{"start":{"line":40,"column":27},"end":{"line":40,"column":null}},"type":"cond-expr","locations":[{"start":{"line":40,"column":45},"end":{"line":40,"column":60}},{"start":{"line":40,"column":60},"end":{"line":40,"column":null}}],"line":40},"6":{"loc":{"start":{"line":52,"column":9},"end":{"line":54,"column":null}},"type":"cond-expr","locations":[{"start":{"line":53,"column":12},"end":{"line":53,"column":null}},{"start":{"line":54,"column":12},"end":{"line":54,"column":null}}],"line":52},"7":{"loc":{"start":{"line":69,"column":2},"end":{"line":69,"column":null}},"type":"default-arg","locations":[{"start":{"line":69,"column":11},"end":{"line":69,"column":null}}],"line":69},"8":{"loc":{"start":{"line":70,"column":2},"end":{"line":70,"column":null}},"type":"default-arg","locations":[{"start":{"line":70,"column":15},"end":{"line":70,"column":null}}],"line":70},"9":{"loc":{"start":{"line":74,"column":4},"end":{"line":74,"column":null}},"type":"if","locations":[{"start":{"line":74,"column":4},"end":{"line":74,"column":null}},{"start":{},"end":{}}],"line":74},"10":{"loc":{"start":{"line":75,"column":19},"end":{"line":75,"column":null}},"type":"cond-expr","locations":[{"start":{"line":75,"column":42},"end":{"line":75,"column":48}},{"start":{"line":75,"column":48},"end":{"line":75,"column":null}}],"line":75},"11":{"loc":{"start":{"line":76,"column":4},"end":{"line":78,"column":null}},"type":"if","locations":[{"start":{"line":76,"column":4},"end":{"line":78,"column":null}},{"start":{},"end":{}}],"line":76},"12":{"loc":{"start":{"line":79,"column":32},"end":{"line":79,"column":54}},"type":"cond-expr","locations":[{"start":{"line":79,"column":39},"end":{"line":79,"column":52}},{"start":{"line":79,"column":52},"end":{"line":79,"column":54}}],"line":79}},"s":{"0":1,"1":8,"2":3,"3":5,"4":4,"5":1,"6":0,"7":1,"8":8,"9":8,"10":14,"11":14,"12":0,"13":14,"14":14,"15":8,"16":6,"17":14},"f":{"0":8,"1":8,"2":14,"3":14},"b":{"0":[3,5],"1":[8,5],"2":[4,1],"3":[0,1],"4":[8],"5":[8,0],"6":[5,3],"7":[14],"8":[14],"9":[0,14],"10":[8,6],"11":[8,6],"12":[6,0]},"meta":{"lastBranch":13,"lastFunction":4,"lastStatement":18,"seen":{"s:12:53:16:Infinity":0,"f:18:9:18:Infinity":0,"b:22:2:24:Infinity:undefined:undefined:undefined:undefined":0,"s:22:2:24:Infinity":1,"b:22:6:22:33:22:33:22:60":1,"s:23:4:23:Infinity":2,"b:25:2:27:Infinity:undefined:undefined:undefined:undefined":2,"s:25:2:27:Infinity":3,"s:26:4:26:Infinity":4,"b:28:2:30:Infinity:undefined:undefined:undefined:undefined":3,"s:28:2:30:Infinity":5,"s:29:4:29:Infinity":6,"s:31:2:31:Infinity":7,"f:34:16:34:38":1,"b:38:13:38:Infinity":4,"s:40:27:40:Infinity":8,"b:40:45:40:60:40:60:40:Infinity":5,"s:42:2:56:Infinity":9,"b:53:12:53:Infinity:54:12:54:Infinity":6,"f:67:16:67:27":2,"b:69:11:69:Infinity":7,"b:70:15:70:Infinity":8,"s:73:22:80:Infinity":10,"f:73:22:73:36":3,"b:74:4:74:Infinity:undefined:undefined:undefined:undefined":9,"s:74:4:74:Infinity":11,"s:74:25:74:Infinity":12,"s:75:19:75:Infinity":13,"b:75:42:75:48:75:48:75:Infinity":10,"b:76:4:78:Infinity:undefined:undefined:undefined:undefined":11,"s:76:4:78:Infinity
[...]
d":{"line":65,"column":null}},"13":{"start":{"line":68,"column":6},"end":{"line":70,"column":null}},"14":{"start":{"line":69,"column":8},"end":{"line":69,"column":null}},"15":{"start":{"line":73,"column":4},"end":{"line":75,"column":null}},"16":{"start":{"line":74,"column":6},"end":{"line":74,"column":null}},"17":{"start":{"line":77,"column":4},"end":{"line":79,"column":null}},"18":{"start":{"line":78,"column":6},"end":{"line":78,"column":null}},"19":{"start":{"line":81,"column":4},"end":{"line":81,"column":null}},"20":{"start":{"line":88,"column":4},"end":{"line":93,"column":null}},"21":{"start":{"line":89,"column":21},"end":{"line":89,"column":null}},"22":{"start":{"line":90,"column":6},"end":{"line":92,"column":null}},"23":{"start":{"line":91,"column":8},"end":{"line":91,"column":null}},"24":{"start":{"line":94,"column":4},"end":{"line":94,"column":null}},"25":{"start":{"line":101,"column":17},"end":{"line":101,"column":null}},"26":{"start":{"line":102,"column":4},"end":{"line":102,"column":null}},"27":{"start":{"line":109,"column":17},"end":{"line":109,"column":null}},"28":{"start":{"line":110,"column":4},"end":{"line":110,"column":null}},"29":{"start":{"line":121,"column":20},"end":{"line":121,"column":null}},"30":{"start":{"line":122,"column":17},"end":{"line":122,"column":null}},"31":{"start":{"line":124,"column":16},"end":{"line":124,"column":null}},"32":{"start":{"line":126,"column":4},"end":{"line":130,"column":null}},"33":{"start":{"line":127,"column":6},"end":{"line":127,"column":null}},"34":{"start":{"line":128,"column":4},"end":{"line":130,"column":null}},"35":{"start":{"line":129,"column":6},"end":{"line":129,"column":null}},"36":{"start":{"line":132,"column":4},"end":{"line":137,"column":null}},"37":{"start":{"line":133,"column":21},"end":{"line":133,"column":null}},"38":{"start":{"line":134,"column":6},"end":{"line":136,"column":null}},"39":{"start":{"line":135,"column":8},"end":{"line":135,"column":null}},"40":{"start":{"line":139,"column":4},"end":{"line":139,"column":null}}},"fnMap":{"0":{"name":"isAxiosError","decl":{"start":{"line":31,"column":9},"end":{"line":31,"column":22}},"loc":{"start":{"line":31,"column":67},"end":{"line":33,"column":null}},"line":31},"1":{"name":"isStructuredDetail","decl":{"start":{"line":35,"column":9},"end":{"line":35,"column":28}},"loc":{"start":{"line":35,"column":78},"end":{"line":41,"column":null}},"line":35},"2":{"name":"isValidationErrorArray","decl":{"start":{"line":43,"column":9},"end":{"line":43,"column":32}},"loc":{"start":{"line":43,"column":82},"end":{"line":45,"column":null}},"line":43},"3":{"name":"(anonymous_3)","decl":{"start":{"line":51,"column":9},"end":{"line":51,"column":24}},"loc":{"start":{"line":51,"column":48},"end":{"line":82,"column":null}},"line":51},"4":{"name":"(anonymous_4)","decl":{"start":{"line":60,"column":36},"end":{"line":60,"column":37}},"loc":{"start":{"line":60,"column":45},"end":{"line":64,"column":9}},"line":60},"5":{"name":"(anonymous_5)","decl":{"start":{"line":87,"column":9},"end":{"line":87,"column":21}},"loc":{"start":{"line":87,"column":45},"end":{"line":95,"column":null}},"line":87},"6":{"name":"(anonymous_6)","decl":{"start":{"line":100,"column":9},"end":{"line":100,"column":27}},"loc":{"start":{"line":100,"column":52},"end":{"line":103,"column":null}},"line":100},"7":{"name":"(anonymous_7)","decl":{"start":{"line":108,"column":9},"end":{"line":108,"column":23}},"loc":{"start":{"line":108,"column":48},"end":{"line":111,"column":null}},"line":108},"8":{"name":"(anonymous_8)","decl":{"start":{"line":116,"column":9},"end":{"line":116,"column":26}},"loc":{"start":{"line":120,"column":4},"end":{"line":140,"column":null}},"line":120}},"branchMap":{"0":{"loc":{"start":{"line":32,"column":9},"end":{"line":32,"column":null}},"type":"binary-expr","locations":[{"start":{"line":32,"column":9},"end":{"line":32,"column":38}},{"start":{"line":32,"column":38},"end":{"line":32,"column":56}},{"start":{"line":32,"column":56},"end":{"line":32,"column":null}}],"line":32},"1":{"loc":{"start":{"line":37,"column":4},"end":{"line":39,"column":null}},"type":"binary-expr","locations":[{"start":{"line":37,"column":4},"end":{"line":37,"column":null}},{"start":{"line":38,"column":4},"end":{"line":38,"column":null}},{"start":{"line":39,"column":5},"end":{"line":39,"column":28}},{"start":{"line":39,"column":28},"end":{"line":39,"column":48}},{"start":{"line":39,"column":48},"end":{"line":39,"column":null}}],"line":37},"2":{"loc":{"start":{"line":52,"column":4},"end":{"line":71,"column":null}},"type":"if","locations":[{"start":{"line":52,"column":4},"end":{"line":71,"column":null}},{"start":{},"end":{}}],"line":52},"3":{"loc":{"start":{"line":52,"column":8},"end":{"line":52,"column":61}},"type":"binary-expr","locations":[{"start":{"line":52,"column":8},"end":{"line":52,"column":31}},{"start":{"line":52,"column":31},"end":{"line":52,"column":61}}],"line":52},"4":{"loc":{"start":{"line":55,"column":6},"end":{"line":57,"column":null}},"type":"if","locations":[{"start":{"line":55,"column":6},"end":{"line":57,"column":null}},{"start":{},"end":{}}],"line":55},"5":{"loc":{"start":{"line":55,"column":10},"end":{"line":55,"column":56}},"type":"binary-expr","locations":[{"start":{"line":55,"column":10},"end":{"line":55,"column":40}},{"start":{"line":55,"column":40},"end":{"line":55,"column":56}}],"line":55},"6":{"loc":{"start":{"line":59,"column":6},"end":{"line":66,"column":null}},"type":"if","locations":[{"start":{"line":59,"column":6},"end":{"line":66,"column":null}},{"start":{},"end":{}}],"line":59},"7":{"loc":{"start":{"line":61,"column":22},"end":{"line":61,"column":null}},"type":"binary-expr","locations":[{"start":{"line":61,"column":22},"end":{"line":61,"column":46}},{"start":{"line":61,"column":46},"end":{"line":61,"column":null}}],"line":61},"8":{"loc":{"start":{"line":62,"column":22},"end":{"line":62,"column":null}},"type":"binary-expr","locations":[{"start":{"line":62,"column":22},"end":{"line":62,"column":33}},{"start":{"line":62,"column":33},"end":{"line":62,"column":null}}],"line":62},"9":{"loc":{"start":{"line":68,"column":6},"end":{"line":70,"column":null}},"type":"if","locations":[{"start":{"line":68,"column":6},"end":{"line":70,"column":null}},{"start":{},"end":{}}],"line":68},"10":{"loc":{"start":{"line":73,"column":4},"end":{"line":75,"column":null}},"type":"if","locations":[{"start":{"line":73,"column":4},"end":{"line":75,"column":null}},{"start":{},"end":{}}],"line":73},"11":{"loc":{"start":{"line":77,"column":4},"end":{"line":79,"column":null}},"type":"if","locations":[{"start":{"line":77,"column":4},"end":{"line":79,"column":null}},{"start":{},"end":{}}],"line":77},"12":{"loc":{"start":{"line":88,"column":4},"end":{"line":93,"column":null}},"type":"if","locations":[{"start":{"line":88,"column":4},"end":{"line":93,"column":null}},{"start":{},"end":{}}],"line":88},"13":{"loc":{"start":{"line":90,"column":6},"end":{"line":92,"column":null}},"type":"if","locations":[{"start":{"line":90,"column":6},"end":{"line":92,"column":null}},{"start":{},"end":{}}],"line":90},"14":{"loc":{"start":{"line":90,"column":10},"end":{"line":90,"column":53}},"type":"binary-expr","locations":[{"start":{"line":90,"column":10},"end":{"line":90,"column":40}},{"start":{"line":90,"column":40},"end":{"line":90,"column":53}}],"line":90},"15":{"loc":{"start":{"line":102,"column":11},"end":{"line":102,"column":null}},"type":"binary-expr","locations":[{"start":{"line":102,"column":11},"end":{"line":102,"column":42}},{"start":{"line":102,"column":42},"end":{"line":102,"column":null}}],"line":102},"16":{"loc":{"start":{"line":126,"column":4},"end":{"line":130,"column":null}},"type":"if","locations":[{"start":{"line":126,"column":4},"end":{"line":130,"column":null}},{"start":{"line":128,"column":4},"end":{"line":130,"column":null}}],"line":126},"17":{"loc":{"start":{"line":128,"column":4},"end":{"line":130,"column":null}},"type":"if","locations":[{"start":{"line":128,"column":4},"end":{"line":130,"column":null}},{"start":{},"end":{}}],"line":128},"18":{"loc":{"start":{"line":132,"column":4},"end":{"line":137,"column":null}},"type":"if","locations":[{"start":{"line":132,"column":4},"end":{"line":137,"column":null}},{"start":{},"end":{}}],"line":132},"19":{"loc":{"start":{"line":134,"column":6},"end":{"line":136,"column":null}},"type":"if","locations":[{"start":{"line":134,"column":6},"end":{"line":136,"column":null}},{"start":{},"end":{}}],"line":134},"20":{"loc":{"start":{"line":134,"column":10},"end":{"line":134,"column":54}},"type":"binary-expr","locations":[{"start":{"line":134,"column":10},"end":{"line":134,"column":40}},{"start":{"line":134,"column":40},"end":{"line":134,"column":54}}],"line":134}},"s":{"0":49,"1":30,"2":4,"3":16,"4":9,"5":9,"6":5,"7":4,"8":3,"9":4,"10":4,"11":4,"12":3,"13":1,"14":1,"15":7,"16":2,"17":5,"18":1,"19":4,"20":27,"21":17,"22":17,"23":16,"24":11,"25":10,"26":10,"27":7,"28":7,"29":6,"30":6,"31":6,"32":6,"33":2,"34":4,"35":1,"36":6,"37":4,"38":4,"39":1,"40":6},"f":{"0":49,"1":30,"2":4,"3":2,"4":4,"5":2,"6":2,"7":2,"8":2},"b":{"0":[49,47,38],"1":[30,29,29,10,4],"2":[9,7],"3":[16,9],"4":[5,4],"5":[9,5],"6":[3,1],"7":[4,1],"8":[4,1],"9":[1,0],"10":[2,5],"11":[1,4],"12":[17,10],"13":[16,1],"14":[17,16],"15":[10,8],"16":[2,4],"17":[1,3],"18":[4,2],"19":[1,3],"20":[4,4]},"meta":{"lastBranch":21,"lastFunction":9,"lastStatement":41,"seen":{"f:31:9:31:22":0,"s:32:2:32:Infinity":0,"b:32:9:32:38:32:38:32:56:32:56:32:Infinity":0,"f:35:9:35:28":1,"s:36:2:39:Infinity":1,"b:37:4:37:Infinity:38:4:38:Infinity:39:5:39:28:39:28:39:48:39:48:39:Infinity":1,"f:43:9:43:32":2,"s:44:2:44:Infinity":2,"f:51:9:51:24":3,"b:52:4:71:Infinity:undefined:undefined:undefined:undefined":2,"s:52:4:71:Infinity":3,"b:52:8:52:31:52:31:52:61":3,"s:53:21:53:Infinity":4,"b:55:6:57:Infinity:undefined:undefined:undefined:undefined":4,"s:55:6:57:Infinity":5,"b:55:10:55:40:55:40:55:56":5,"s:56:8:56:Infinity":6,"b:59:6:66:Infinity:undefined:undefined:undefined:undefined":6,"s:59:6:66:Infinity":7,"s:60:25:64:Infinity":8,"f:60:36:60:37":4,"s:61:22:61:Infinity":9,"b:61:22:61:46:61:46:61:Infinity":7,"s:62:22:62:Infinity":10,"b:62:22:62:33:62:33:62:Infinity":8,"s:63:10:63:Infinity":11,"s:65:8:65:Infinity":12,"b:68:6:70:Infinity:undefined:undefined:undefined:undefined":9,"s:68:6:70:Infinity":13,"s:69:8:69:Infinity":14,"b:73:4:75:Infinity:undefined:undefined:undefined:undefined":10,"s:73:4:75:Infinity":15,"s:74:6:74:Infinity":16,"b:77:4:79:Infinity:undefined:undefined:undefined:undefined":11,"s:77:4:79:Infinity":17,"s:78:6:78:Infinity":18,"s:81:4:81:Infinity":19,"f:87:9:87:21":5,"b:88:4:93:Infinity:undefined:undefined:undefined:undefined":12,"s:88:4:93:Infinity":20,"s:89:21:89:Infinity":21,"b:90:6:92:Infinity:undefined:undefined:undefined:undefined":13,"s:90:6:92:Infinity":22,"b:90:10:90:40:90:40:90:53":14,"s:91:8:91:Infinity":23,"s:94:4:94:Infinity":24,"f:100:9:100:27":6,"s:101:17:101:Infinity":25,"s:102:4:102:Infinity":26,"b:102:11:102:42:102:42:102:Infinity":15,"f:108:9:108:23":7,"s:109:17:109:Infinity":27,"s:110:4:110:Infinity":28,"f:116:9:116:26":8,"s:121:20:121:Infinity":29,"s:122:17:122:Infinity":30,"s:124:16:124:Infinity":31,"b:126:4:130:Infinity:128:4:130:Infinity":16,"s:126:4:130:Infinity":32,"s:127:6:127:Infinity":33,"b:128:4:130:Infinity:undefined:undefined:undefined:undefined":17,"s:128:4:130:Infinity":34,"s:129:6:129:Infinity":35,"b:132:4:137:Infinity:undefined:undefined:undefined:undefined":18,"s:132:4:137:Infinity":36,"s:133:21:133:Infinity":37,"b:134:6:136:Infinity:undefined:undefined:undefined:undefined":19,"s:134:6:136:Infinity":38,"b:134:10:134:40:134:40:134:54":20,"s:135:8:135:Infinity":39,"s:139:4:139:Infinity":40}}}
,"/Volumes/Work/Dev/project-score-card/frontend/src/utils/formatters.ts": {"path":"/Volumes/Work/Dev/project-score-card/frontend/src/utils/formatters.ts","statementMap":{"0":{"start":{"line":5,"column":20},"end":{"line":5,"column":null}},"1":{"start":{"line":8,"column":2},"end":{"line":8,"column":null}},"2":{"start":{"line":8,"column":19},"end":{"line":8,"column":null}},"3":{"start":{"line":9,"column":2},"end":{"line":13,"column":null}},"4":{"start":{"line":17,"column":2},"end":{"line":17,"column":null}}},"fnMap":{"0":{"name":"formatDate","decl":{"start":{"line":7,"column":16},"end":{"line":7,"column":27}},"loc":{"start":{"line":7,"column":62},"end":{"line":14,"column":null}},"line":7},"1":{"name":"formatPeriod","decl":{"start":{"line":16,"column":16},"end":{"line":16,"column":29}},"loc":{"start":{"line":16,"column":66},"end":{"line":18,"column":null}},"line":16}},"branchMap":{"0":{"loc":{"start":{"line":8,"column":2},"end":{"line":8,"column":null}},"type":"if","locations":[{"start":{"line":8,"column":2},"end":{"line":8,"column":null}},{"start":{},"end":{}}],"line":8}},"s":{"0":3,"1":6,"2":0,"3":6,"4":0},"f":{"0":6,"1":0},"b":{"0":[0,6]},"meta":{"lastBranch":1,"lastFunction":2,"lastStatement":5,"seen":{"s:5:20:5:Infinity":0,"f:7:16:7:27":0,"b:8:2:8:Infinity:undefined:undefined:undefined:undefined":0,"s:8:2:8:Infinity":1,"s:8:19:8:Infinity":2,"s:9:2:13:Infinity":3,"f:16:16:16:29":1,"s:17:2:17:Infinity":4}}}
,"/Volumes/Work/Dev/project-score-card/frontend/src/utils/logger.ts": {"path":"/Volumes/Work/Dev/project-score-card/frontend/src/utils/logger.ts","statementMap":{"0":{"start":{"line":2,"column":14},"end":{"line":2,"column":null}},"1":{"start":{"line":4,"column":22},"end":{"line":17,"column":null}},"2":{"start":{"line":6,"column":4},"end":{"line":6,"column":null}},"3":{"start":{"line":6,"column":15},"end":{"line":6,"column":null}},"4":{"start":{"line":9,"column":4},"end":{"line":9,"column":null}},"5":{"start":{"line":9,"column":15},"end":{"line":9,"column":null}},"6":{"start":{"line":12,"column":4},"end":{"line":12,"column":null}},"7":{"start":{"line":12,"column":15},"end":{"line":12,"column":null}},"8":{"start":{"line":15,"column":4},"end":{"line":15,"column":null}},"9":{"start":{"line":15,"column":15},"end":{"line":15,"column":null}}},"fnMap":{"0":{"name":"(anonymous_0)","decl":{"start":{"line":5,"column":9},"end":{"line":5,"column":13}},"loc":{"start":{"line":5,"column":39},"end":{"line":7,"column":null}},"line":5},"1":{"name":"(anonymous_1)","decl":{"start":{"line":8,"column":8},"end":{"line":8,"column":12}},"loc":{"start":{"line":8,"column":38},"end":{"line":10,"column":null}},"line":8},"2":{"name":"(anonymous_2)","decl":{"start":{"line":11,"column":8},"end":{"line":11,"column":12}},"loc":{"start":{"line":11,"column":38},"end":{"line":13,"column":null}},"line":11},"3":{"name":"(anonymous_3)","decl":{"start":{"line":14,"column":9},"end":{"line":14,"column":13}},"loc":{"start":{"line":14,"column":39},"end":{"line":16,"column":null}},"line":14}},"branchMap":{"0":{"loc":{"start":{"line":6,"column":4},"end":{"line":6,"column":null}},"type":"if","locations":[{"start":{"line":6,"column":4},"end":{"line":6,"column":null}},{"start":{},"end":{}}],"line":6},"1":{"loc":{"start":{"line":9,"column":4},"end":{"line":9,"column":null}},"type":"if","locations":[{"start":{"line":9,"column":4},"end":{"line":9,"column":null}},{"start":{},"end":{}}],"line":9},"2":{"loc":{"start":{"line":12,"column":4},"end":{"line":12,"column":null}},"type":"if","locations":[{"start":{"line":12,"column":4},"end":{"line":12,"column":null}},{"start":{},"end":{}}],"line":12},"3":{"loc":{"start":{"line":15,"column":4},"end":{"line":15,"column":null}},"type":"if","locations":[{"start":{"line":15,"column":4},"end":{"line":15,"column":null}},{"start":{},"end":{}}],"line":15}},"s":{"0":1,"1":1,"2":2,"3":2,"4":0,"5":0,"6":0,"7":0,"8":0,"9":0},"f":{"0":2,"1":0,"2":0,"3":0},"b":{"0":[2,0],"1":[0,0],"2":[0,0],"3":[0,0]},"meta":{"lastBranch":4,"lastFunction":4,"lastStatement":10,"seen":{"s:2:14:2:Infinity":0,"s:4:22:17:Infinity":1,"f:5:9:5:13":0,"b:6:4:6:Infinity:undefined:undefined:undefined:undefined":0,"s:6:4:6:Infinity":2,"s:6:15:6:Infinity":3,"f:8:8:8:12":1,"b:9:4:9:Infinity:undefined:undefined:undefined:undefined":1,"s:9:4:9:Infinity":4,"s:9:15:9:Infinity":5,"f:11:8:11:12":2,"b:12:4:12:Infinity:undefined:undefined:undefined:undefined":2,"s:12:4:12:Infinity":6,"s:12:15:12:Infinity":7,"f:14:9:14:13":3,"b:15:4:15:Infinity:undefined:undefined:undefined:undefined":3,"s:15:4:15:Infinity":8,"s:15:15:15:Infinity":9}}}
,"/Volumes/Work/Dev/project-score-card/frontend/src/utils/scoreColors.ts": {"path":"/Volumes/Work/Dev/project-score-card/frontend/src/utils/scoreColors.ts","statementMap":{"0":{"start":{"line":17,"column":2},"end":{"line":17,"column":null}},"1":{"start":{"line":17,"column":22},"end":{"line":17,"column":null}},"2":{"start":{"line":18,"column":2},"end":{"line":18,"column":null}},"3":{"start":{"line":18,"column":33},"end":{"line":18,"column":null}},"4":{"start":{"line":19,"column":2},"end":{"line":19,"column":null}},"5":{"start":{"line":19,"column":34},"end":{"line":19,"column":null}},"6":{"start":{"line":20,"column":2},"end":{"line":20,"column":null}},"7":{"start":{"line":30,"column":2},"end":{"line":30,"column":null}},"8":{"start":{"line":30,"column":22},"end":{"line":30,"column":null}},"9":{"start":{"line":31,"column":2},"end":{"line":31,"column":null}},"10":{"start":{"line":31,"column":33},"end":{"line":31,"column":null}},"11":{"start":{"line":32,"column":2},"end":{"line":32,"column":null}},"12":{"start":{"line":32,"column":34},"end":{"line":32,"column":null}},"13":{"start":{"line":33,"column":2},"end":{"line":33,"column":null}}},"fnMap":{"0":{"name":"getScoreColor","decl":{"start":{"line":13,"column":16},"end":{"line":13,"column":null}},"loc":{"start":{"line":16,"column":10},"end":{"line":21,"column":null}},"line":16},"1":{"name":"getScoreBgColor","decl":{"start":{"line":26,"column":16},"end":{"line":26,"column":null}},"loc":{"start":{"line":29,"column":10},"end":{"line":34,"column":null}},"line":29}},"branchMap":{"0":{"loc":{"start":{"line":17,"column":2},"end":{"line":17,"column":null}},"type":"if","locations":[{"start":{"line":17,"column":2},"end":{"line":17,"column":null}},{"start":{},"end":{}}],"line":17},"1":{"loc":{"start":{"line":18,"column":2},"end":{"line":18,"column":null}},"type":"if","locations":[{"start":{"line":18,"column":2},"end":{"line":18,"column":null}},{"start":{},"end":{}}],"line":18},"2":{"loc":{"start":{"line":19,"column":2},"end":{"line":19,"column":null}},"type":"if","locations":[{"start":{"line":19,"column":2},"end":{"line":19,"column":null}},{"start":{},"end":{}}],"line":19},"3":{"loc":{"start":{"line":30,"column":2},"end":{"line":30,"column":null}},"type":"if","locations":[{"start":{"line":30,"column":2},"end":{"line":30,"column":null}},{"start":{},"end":{}}],"line":30},"4":{"loc":{"start":{"line":31,"column":2},"end":{"line":31,"column":null}},"type":"if","locations":[{"start":{"line":31,"column":2},"end":{"line":31,"column":null}},{"start":{},"end":{}}],"line":31},"5":{"loc":{"start":{"line":32,"column":2},"end":{"line":32,"column":null}},"type":"if","locations":[{"start":{"line":32,"column":2},"end":{"line":32,"column":null}},{"start":{},"end":{}}],"line":32}},"s":{"0":92,"1":4,"2":88,"3":39,"4":49,"5":31,"6":18,"7":9,"8":0,"9":9,"10":2,"11":7,"12":4,"13":3},"f":{"0":92,"1":9},"b":{"0":[4,88],"1":[39,49],"2":[31,18],"3":[0,9],"4":[2,7],"5":[4,3]},"meta":{"lastBranch":6,"lastFunction":2,"lastStatement":14,"seen":{"f:13:16:13:Infinity":0,"b:17:2:17:Infinity:undefined:undefined:undefined:undefined":0,"s:17:2:17:Infinity":0,"s:17:22:17:Infinity":1,"b:18:2:18:Infinity:undefined:undefined:undefined:undefined":1,"s:18:2:18:Infinity":2,"s:18:33:18:Infinity":3,"b:19:2:19:Infinity:undefined:undefined:undefined:undefined":2,"s:19:2:19:Infinity":4,"s:19:34:19:Infinity":5,"s:20:2:20:Infinity":6,"f:26:16:26:Infinity":1,"b:30:2:30:Infinity:undefined:undefined:undefined:undefined":3,"s:30:2:30:Infinity":7,"s:30:22:30:Infinity":8,"b:31:2:31:Infinity:undefined:undefined:undefined:undefined":4,"s:31:2:31:Infinity":9,"s:31:33:31:Infinity":10,"b:32:2:32:Infinity:undefined:undefined:undefined:undefined":5,"s:32:2:32:Infinity":11,"s:32:34:32:Infinity":12,"s:33:2:33:Infinity":13}}}
}
