{"/Volumes/Work/Dev/project-score-card/frontend/src/components/ConfigSection.tsx": {"path":"/Volumes/Work/Dev/project-score-card/frontend/src/components/ConfigSection.tsx","statementMap":{"0":{"start":{"line":28,"column":2},"end":{"line":89,"column":null}},"1":{"start":{"line":36,"column":27},"end":{"line":36,"column":null}},"2":{"start":{"line":38,"column":33},"end":{"line":41,"column":null}},"3":{"start":{"line":43,"column":33},"end":{"line":43,"column":null}},"4":{"start":{"line":45,"column":12},"end":{"line":84,"column":null}},"5":{"start":{"line":48,"column":73},"end":{"line":48,"column":88}},"6":{"start":{"line":55,"column":39},"end":{"line":55,"column":null}},"7":{"start":{"line":71,"column":39},"end":{"line":71,"column":null}}},"fnMap":{"0":{"name":"ConfigSection","decl":{"start":{"line":20,"column":16},"end":{"line":20,"column":30}},"loc":{"start":{"line":27,"column":36},"end":{"line":91,"column":null}},"line":27},"1":{"name":"(anonymous_1)","decl":{"start":{"line":35,"column":26},"end":{"line":35,"column":27}},"loc":{"start":{"line":35,"column":37},"end":{"line":86,"column":11}},"line":35},"2":{"name":"(anonymous_2)","decl":{"start":{"line":48,"column":66},"end":{"line":48,"column":67}},"loc":{"start":{"line":48,"column":73},"end":{"line":48,"column":88}},"line":48},"3":{"name":"(anonymous_3)","decl":{"start":{"line":55,"column":32},"end":{"line":55,"column":33}},"loc":{"start":{"line":55,"column":39},"end":{"line":55,"column":null}},"line":55},"4":{"name":"(anonymous_4)","decl":{"start":{"line":71,"column":32},"end":{"line":71,"column":33}},"loc":{"start":{"line":71,"column":39},"end":{"line":71,"column":null}},"line":71}},"branchMap":{"0":{"loc":{"start":{"line":38,"column":33},"end":{"line":41,"column":null}},"type":"binary-expr","locations":[{"start":{"line":38,"column":33},"end":{"line":38,"column":null}},{"start":{"line":39,"column":14},"end":{"line":41,"column":null}}],"line":38},"1":{"loc":{"start":{"line":39,"column":14},"end":{"line":41,"column":null}},"type":"cond-expr","locations":[{"start":{"line":40,"column":18},"end":{"line":40,"column":null}},{"start":{"line":41,"column":18},"end":{"line":41,"column":null}}],"line":39},"2":{"loc":{"start":{"line":43,"column":33},"end":{"line":43,"column":null}},"type":"binary-expr","locations":[{"start":{"line":43,"column":33},"end":{"line":43,"column":50}},{"start":{"line":43,"column":50},"end":{"line":43,"column":null}}],"line":43},"3":{"loc":{"start":{"line":51,"column":19},"end":{"line":64,"column":null}},"type":"cond-expr","locations":[{"start":{"line":52,"column":20},"end":{"line":57,"column":null}},{"start":{"line":59,"column":20},"end":{"line":64,"column":null}}],"line":51},"4":{"loc":{"start":{"line":60,"column":23},"end":{"line":62,"column":null}},"type":"cond-expr","locations":[{"start":{"line":61,"column":26},"end":{"line":61,"column":null}},{"start":{"line":62,"column":26},"end":{"line":62,"column":null}}],"line":60},"5":{"loc":{"start":{"line":63,"column":23},"end":{"line":63,"column":null}},"type":"binary-expr","locations":[{"start":{"line":63,"column":23},"end":{"line":63,"column":37}},{"start":{"line":63,"column":37},"end":{"line":63,"column":null}}],"line":63},"6":{"loc":{"start":{"line":68,"column":19},"end":{"line":80,"column":null}},"type":"cond-expr","locations":[{"start":{"line":69,"column":20},"end":{"line":75,"column":null}},{"start":{"line":77,"column":20},"end":{"line":80,"column":null}}],"line":68},"7":{"loc":{"start":{"line":70,"column":29},"end":{"line":70,"column":null}},"type":"binary-expr","locations":[{"start":{"line":70,"column":29},"end":{"line":70,"column":45}},{"start":{"line":70,"column":45},"end":{"line":70,"column":null}}],"line":70},"8":{"loc":{"start":{"line":77,"column":20},"end":{"line":80,"column":null}},"type":"binary-expr","locations":[{"start":{"line":77,"column":20},"end":{"line":77,"column":null}},{"start":{"line":78,"column":22},"end":{"line":80,"column":null}}],"line":77}},"s":{"0":2,"1":0,"2":0,"3":0,"4":0,"5":0,"6":0,"7":0},"f":{"0":2,"1":0,"2":0,"3":0,"4":0},"b":{"0":[0,0],"1":[0,0],"2":[0,0],"3":[0,0],"4":[0,0],"5":[0,0],"6":[0,0],"7":[0,0],"8":[0,0]},"meta":{"lastBranch":9,"lastFunction":5,"lastStatement":8,"seen":{"f:20:16:20:30":0,"s:28:2:89:Infinity":0,"f:35:26:35:27":1,"s:36:27:36:Infinity":1,"s:38:33:41:Infinity":2,"b:38:33:38:Infinity:39:14:41:Infinity":0,"b:40:18:40:Infinity:41:18:41:Infinity":1,"s:43:33:43:Infinity":3,"b:43:33:43:50:43:50:43:Infinity":2,"s:45:12:84:Infinity":4,"f:48:66:48:67":2,"s:48:73:48:88":5,"b:52:20:57:Infinity:59:20:64:Infinity":3,"f:55:32:55:33":3,"s:55:39:55:Infinity":6,"b:61:26:61:Infinity:62:26:62:Infinity":4,"b:63:23:63:37:63:37:63:Infinity":5,"b:69:20:75:Infinity:77:20:80:Infinity":6,"b:70:29:70:45:70:45:70:Infinity":7,"f:71:32:71:33":4,"s:71:39:71:Infinity":7,"b:77:20:77:Infinity:78:22:80:Infinity":8}}}
,"/Volumes/Work/Dev/project-score-card/frontend/src/components/WeightsSection.tsx": {"path":"/Volumes/Work/Dev/project-score-card/frontend/src/components/WeightsSection.tsx","statementMap":{"0":{"start":{"line":28,"column":23},"end":{"line":34,"column":null}},"1":{"start":{"line":29,"column":4},"end":{"line":33,"column":null}},"2":{"start":{"line":30,"column":21},"end":{"line":30,"column":null}},"3":{"start":{"line":31,"column":20},"end":{"line":31,"column":null}},"4":{"start":{"line":32,"column":6},"end":{"line":32,"column":null}},"5":{"start":{"line":36,"column":14},"end":{"line":36,"column":null}},"6":{"start":{"line":37,"column":18},"end":{"line":37,"column":null}},"7":{"start":{"line":39,"column":2},"end":{"line":110,"column":null}},"8":{"start":{"line":61,"column":27},"end":{"line":61,"column":null}},"9":{"start":{"line":63,"column":33},"end":{"line":63,"column":null}},"10":{"start":{"line":64,"column":33},"end":{"line":64,"column":null}},"11":{"start":{"line":66,"column":12},"end":{"line":105,"column":null}},"12":{"start":{"line":69,"column":73},"end":{"line":69,"column":88}},"13":{"start":{"line":79,"column":39},"end":{"line":79,"column":null}},"14":{"start":{"line":92,"column":39},"end":{"line":92,"column":null}}},"fnMap":{"0":{"name":"WeightsSection","decl":{"start":{"line":20,"column":16},"end":{"line":20,"column":31}},"loc":{"start":{"line":27,"column":37},"end":{"line":112,"column":null}},"line":27},"1":{"name":"(anonymous_1)","decl":{"start":{"line":28,"column":23},"end":{"line":28,"column":37}},"loc":{"start":{"line":28,"column":37},"end":{"line":34,"column":null}},"line":28},"2":{"name":"(anonymous_2)","decl":{"start":{"line":29,"column":29},"end":{"line":29,"column":30}},"loc":{"start":{"line":29,"column":45},"end":{"line":33,"column":7}},"line":29},"3":{"name":"(anonymous_3)","decl":{"start":{"line":60,"column":26},"end":{"line":60,"column":27}},"loc":{"start":{"line":60,"column":37},"end":{"line":107,"column":11}},"line":60},"4":{"name":"(anonymous_4)","decl":{"start":{"line":69,"column":66},"end":{"line":69,"column":67}},"loc":{"start":{"line":69,"column":73},"end":{"line":69,"column":88}},"line":69},"5":{"name":"(anonymous_5)","decl":{"start":{"line":79,"column":32},"end":{"line":79,"column":33}},"loc":{"start":{"line":79,"column":39},"end":{"line":79,"column":null}},"line":79},"6":{"name":"(anonymous_6)","decl":{"start":{"line":92,"column":32},"end":{"line":92,"column":33}},"loc":{"start":{"line":92,"column":39},"end":{"line":92,"column":null}},"line":92}},"branchMap":{"0":{"loc":{"start":{"line":31,"column":20},"end":{"line":31,"column":null}},"type":"binary-expr","locations":[{"start":{"line":31,"column":20},"end":{"line":31,"column":37}},{"start":{"line":31,"column":37},"end":{"line":31,"column":null}}],"line":31},"1":{"loc":{"start":{"line":32,"column":30},"end":{"line":32,"column":42}},"type":"binary-expr","locations":[{"start":{"line":32,"column":30},"end":{"line":32,"column":39}},{"start":{"line":32,"column":39},"end":{"line":32,"column":42}}],"line":32},"2":{"loc":{"start":{"line":50,"column":16},"end":{"line":50,"column":null}},"type":"cond-expr","locations":[{"start":{"line":50,"column":26},"end":{"line":50,"column":45}},{"start":{"line":50,"column":45},"end":{"line":50,"column":null}}],"line":50},"3":{"loc":{"start":{"line":53,"column":15},"end":{"line":53,"column":null}},"type":"cond-expr","locations":[{"start":{"line":53,"column":25},"end":{"line":53,"column":31}},{"start":{"line":53,"column":31},"end":{"line":53,"column":null}}],"line":53},"4":{"loc":{"start":{"line":63,"column":33},"end":{"line":63,"column":null}},"type":"binary-expr","locations":[{"start":{"line":63,"column":33},"end":{"line":63,"column":50}},{"start":{"line":63,"column":50},"end":{"line":63,"column":null}}],"line":63},"5":{"loc":{"start":{"line":64,"column":33},"end":{"line":64,"column":null}},"type":"binary-expr","locations":[{"start":{"line":64,"column":33},"end":{"line":64,"column":50}},{"start":{"line":64,"column":50},"end":{"line":64,"column":null}}],"line":64},"6":{"loc":{"start":{"line":72,"column":19},"end":{"line":85,"column":null}},"type":"cond-expr","locations":[{"start":{"line":73,"column":20},"end":{"line":81,"column":null}},{"start":{"line":83,"column":20},"end":{"line":85,"column":null}}],"line":72},"7":{"loc":{"start":{"line":89,"column":19},"end":{"line":101,"column":null}},"type":"cond-expr","locations":[{"start":{"line":90,"column":20},"end":{"line":96,"column":null}},{"start":{"line":98,"column":20},"end":{"line":101,"column":null}}],"line":89},"8":{"loc":{"start":{"line":91,"column":29},"end":{"line":91,"column":null}},"type":"binary-expr","locations":[{"start":{"line":91,"column":29},"end":{"line":91,"column":45}},{"start":{"line":91,"column":45},"end":{"line":91,"column":null}}],"line":91},"9":{"loc":{"start":{"line":98,"column":20},"end":{"line":101,"column":null}},"type":"binary-expr","locations":[{"start":{"line":98,"column":20},"end":{"line":98,"column":null}},{"start":{"line":99,"column":22},"end":{"line":101,"column":null}}],"line":98}},"s":{"0":2,"1":2,"2":0,"3":0,"4":0,"5":2,"6":2,"7":2,"8":0,"9":0,"10":0,"11":0,"12":0,"13":0,"14":0},"f":{"0":2,"1":2,"2":0,"3":0,"4":0,"5":0,"6":0},"b":{"0":[0,0],"1":[0,0],"2":[0,2],"3":[0,2],"4":[0,0],"5":[0,0],"6":[0,0],"7":[0,0],"8":[0,0],"9":[0,0]},"meta":{"lastBranch":10,"lastFunction":7,"lastStatement":15,"seen":{"f:20:16:20:31":0,"s:28:23:34:Infinity":0,"f:28:23:28:37":1,"s:29:4:33:Infinity":1,"f:29:29:29:30":2,"s:30:21:30:Infinity":2,"s:31:20:31:Infinity":3,"b:31:20:31:37:31:37:31:Infinity":0,"s:32:6:32:Infinity":4,"b:32:30:32:39:32:39:32:42":1,"s:36:14:36:Infinity":5,"s:37:18:37:Infinity":6,"s:39:2:110:Infinity":7,"b:50:26:50:45:50:45:50:Infinity":2,"b:53:25:53:31:53:31:53:Infinity":3,"f:60:26:60:27":3,"s:61:27:61:Infinity":8,"s:63:33:63:Infinity":9,"b:63:33:63:50:63:50:63:Infinity":4,"s:64:33:64:Infinity":10,"b:64:33:64:50:64:50:64:Infinity":5,"s:66:12:105:Infinity":11,"f:69:66:69:67":4,"s:69:73:69:88":12,"b:73:20:81:Infinity:83:20:85:Infinity":6,"f:79:32:79:33":5,"s:79:39:79:Infinity":13,"b:90:20:96:Infinity:98:20:101:Infinity":7,"b:91:29:91:45:91:45:91:Infinity":8,"f:92:32:92:33":6,"s:92:39:92:Infinity":14,"b:98:20:98:Infinity:99:22:101:Infinity":9}}}
,"/Volumes/Work/Dev/project-score-card/frontend/src/components/Dashboard/ProjectCard.tsx": {"path":"/Volumes/Work/Dev/project-score-card/frontend/src/components/Dashboard/ProjectCard.tsx","statementMap":{"0":{"start":{"line":16,"column":2},"end":{"line":23,"column":null}},"1":{"start":{"line":17,"column":4},"end":{"line":21,"column":null}},"2":{"start":{"line":25,"column":24},"end":{"line":29,"column":null}},"3":{"start":{"line":26,"column":4},"end":{"line":26,"column":null}},"4":{"start":{"line":26,"column":17},"end":{"line":26,"column":null}},"5":{"start":{"line":27,"column":4},"end":{"line":27,"column":null}},"6":{"start":{"line":27,"column":17},"end":{"line":27,"column":null}},"7":{"start":{"line":28,"column":4},"end":{"line":28,"column":null}},"8":{"start":{"line":31,"column":2},"end":{"line":35,"column":null}},"9":{"start":{"line":40,"column":23},"end":{"line":40,"column":null}},"10":{"start":{"line":42,"column":2},"end":{"line":85,"column":null}},"11":{"start":{"line":43,"column":4},"end":{"line":83,"column":null}},"12":{"start":{"line":87,"column":2},"end":{"line":134,"column":null}}},"fnMap":{"0":{"name":"ScoreBadge","decl":{"start":{"line":15,"column":9},"end":{"line":15,"column":20}},"loc":{"start":{"line":15,"column":89},"end":{"line":37,"column":null}},"line":15},"1":{"name":"(anonymous_1)","decl":{"start":{"line":25,"column":24},"end":{"line":25,"column":25}},"loc":{"start":{"line":25,"column":47},"end":{"line":29,"column":null}},"line":25},"2":{"name":"ProjectCard","decl":{"start":{"line":39,"column":24},"end":{"line":39,"column":36}},"loc":{"start":{"line":39,"column":106},"end":{"line":136,"column":null}},"line":39}},"branchMap":{"0":{"loc":{"start":{"line":16,"column":2},"end":{"line":23,"column":null}},"type":"if","locations":[{"start":{"line":16,"column":2},"end":{"line":23,"column":null}},{"start":{},"end":{}}],"line":16},"1":{"loc":{"start":{"line":16,"column":6},"end":{"line":16,"column":45}},"type":"binary-expr","locations":[{"start":{"line":16,"column":6},"end":{"line":16,"column":24}},{"start":{"line":16,"column":24},"end":{"line":16,"column":45}}],"line":16},"2":{"loc":{"start":{"line":26,"column":4},"end":{"line":26,"column":null}},"type":"if","locations":[{"start":{"line":26,"column":4},"end":{"line":26,"column":null}},{"start":{},"end":{}}],"line":26},"3":{"loc":{"start":{"line":27,"column":4},"end":{"line":27,"column":null}},"type":"if","locations":[{"start":{"line":27,"column":4},"end":{"line":27,"column":null}},{"start":{},"end":{}}],"line":27},"4":{"loc":{"start":{"line":39,"column":47},"end":{"line":39,"column":66}},"type":"default-arg","locations":[{"start":{"line":39,"column":58},"end":{"line":39,"column":66}}],"line":39},"5":{"loc":{"start":{"line":40,"column":23},"end":{"line":40,"column":null}},"type":"binary-expr","locations":[{"start":{"line":40,"column":23},"end":{"line":40,"column":45}},{"start":{"line":40,"column":45},"end":{"line":40,"column":null}}],"line":40},"6":{"loc":{"start":{"line":42,"column":2},"end":{"line":85,"column":null}},"type":"if","locations":[{"start":{"line":42,"column":2},"end":{"line":85,"column":null}},{"start":{},"end":{}}],"line":42},"7":{"loc":{"start":{"line":50,"column":25},"end":{"line":50,"column":null}},"type":"cond-expr","locations":[{"start":{"line":50,"column":57},"end":{"line":50,"column":69}},{"start":{"line":50,"column":69},"end":{"line":50,"column":null}}],"line":50},"8":{"loc":{"start":{"line":51,"column":27},"end":{"line":51,"column":null}},"type":"cond-expr","locations":[{"start":{"line":51,"column":59},"end":{"line":51,"column":104}},{"start":{"line":51,"column":104},"end":{"line":51,"column":null}}],"line":51},"9":{"loc":{"start":{"line":53,"column":17},"end":{"line":53,"column":null}},"type":"cond-expr","locations":[{"start":{"line":53,"column":49},"end":{"line":53,"column":62}},{"start":{"line":53,"column":62},"end":{"line":53,"column":null}}],"line":53},"10":{"loc":{"start":{"line":60,"column":15},"end":{"line":64,"column":null}},"type":"binary-expr","locations":[{"start":{"line":60,"column":15},"end":{"line":60,"column":null}},{"start":{"line":61,"column":16},"end":{"line":64,"column":null}}],"line":60},"11":{"loc":{"start":{"line":66,"column":15},"end":{"line":70,"column":null}},"type":"binary-expr","locations":[{"start":{"line":66,"column":15},"end":{"line":66,"column":null}},{"start":{"line":67,"column":16},"end":{"line":70,"column":null}}],"line":66},"12":{"loc":{"start":{"line":72,"column":15},"end":{"line":78,"column":null}},"type":"binary-expr","locations":[{"start":{"line":72,"column":15},"end":{"line":72,"column":null}},{"start":{"line":73,"column":16},"end":{"line":78,"column":null}}],"line":72},"13":{"loc":{"start":{"line":75,"column":19},"end":{"line":75,"column":null}},"type":"binary-expr","locations":[{"start":{"line":75,"column":19},"end":{"line":75,"column":41}},{"start":{"line":75,"column":27},"end":{"line":75,"column":null}}],"line":75},"14":{"loc":{"start":{"line":76,"column":19},"end":{"line":76,"column":null}},"type":"binary-expr","locations":[{"start":{"line":76,"column":19},"end":{"line":76,"column":41}},{"start":{"line":76,"column":41},"end":{"line":76,"column":61}},{"start":{"line":76,"column":61},"end":{"line":76,"column":null}}],"line":76},"15":{"loc":{"start":{"line":77,"column":19},"end":{"line":77,"column":null}},"type":"binary-expr","locations":[{"start":{"line":77,"column":19},"end":{"line":77,"column":39}},{"start":{"line":77,"column":27},"end":{"line":77,"column":null}}],"line":77},"16":{"loc":{"start":{"line":94,"column":23},"end":{"line":94,"column":null}},"type":"cond-expr","locations":[{"start":{"line":94,"column":55},"end":{"line":94,"column":67}},{"start":{"line":94,"column":67},"end":{"line":94,"column":null}}],"line":94},"17":{"loc":{"start":{"line":95,"column":25},"end":{"line":95,"column":null}},"type":"cond-expr","locations":[{"start":{"line":95,"column":57},"end":{"line":95,"column":93}},{"start":{"line":95,"column":93},"end":{"line":95,"column":null}}],"line":95},"18":{"loc":{"start":{"line":97,"column":15},"end":{"line":97,"column":null}},"type":"cond-expr","locations":[{"start":{"line":97,"column":47},"end":{"line":97,"column":60}},{"start":{"line":97,"column":60},"end":{"line":97,"column":null}}],"line":97},"19":{"loc":{"start":{"line":101,"column":13},"end":{"line":105,"column":null}},"type":"binary-expr","locations":[{"start":{"line":101,"column":13},"end":{"line":101,"column":null}},{"start":{"line":102,"column":14},"end":{"line":105,"column":null}}],"line":101},"20":{"loc":{"start":{"line":107,"column":13},"end":{"line":111,"column":null}},"type":"binary-expr","locations":[{"start":{"line":107,"column":13},"end":{"line":107,"column":null}},{"start":{"line":108,"column":14},"end":{"line":111,"column":null}}],"line":107},"21":{"loc":{"start":{"line":113,"column":13},"end":{"line":119,"column":null}},"type":"binary-expr","locations":[{"start":{"line":113,"column":13},"end":{"line":113,"column":null}},{"start":{"line":114,"column":14},"end":{"line":119,"column":null}}],"line":113},"22":{"loc":{"start":{"line":116,"column":17},"end":{"line":116,"column":null}},"type":"binary-expr","locations":[{"start":{"line":116,"column":17},"end":{"line":116,"column":39}},{"start":{"line":116,"column":25},"end":{"line":116,"column":null}}],"line":116},"23":{"loc":{"start":{"line":117,"column":17},"end":{"line":117,"column":null}},"type":"binary-expr","locations":[{"start":{"line":117,"column":17},"end":{"line":117,"column":39}},{"start":{"line":117,"column":39},"end":{"line":117,"column":59}},{"start":{"line":117,"column":59},"end":{"line":117,"column":null}}],"line":117},"24":{"loc":{"start":{"line":118,"column":17},"end":{"line":118,"column":null}},"type":"binary-expr","locations":[{"start":{"line":118,"column":17},"end":{"line":118,"column":37}},{"start":{"line":118,"column":25},"end":{"line":118,"column":null}}],"line":118}},"s":{"0":38,"1":27,"2":11,"3":11,"4":6,"5":5,"6":5,"7":2,"8":11,"9":38,"10":38,"11":11,"12":27},"f":{"0":38,"1":11,"2":38},"b":{"0":[27,11],"1":[38,37],"2":[6,5],"3":[3,2],"4":[38],"5":[38,35],"6":[11,27],"7":[1,10],"8":[1,10],"9":[1,10],"10":[11,11],"11":[11,11],"12":[11,1],"13":[1,1],"14":[1,1,1],"15":[1,1],"16":[1,26],"17":[1,26],"18":[1,26],"19":[38,25],"20":[38,25],"21":[38,3],"22":[3,2],"23":[3,2,1],"24":[3,2]},"meta":{"lastBranch":25,"lastFunction":3,"lastStatement":13,"seen":{"f:15:9:15:20":0,"b:16:2:23:Infinity:undefined:undefined:undefined:undefined":0,"s:16:2:23:Infinity":0,"b:16:6:16:24:16:24:16:45":1,"s:17:4:21:Infinity":1,"s:25:24:29:Infinity":2,"f:25:24:25:25":1,"b:26:4:26:Infinity:undefined:undefined:undefined:undefined":2,"s:26:4:26:Infinity":3,"s:26:17:26:Infinity":4,"b:27:4:27:Infinity:undefined:undefined:undefined:undefined":3,"s:27:4:27:Infinity":5,"s:27:17:27:Infinity":6,"s:28:4:28:Infinity":7,"s:31:2:35:Infinity":8,"f:39:24:39:36":2,"b:39:58:39:66":4,"s:40:23:40:Infinity":9,"b:40:23:40:45:40:45:40:Infinity":5,"b:42:2:85:Infinity:undefined:undefined:undefined:undefined":6,"s:42:2:85:Infinity":10,"s:43:4:83:Infinity":11,"b:50:57:50:69:50:69:50:Infinity":7,"b:51:59:51:104:51:104:51:Infinity":8,"b:53:49:53:62:53:62:53:Infinity":9,"b:60:15:60:Infinity:61:16:64:Infinity":10,"b:66:15:66:Infinity:67:16:70:Infinity":11,"b:72:15:72:Infinity:73:16:78:Infinity":12,"b:75:19:75:41:75:27:75:Infinity":13,"b:76:19:76:41:76:41:76:61:76:61:76:Infinity":14,"b:77:19:77:39:77:27:77:Infinity":15,"s:87:2:134:Infinity":12,"b:94:55:94:67:94:67:94:Infinity":16,"b:95:57:95:93:95:93:95:Infinity":17,"b:97:47:97:60:97:60:97:Infinity":18,"b:101:13:101:Infinity:102:14:105:Infinity":19,"b:107:13:107:Infinity:108:14:111:Infinity":20,"b:113:13:113:Infinity:114:14:119:Infinity":21,"b:116:17:116:39:116:25:116:Infinity":22,"b:117:17:117:39:117:39:117:59:117:59:117:Infinity":23,"b:118:17:118:37:118:25:118:Infinity":24}}}
,"/Volumes/Work/Dev/project-score-card/frontend/src/components/Forms/EVMForm.tsx": {"path":"/Volumes/Work/Dev/project-score-card/frontend/src/components/Forms/EVMForm.tsx","statementMap":{"0":{"start":{"line":40,"column":30},"end":{"line":73,"column":null}},"1":{"start":{"line":76,"column":2},"end":{"line":81,"column":null}},"2":{"start":{"line":85,"column":2},"end":{"line":85,"column":null}},"3":{"start":{"line":85,"column":18},"end":{"line":85,"column":null}},"4":{"start":{"line":86,"column":2},"end":{"line":86,"column":null}},"5":{"start":{"line":86,"column":20},"end":{"line":86,"column":null}},"6":{"start":{"line":87,"column":2},"end":{"line":87,"column":null}},"7":{"start":{"line":91,"column":2},"end":{"line":99,"column":null}},"8":{"start":{"line":92,"column":4},"end":{"line":92,"column":null}},"9":{"start":{"line":92,"column":19},"end":{"line":92,"column":null}},"10":{"start":{"line":93,"column":4},"end":{"line":93,"column":null}},"11":{"start":{"line":93,"column":21},"end":{"line":93,"column":null}},"12":{"start":{"line":94,"column":4},"end":{"line":94,"column":null}},"13":{"start":{"line":96,"column":4},"end":{"line":96,"column":null}},"14":{"start":{"line":96,"column":19},"end":{"line":96,"column":null}},"15":{"start":{"line":97,"column":4},"end":{"line":97,"column":null}},"16":{"start":{"line":97,"column":21},"end":{"line":97,"column":null}},"17":{"start":{"line":98,"column":4},"end":{"line":98,"column":null}},"18":{"start":{"line":113,"column":2},"end":{"line":124,"column":null}},"19":{"start":{"line":126,"column":24},"end":{"line":126,"column":null}},"20":{"start":{"line":128,"column":8},"end":{"line":139,"column":null}},"21":{"start":{"line":129,"column":19},"end":{"line":129,"column":null}},"22":{"start":{"line":130,"column":17},"end":{"line":130,"column":null}},"23":{"start":{"line":131,"column":10},"end":{"line":131,"column":null}},"24":{"start":{"line":132,"column":10},"end":{"line":132,"column":null}},"25":{"start":{"line":134,"column":15},"end":{"line":134,"column":null}},"26":{"start":{"line":135,"column":16},"end":{"line":135,"column":null}},"27":{"start":{"line":136,"column":16},"end":{"line":136,"column":null}},"28":{"start":{"line":138,"column":4},"end":{"line":138,"column":null}},"29":{"start":{"line":141,"column":27},"end":{"line":149,"column":null}},"30":{"start":{"line":142,"column":29},"end":{"line":147,"column":null}},"31":{"start":{"line":148,"column":4},"end":{"line":148,"column":null}},"32":{"start":{"line":151,"column":2},"end":{"line":315,"column":null}},"33":{"start":{"line":156,"column":25},"end":{"line":156,"column":null}},"34":{"start":{"line":157,"column":12},"end":{"line":202,"column":null}}},"fnMap":{"0":{"name":"formatCurrency","decl":{"start":{"line":75,"column":9},"end":{"line":75,"column":24}},"loc":{"start":{"line":75,"column":47},"end":{"line":82,"column":null}},"line":75},"1":{"name":"getPerformanceColor","decl":{"start":{"line":84,"column":9},"end":{"line":84,"column":29}},"loc":{"start":{"line":84,"column":52},"end":{"line":88,"column":null}},"line":84},"2":{"name":"getPerformanceLabel","decl":{"start":{"line":90,"column":9},"end":{"line":90,"column":29}},"loc":{"start":{"line":90,"column":75},"end":{"line":100,"column":null}},"line":90},"3":{"name":"EVMForm","decl":{"start":{"line":102,"column":24},"end":{"line":102,"column":32}},"loc":{"start":{"line":107,"column":30},"end":{"line":317,"column":null}},"line":107},"4":{"name":"(anonymous_4)","decl":{"start":{"line":128,"column":35},"end":{"line":128,"column":41}},"loc":{"start":{"line":128,"column":41},"end":{"line":139,"column":5}},"line":128},"5":{"name":"(anonymous_5)","decl":{"start":{"line":141,"column":27},"end":{"line":141,"column":28}},"loc":{"start":{"line":141,"column":56},"end":{"line":149,"column":null}},"line":141},"6":{"name":"(anonymous_6)","decl":{"start":{"line":155,"column":22},"end":{"line":155,"column":23}},"loc":{"start":{"line":155,"column":33},"end":{"line":204,"column":11}},"line":155}},"branchMap":{"0":{"loc":{"start":{"line":85,"column":2},"end":{"line":85,"column":null}},"type":"if","locations":[{"start":{"line":85,"column":2},"end":{"line":85,"column":null}},{"start":{},"end":{}}],"line":85},"1":{"loc":{"start":{"line":86,"column":2},"end":{"line":86,"column":null}},"type":"if","locations":[{"start":{"line":86,"column":2},"end":{"line":86,"column":null}},{"start":{},"end":{}}],"line":86},"2":{"loc":{"start":{"line":91,"column":2},"end":{"line":99,"column":null}},"type":"if","locations":[{"start":{"line":91,"column":2},"end":{"line":99,"column":null}},{"start":{"line":95,"column":9},"end":{"line":99,"column":null}}],"line":91},"3":{"loc":{"start":{"line":92,"column":4},"end":{"line":92,"column":null}},"type":"if","locations":[{"start":{"line":92,"column":4},"end":{"line":92,"column":null}},{"start":{},"end":{}}],"line":92},"4":{"loc":{"start":{"line":93,"column":4},"end":{"line":93,"column":null}},"type":"if","locations":[{"start":{"line":93,"column":4},"end":{"line":93,"column":null}},{"start":{},"end":{}}],"line":93},"5":{"loc":{"start":{"line":96,"column":4},"end":{"line":96,"column":null}},"type":"if","locations":[{"start":{"line":96,"column":4},"end":{"line":96,"column":null}},{"start":{},"end":{}}],"line":96},"6":{"loc":{"start":{"line":97,"column":4},"end":{"line":97,"column":null}},"type":"if","locations":[{"start":{"line":97,"column":4},"end":{"line":97,"column":null}},{"start":{},"end":{}}],"line":97},"7":{"loc":{"start":{"line":106,"column":2},"end":{"line":106,"column":null}},"type":"default-arg","locations":[{"start":{"line":106,"column":14},"end":{"line":106,"column":null}}],"line":106},"8":{"loc":{"start":{"line":115,"column":20},"end":{"line":115,"column":null}},"type":"binary-expr","locations":[{"start":{"line":115,"column":20},"end":{"line":115,"column":61}},{"start":{"line":115,"column":61},"end":{"line":115,"column":null}}],"line":115},"9":{"loc":{"start":{"line":116,"column":20},"end":{"line":116,"column":null}},"type":"binary-expr","locations":[{"start":{"line":116,"column":20},"end":{"line":116,"column":61}},{"start":{"line":116,"column":61},"end":{"line":116,"column":null}}],"line":116},"10":{"loc":{"start":{"line":117,"column":25},"end":{"line":119,"column":null}},"type":"cond-expr","locations":[{"start":{"line":117,"column":38},"end":{"line":118,"column":null}},{"start":{"line":119,"column":10},"end":{"line":119,"column":null}}],"line":117},"11":{"loc":{"start":{"line":120,"column":23},"end":{"line":122,"column":null}},"type":"cond-expr","locations":[{"start":{"line":120,"column":36},"end":{"line":121,"column":null}},{"start":{"line":122,"column":10},"end":{"line":122,"column":null}}],"line":120},"12":{"loc":{"start":{"line":129,"column":19},"end":{"line":129,"column":null}},"type":"binary-expr","locations":[{"start":{"line":129,"column":19},"end":{"line":129,"column":61}},{"start":{"line":129,"column":61},"end":{"line":129,"column":null}}],"line":129},"13":{"loc":{"start":{"line":130,"column":17},"end":{"line":130,"column":null}},"type":"binary-expr","locations":[{"start":{"line":130,"column":17},"end":{"line":130,"column":59}},{"start":{"line":130,"column":59},"end":{"line":130,"column":null}}],"line":130},"14":{"loc":{"start":{"line":131,"column":23},"end":{"line":131,"column":75}},"type":"binary-expr","locations":[{"start":{"line":131,"column":23},"end":{"line":131,"column":70}},{"start":{"line":131,"column":70},"end":{"line":131,"column":75}}],"line":131},"15":{"loc":{"start":{"line":132,"column":21},"end":{"line":132,"column":71}},"type":"binary-expr","locations":[{"start":{"line":132,"column":21},"end":{"line":132,"column":66}},{"start":{"line":132,"column":66},"end":{"line":132,"column":71}}],"line":132},"16":{"loc":{"start":{"line":135,"column":16},"end":{"line":135,"column":null}},"type":"cond-expr","locations":[{"start":{"line":135,"column":30},"end":{"line":135,"column":52}},{"start":{"line":135,"column":52},"end":{"line":135,"column":null}}],"line":135},"17":{"loc":{"start":{"line":136,"column":16},"end":{"line":136,"column":null}},"type":"cond-expr","locations":[{"start":{"line":136,"column":27},"end":{"line":136,"column":39}},{"start":{"line":136,"column":39},"end":{"line":136,"column":null}}],"line":136},"18":{"loc":{"start":{"line":187,"column":27},"end":{"line":189,"column":null}},"type":"cond-expr","locations":[{"start":{"line":188,"column":26},"end":{"line":188,"column":null}},{"start":{"line":189,"column":26},"end":{"line":189,"column":null}}],"line":187},"19":{"loc":{"start":{"line":191,"column":31},"end":{"line":191,"column":null}},"type":"cond-expr","locations":[{"start":{"line":191,"column":46},"end":{"line":191,"column":55}},{"start":{"line":191,"column":55},"end":{"line":191,"column":null}}],"line":191},"20":{"loc":{"start":{"line":193,"column":19},"end":{"line":196,"column":null}},"type":"binary-expr","locations":[{"start":{"line":193,"column":19},"end":{"line":193,"column":null}},{"start":{"line":194,"column":20},"end":{"line":196,"column":null}}],"line":193},"21":{"loc":{"start":{"line":199,"column":17},"end":{"line":200,"column":null}},"type":"binary-expr","locations":[{"start":{"line":199,"column":17},"end":{"line":199,"column":null}},{"start":{"line":200,"column":18},"end":{"line":200,"column":null}}],"line":199},"22":{"loc":{"start":{"line":207,"column":9},"end":{"line":297,"column":null}},"type":"binary-expr","locations":[{"start":{"line":207,"column":9},"end":{"line":207,"column":null}},{"start":{"line":208,"column":10},"end":{"line":297,"column":null}}],"line":207},"23":{"loc":{"start":{"line":251,"column":19},"end":{"line":261,"column":null}},"type":"cond-expr","locations":[{"start":{"line":252,"column":20},"end":{"line":259,"column":null}},{"start":{"line":261,"column":20},"end":{"line":261,"column":null}}],"line":251},"24":{"loc":{"start":{"line":282,"column":19},"end":{"line":292,"column":null}},"type":"cond-expr","locations":[{"start":{"line":283,"column":20},"end":{"line":290,"column":null}},{"start":{"line":292,"column":20},"end":{"line":292,"column":null}}],"line":282},"25":{"loc":{"start":{"line":311,"column":13},"end":{"line":311,"column":null}},"type":"cond-expr","locations":[{"start":{"line":311,"column":25},"end":{"line":311,"column":39}},{"start":{"line":311,"column":39},"end":{"line":311,"column":null}}],"line":311}},"s":{"0":1,"1":14,"2":16,"3":10,"4":6,"5":6,"6":6,"7":16,"8":5,"9":4,"10":1,"11":0,"12":1,"13":11,"14":4,"15":7,"16":2,"17":5,"18":26,"19":26,"20":26,"21":26,"22":26,"23":26,"24":26,"25":26,"26":26,"27":26,"28":26,"29":26,"30":0,"31":0,"32":26,"33":104,"34":104},"f":{"0":14,"1":16,"2":16,"3":26,"4":26,"5":0,"6":104},"b":{"0":[10,6],"1":[0,6],"2":[5,11],"3":[4,1],"4":[0,1],"5":[4,7],"6":[2,5],"7":[26],"8":[26,24],"9":[26,24],"10":[2,24],"11":[2,24],"12":[26,12],"13":[26,15],"14":[26,18],"15":[26,21],"16":[5,21],"17":[11,15],"18":[52,52],"19":[52,52],"20":[104,52],"21":[104,0],"22":[26,14],"23":[5,9],"24":[11,3],"25":[2,24]},"meta":{"lastBranch":26,"lastFunction":7,"lastStatement":35,"seen":{"s:40:30:73:Infinity":0,"f:75:9:75:24":0,"s:76:2:81:Infinity":1,"f:84:9:84:29":1,"b:85:2:85:Infinity:undefined:undefined:undefined:undefined":0,"s:85:2:85:Infinity":2,"s:85:18:85:Infinity":3,"b:86:2:86:Infinity:undefined:undefined:undefined:undefined":1,"s:86:2:86:Infinity":4,"s:86:20:86:Infinity":5,"s:87:2:87:Infinity":6,"f:90:9:90:29":2,"b:91:2:99:Infinity:95:9:99:Infinity":2,"s:91:2:99:Infinity":7,"b:92:4:92:Infinity:undefined:undefined:undefined:undefined":3,"s:92:4:92:Infinity":8,"s:92:19:92:Infinity":9,"b:93:4:93:Infinity:undefined:undefined:undefined:undefined":4,"s:93:4:93:Infinity":10,"s:93:21:93:Infinity":11,"s:94:4:94:Infinity":12,"b:96:4:96:Infinity:undefined:undefined:undefined:undefined":5,"s:96:4:96:Infinity":13,"s:96:19:96:Infinity":14,"b:97:4:97:Infinity:undefined:undefined:undefined:undefined":6,"s:97:4:97:Infinity":15,"s:97:21:97:Infinity":16,"s:98:4:98:Infinity":17,"f:102:24:102:32":3,"b:106:14:106:Infinity":7,"s:113:2:124:Infinity":18,"b:115:20:115:61:115:61:115:Infinity":8,"b:116:20:116:61:116:61:116:Infinity":9,"b:117:38:118:Infinity:119:10:119:Infinity":10,"b:120:36:121:Infinity:122:10:122:Infinity":11,"s:126:24:126:Infinity":19,"s:128:8:139:Infinity":20,"f:128:35:128:41":4,"s:129:19:129:Infinity":21,"b:129:19:129:61:129:61:129:Infinity":12,"s:130:17:130:Infinity":22,"b:130:17:130:59:130:59:130:Infinity":13,"s:131:10:131:Infinity":23,"b:131:23:131:70:131:70:131:75":14,"s:132:10:132:Infinity":24,"b:132:21:132:66:132:66:132:71":15,"s:134:15:134:Infinity":25,"s:135:16:135:Infinity":26,"b:135:30:135:52:135:52:135:Infinity":16,"s:136:16:136:Infinity":27,"b:136:27:136:39:136:39:136:Infinity":17,"s:138:4:138:Infinity":28,"s:141:27:149:Infinity":29,"f:141:27:141:28":5,"s:142:29:147:Infinity":30,"s:148:4:148:Infinity":31,"s:151:2:315:Infinity":32,"f:155:22:155:23":6,"s:156:25:156:Infinity":33,"s:157:12:202:Infinity":34,"b:188:26:188:Infinity:189:26:189:Infinity":18,"b:191:46:191:55:191:55:191:Infinity":19,"b:193:19:193:Infinity:194:20:196:Infinity":20,"b:199:17:199:Infinity:200:18:200:Infinity":21,"b:207:9:207:Infinity:208:10:297:Infinity":22,"b:252:20:259:Infinity:261:20:261:Infinity":23,"b:283:20:290:Infinity:292:20:292:Infinity":24,"b:311:25:311:39:311:39:311:Infinity":25}}}
,"/Volumes/Work/Dev/project-score-card/frontend/src/components/Forms/ProjectForm.tsx": {"path":"/Volumes/Work/Dev/project-score-card/frontend/src/components/Forms/ProjectForm.tsx","statementMap":{"0":{"start":{"line":8,"column":2},"end":{"line":10,"column":null}},"1":{"start":{"line":9,"column":4},"end":{"line":9,"column":null}},"2":{"start":{"line":11,"column":2},"end":{"line":11,"column":null}},"3":{"start":{"line":35,"column":21},"end":{"line":35,"column":null}},"4":{"start":{"line":42,"column":2},"end":{"line":50,"column":null}},"5":{"start":{"line":52,"column":20},"end":{"line":52,"column":null}},"6":{"start":{"line":54,"column":27},"end":{"line":63,"column":null}},"7":{"start":{"line":55,"column":35},"end":{"line":61,"column":null}},"8":{"start":{"line":62,"column":4},"end":{"line":62,"column":null}},"9":{"start":{"line":65,"column":2},"end":{"line":182,"column":null}},"10":{"start":{"line":150,"column":16},"end":{"line":150,"column":null}},"11":{"start":{"line":150,"column":42},"end":{"line":150,"column":null}},"12":{"start":{"line":151,"column":16},"end":{"line":153,"column":null}}},"fnMap":{"0":{"name":"getSubmitButtonText","decl":{"start":{"line":7,"column":9},"end":{"line":7,"column":29}},"loc":{"start":{"line":7,"column":78},"end":{"line":12,"column":null}},"line":7},"1":{"name":"ProjectForm","decl":{"start":{"line":29,"column":24},"end":{"line":29,"column":36}},"loc":{"start":{"line":34,"column":34},"end":{"line":184,"column":null}},"line":34},"2":{"name":"(anonymous_2)","decl":{"start":{"line":54,"column":27},"end":{"line":54,"column":28}},"loc":{"start":{"line":54,"column":60},"end":{"line":63,"column":null}},"line":54},"3":{"name":"(anonymous_3)","decl":{"start":{"line":149,"column":24},"end":{"line":149,"column":25}},"loc":{"start":{"line":149,"column":35},"end":{"line":155,"column":null}},"line":149}},"branchMap":{"0":{"loc":{"start":{"line":8,"column":2},"end":{"line":10,"column":null}},"type":"if","locations":[{"start":{"line":8,"column":2},"end":{"line":10,"column":null}},{"start":{},"end":{}}],"line":8},"1":{"loc":{"start":{"line":9,"column":11},"end":{"line":9,"column":null}},"type":"cond-expr","locations":[{"start":{"line":9,"column":24},"end":{"line":9,"column":38}},{"start":{"line":9,"column":38},"end":{"line":9,"column":null}}],"line":9},"2":{"loc":{"start":{"line":11,"column":9},"end":{"line":11,"column":null}},"type":"cond-expr","locations":[{"start":{"line":11,"column":22},"end":{"line":11,"column":39}},{"start":{"line":11,"column":39},"end":{"line":11,"column":null}}],"line":11},"3":{"loc":{"start":{"line":33,"column":2},"end":{"line":33,"column":null}},"type":"default-arg","locations":[{"start":{"line":33,"column":14},"end":{"line":33,"column":null}}],"line":33},"4":{"loc":{"start":{"line":44,"column":12},"end":{"line":44,"column":null}},"type":"binary-expr","locations":[{"start":{"line":44,"column":12},"end":{"line":44,"column":29}},{"start":{"line":44,"column":29},"end":{"line":44,"column":null}}],"line":44},"5":{"loc":{"start":{"line":45,"column":24},"end":{"line":45,"column":null}},"type":"binary-expr","locations":[{"start":{"line":45,"column":24},"end":{"line":45,"column":53}},{"start":{"line":45,"column":53},"end":{"line":45,"column":null}}],"line":45},"6":{"loc":{"start":{"line":46,"column":19},"end":{"line":46,"column":null}},"type":"binary-expr","locations":[{"start":{"line":46,"column":19},"end":{"line":46,"column":43}},{"start":{"line":46,"column":43},"end":{"line":46,"column":null}}],"line":46},"7":{"loc":{"start":{"line":47,"column":18},"end":{"line":47,"column":null}},"type":"binary-expr","locations":[{"start":{"line":47,"column":18},"end":{"line":47,"column":41}},{"start":{"line":47,"column":41},"end":{"line":47,"column":null}}],"line":47},"8":{"loc":{"start":{"line":48,"column":16},"end":{"line":48,"column":null}},"type":"binary-expr","locations":[{"start":{"line":48,"column":16},"end":{"line":48,"column":37}},{"start":{"line":48,"column":37},"end":{"line":48,"column":null}}],"line":48},"9":{"loc":{"start":{"line":57,"column":24},"end":{"line":57,"column":null}},"type":"binary-expr","locations":[{"start":{"line":57,"column":24},"end":{"line":57,"column":49}},{"start":{"line":57,"column":49},"end":{"line":57,"column":null}}],"line":57},"10":{"loc":{"start":{"line":58,"column":19},"end":{"line":58,"column":null}},"type":"binary-expr","locations":[{"start":{"line":58,"column":19},"end":{"line":58,"column":39}},{"start":{"line":58,"column":39},"end":{"line":58,"column":null}}],"line":58},"11":{"loc":{"start":{"line":59,"column":18},"end":{"line":59,"column":null}},"type":"cond-expr","locations":[{"start":{"line":59,"column":69},"end":{"line":59,"column":87}},{"start":{"line":59,"column":87},"end":{"line":59,"column":null}}],"line":59},"12":{"loc":{"start":{"line":59,"column":18},"end":{"line":59,"column":69}},"type":"binary-expr","locations":[{"start":{"line":59,"column":18},"end":{"line":59,"column":37}},{"start":{"line":59,"column":37},"end":{"line":59,"column":69}}],"line":59},"13":{"loc":{"start":{"line":60,"column":16},"end":{"line":60,"column":null}},"type":"cond-expr","locations":[{"start":{"line":60,"column":63},"end":{"line":60,"column":79}},{"start":{"line":60,"column":79},"end":{"line":60,"column":null}}],"line":60},"14":{"loc":{"start":{"line":60,"column":16},"end":{"line":60,"column":63}},"type":"binary-expr","locations":[{"start":{"line":60,"column":16},"end":{"line":60,"column":33}},{"start":{"line":60,"column":33},"end":{"line":60,"column":63}}],"line":60},"15":{"loc":{"start":{"line":76,"column":9},"end":{"line":77,"column":null}},"type":"binary-expr","locations":[{"start":{"line":76,"column":9},"end":{"line":76,"column":null}},{"start":{"line":77,"column":10},"end":{"line":77,"column":null}}],"line":76},"16":{"loc":{"start":{"line":108,"column":9},"end":{"line":109,"column":null}},"type":"binary-expr","locations":[{"start":{"line":108,"column":9},"end":{"line":108,"column":null}},{"start":{"line":109,"column":10},"end":{"line":109,"column":null}}],"line":108},"17":{"loc":{"start":{"line":130,"column":11},"end":{"line":131,"column":null}},"type":"binary-expr","locations":[{"start":{"line":130,"column":11},"end":{"line":130,"column":null}},{"start":{"line":131,"column":12},"end":{"line":131,"column":null}}],"line":130},"18":{"loc":{"start":{"line":150,"column":16},"end":{"line":150,"column":null}},"type":"if","locations":[{"start":{"line":150,"column":16},"end":{"line":150,"column":null}},{"start":{},"end":{}}],"line":150},"19":{"loc":{"start":{"line":150,"column":20},"end":{"line":150,"column":42}},"type":"binary-expr","locations":[{"start":{"line":150,"column":20},"end":{"line":150,"column":30}},{"start":{"line":150,"column":30},"end":{"line":150,"column":42}}],"line":150},"20":{"loc":{"start":{"line":152,"column":18},"end":{"line":153,"column":null}},"type":"binary-expr","locations":[{"start":{"line":152,"column":18},"end":{"line":152,"column":null}},{"start":{"line":153,"column":18},"end":{"line":153,"column":null}}],"line":152},"21":{"loc":{"start":{"line":158,"column":11},"end":{"line":159,"column":null}},"type":"binary-expr","locations":[{"start":{"line":158,"column":11},"end":{"line":158,"column":null}},{"start":{"line":159,"column":12},"end":{"line":159,"column":null}}],"line":158}},"s":{"0":53,"1":4,"2":49,"3":54,"4":54,"5":54,"6":54,"7":6,"8":6,"9":54,"10":9,"11":7,"12":2},"f":{"0":53,"1":54,"2":6,"3":9},"b":{"0":[4,49],"1":[2,2],"2":[10,39],"3":[54],"4":[54,41],"5":[54,47],"6":[54,51],"7":[54,51],"8":[54,51],"9":[6,4],"10":[6,4],"11":[1,5],"12":[6,1],"13":[1,5],"14":[6,1],"15":[54,1],"16":[54,1],"17":[54,0],"18":[7,2],"19":[9,2],"20":[2,1],"21":[54,1]},"meta":{"lastBranch":22,"lastFunction":4,"lastStatement":13,"seen":{"f:7:9:7:29":0,"b:8:2:10:Infinity:undefined:undefined:undefined:undefined":0,"s:8:2:10:Infinity":0,"s:9:4:9:Infinity":1,"b:9:24:9:38:9:38:9:Infinity":1,"s:11:2:11:Infinity":2,"b:11:22:11:39:11:39:11:Infinity":2,"f:29:24:29:36":1,"b:33:14:33:Infinity":3,"s:35:21:35:Infinity":3,"s:42:2:50:Infinity":4,"b:44:12:44:29:44:29:44:Infinity":4,"b:45:24:45:53:45:53:45:Infinity":5,"b:46:19:46:43:46:43:46:Infinity":6,"b:47:18:47:41:47:41:47:Infinity":7,"b:48:16:48:37:48:37:48:Infinity":8,"s:52:20:52:Infinity":5,"s:54:27:63:Infinity":6,"f:54:27:54:28":2,"s:55:35:61:Infinity":7,"b:57:24:57:49:57:49:57:Infinity":9,"b:58:19:58:39:58:39:58:Infinity":10,"b:59:69:59:87:59:87:59:Infinity":11,"b:59:18:59:37:59:37:59:69":12,"b:60:63:60:79:60:79:60:Infinity":13,"b:60:16:60:33:60:33:60:63":14,"s:62:4:62:Infinity":8,"s:65:2:182:Infinity":9,"b:76:9:76:Infinity:77:10:77:Infinity":15,"b:108:9:108:Infinity:109:10:109:Infinity":16,"b:130:11:130:Infinity:131:12:131:Infinity":17,"f:149:24:149:25":3,"b:150:16:150:Infinity:undefined:undefined:undefined:undefined":18,"s:150:16:150:Infinity":10,"b:150:20:150:30:150:30:150:42":19,"s:150:42:150:Infinity":11,"s:151:16:153:Infinity":12,"b:152:18:152:Infinity:153:18:153:Infinity":20,"b:158:11:158:Infinity:159:12:159:Infinity":21}}}
,"/Volumes/Work/Dev/project-score-card/frontend/src/components/ScoreCard/ScoreCard.tsx": {"path":"/Volumes/Work/Dev/project-score-card/frontend/src/components/ScoreCard/ScoreCard.tsx","statementMap":{"0":{"start":{"line":15,"column":2},"end":{"line":15,"column":null}},"1":{"start":{"line":19,"column":2},"end":{"line":19,"column":null}},"2":{"start":{"line":23,"column":2},"end":{"line":51,"column":null}},"3":{"start":{"line":61,"column":2},"end":{"line":65,"column":null}}},"fnMap":{"0":{"name":"getScoreColor","decl":{"start":{"line":14,"column":9},"end":{"line":14,"column":33}},"loc":{"start":{"line":14,"column":33},"end":{"line":16,"column":null}},"line":14},"1":{"name":"getScoreBgColor","decl":{"start":{"line":18,"column":9},"end":{"line":18,"column":35}},"loc":{"start":{"line":18,"column":35},"end":{"line":20,"column":null}},"line":18},"2":{"name":"ScoreCard","decl":{"start":{"line":22,"column":24},"end":{"line":22,"column":34}},"loc":{"start":{"line":22,"column":99},"end":{"line":53,"column":null}},"line":22},"3":{"name":"DimensionBadge","decl":{"start":{"line":60,"column":9},"end":{"line":60,"column":24}},"loc":{"start":{"line":60,"column":76},"end":{"line":67,"column":null}},"line":60}},"branchMap":{"0":{"loc":{"start":{"line":22,"column":43},"end":{"line":22,"column":67}},"type":"default-arg","locations":[{"start":{"line":22,"column":51},"end":{"line":22,"column":67}}],"line":22}},"s":{"0":72,"1":8,"2":8,"3":64},"f":{"0":72,"1":8,"2":8,"3":64},"b":{"0":[8]},"meta":{"lastBranch":1,"lastFunction":4,"lastStatement":4,"seen":{"f:14:9:14:33":0,"s:15:2:15:Infinity":0,"f:18:9:18:35":1,"s:19:2:19:Infinity":1,"f:22:24:22:34":2,"b:22:51:22:67":0,"s:23:2:51:Infinity":2,"f:60:9:60:24":3,"s:61:2:65:Infinity":3}}}
,"/Volumes/Work/Dev/project-score-card/frontend/src/components/layout/ThemeToggle.tsx": {"path":"/Volumes/Work/Dev/project-score-card/frontend/src/components/layout/ThemeToggle.tsx","statementMap":{"0":{"start":{"line":6,"column":26},"end":{"line":6,"column":null}},"1":{"start":{"line":8,"column":2},"end":{"line":17,"column":null}},"2":{"start":{"line":12,"column":21},"end":{"line":12,"column":null}}},"fnMap":{"0":{"name":"ThemeToggle","decl":{"start":{"line":5,"column":16},"end":{"line":5,"column":30}},"loc":{"start":{"line":5,"column":30},"end":{"line":19,"column":null}},"line":5},"1":{"name":"(anonymous_1)","decl":{"start":{"line":12,"column":15},"end":{"line":12,"column":21}},"loc":{"start":{"line":12,"column":21},"end":{"line":12,"column":null}},"line":12}},"branchMap":{"0":{"loc":{"start":{"line":12,"column":30},"end":{"line":12,"column":65}},"type":"cond-expr","locations":[{"start":{"line":12,"column":49},"end":{"line":12,"column":59}},{"start":{"line":12,"column":59},"end":{"line":12,"column":65}}],"line":12}},"s":{"0":1,"1":1,"2":0},"f":{"0":1,"1":0},"b":{"0":[0,0]},"meta":{"lastBranch":1,"lastFunction":2,"lastStatement":3,"seen":{"f:5:16:5:30":0,"s:6:26:6:Infinity":0,"s:8:2:17:Infinity":1,"f:12:15:12:21":1,"s:12:21:12:Infinity":2,"b:12:49:12:59:12:59:12:65":0}}}
,"/Volumes/Work/Dev/project-score-card/frontend/src/components/ui/alert.tsx": {"path":"/Volumes/Work/Dev/project-score-card/frontend/src/components/ui/alert.tsx","statementMap":{"0":{"start":{"line":6,"column":6},"end":{"line":20,"column":null}},"1":{"start":{"line":22,"column":14},"end":{"line":32,"column":null}},"2":{"start":{"line":26,"column":2},"end":{"line":31,"column":null}},"3":{"start":{"line":33,"column":0},"end":{"line":33,"column":null}},"4":{"start":{"line":35,"column":19},"end":{"line":44,"column":null}},"5":{"start":{"line":39,"column":2},"end":{"line":43,"column":null}},"6":{"start":{"line":45,"column":0},"end":{"line":45,"column":null}},"7":{"start":{"line":47,"column":25},"end":{"line":56,"column":null}},"8":{"start":{"line":51,"column":2},"end":{"line":55,"column":null}},"9":{"start":{"line":57,"column":0},"end":{"line":57,"column":null}}},"fnMap":{"0":{"name":"(anonymous_0)","decl":{"start":{"line":25,"column":2},"end":{"line":25,"column":3}},"loc":{"start":{"line":26,"column":2},"end":{"line":31,"column":null}},"line":26},"1":{"name":"(anonymous_1)","decl":{"start":{"line":38,"column":2},"end":{"line":38,"column":3}},"loc":{"start":{"line":39,"column":2},"end":{"line":43,"column":null}},"line":39},"2":{"name":"(anonymous_2)","decl":{"start":{"line":50,"column":2},"end":{"line":50,"column":3}},"loc":{"start":{"line":51,"column":2},"end":{"line":55,"column":null}},"line":51}},"branchMap":{},"s":{"0":1,"1":1,"2":0,"3":1,"4":1,"5":0,"6":1,"7":1,"8":0,"9":1},"f":{"0":0,"1":0,"2":0},"b":{},"meta":{"lastBranch":0,"lastFunction":3,"lastStatement":10,"seen":{"s:6:6:20:Infinity":0,"s:22:14:32:Infinity":1,"f:25:2:25:3":0,"s:26:2:31:Infinity":2,"s:33:0:33:Infinity":3,"s:35:19:44:Infinity":4,"f:38:2:38:3":1,"s:39:2:43:Infinity":5,"s:45:0:45:Infinity":6,"s:47:25:56:Infinity":7,"f:50:2:50:3":2,"s:51:2:55:Infinity":8,"s:57:0:57:Infinity":9}}}
,"/Volumes/Work/Dev/project-score-card/frontend/src/components/ui/badge.tsx": {"path":"/Volumes/Work/Dev/project-score-card/frontend/src/components/ui/badge.tsx","statementMap":{"0":{"start":{"line":6,"column":6},"end":{"line":24,"column":null}},"1":{"start":{"line":31,"column":2},"end":{"line":32,"column":null}}},"fnMap":{"0":{"name":"Badge","decl":{"start":{"line":30,"column":9},"end":{"line":30,"column":15}},"loc":{"start":{"line":30,"column":61},"end":{"line":34,"column":null}},"line":30}},"branchMap":{},"s":{"0":1,"1":38},"f":{"0":38},"b":{},"meta":{"lastBranch":0,"lastFunction":1,"lastStatement":2,"seen":{"s:6:6:24:Infinity":0,"f:30:9:30:15":0,"s:31:2:32:Infinity":1}}}
,"/Volumes/Work/Dev/project-score-card/frontend/src/components/ui/button.tsx": {"path":"/Volumes/Work/Dev/project-score-card/frontend/src/components/ui/button.tsx","statementMap":{"0":{"start":{"line":7,"column":6},"end":{"line":35,"column":null}},"1":{"start":{"line":43,"column":15},"end":{"line":54,"column":null}},"2":{"start":{"line":45,"column":17},"end":{"line":45,"column":null}},"3":{"start":{"line":46,"column":4},"end":{"line":51,"column":null}},"4":{"start":{"line":55,"column":0},"end":{"line":55,"column":null}}},"fnMap":{"0":{"name":"(anonymous_0)","decl":{"start":{"line":44,"column":2},"end":{"line":44,"column":3}},"loc":{"start":{"line":44,"column":68},"end":{"line":53,"column":null}},"line":44}},"branchMap":{"0":{"loc":{"start":{"line":44,"column":31},"end":{"line":44,"column":48}},"type":"default-arg","locations":[{"start":{"line":44,"column":41},"end":{"line":44,"column":48}}],"line":44},"1":{"loc":{"start":{"line":45,"column":17},"end":{"line":45,"column":null}},"type":"cond-expr","locations":[{"start":{"line":45,"column":27},"end":{"line":45,"column":34}},{"start":{"line":45,"column":34},"end":{"line":45,"column":null}}],"line":45}},"s":{"0":4,"1":4,"2":161,"3":161,"4":4},"f":{"0":161},"b":{"0":[161],"1":[0,161]},"meta":{"lastBranch":2,"lastFunction":1,"lastStatement":5,"seen":{"s:7:6:35:Infinity":0,"s:43:15:54:Infinity":1,"f:44:2:44:3":0,"b:44:41:44:48":0,"s:45:17:45:Infinity":2,"b:45:27:45:34:45:34:45:Infinity":1,"s:46:4:51:Infinity":3,"s:55:0:55:Infinity":4}}}
,"/Volumes/Work/Dev/project-score-card/frontend/src/components/ui/card.tsx": {"path":"/Volumes/Work/Dev/project-score-card/frontend/src/components/ui/card.tsx","statementMap":{"0":{"start":{"line":5,"column":13},"end":{"line":17,"column":null}},"1":{"start":{"line":9,"column":2},"end":{"line":16,"column":null}},"2":{"start":{"line":18,"column":0},"end":{"line":18,"column":null}},"3":{"start":{"line":20,"column":19},"end":{"line":29,"column":null}},"4":{"start":{"line":24,"column":2},"end":{"line":28,"column":null}},"5":{"start":{"line":30,"column":0},"end":{"line":30,"column":null}},"6":{"start":{"line":32,"column":18},"end":{"line":41,"column":null}},"7":{"start":{"line":36,"column":2},"end":{"line":40,"column":null}},"8":{"start":{"line":42,"column":0},"end":{"line":42,"column":null}},"9":{"start":{"line":44,"column":24},"end":{"line":53,"column":null}},"10":{"start":{"line":48,"column":2},"end":{"line":52,"column":null}},"11":{"start":{"line":54,"column":0},"end":{"line":54,"column":null}},"12":{"start":{"line":56,"column":20},"end":{"line":61,"column":null}},"13":{"start":{"line":60,"column":2},"end":{"line":60,"column":null}},"14":{"start":{"line":62,"column":0},"end":{"line":62,"column":null}},"15":{"start":{"line":64,"column":19},"end":{"line":73,"column":null}},"16":{"start":{"line":68,"column":2},"end":{"line":72,"column":null}},"17":{"start":{"line":74,"column":0},"end":{"line":74,"column":null}}},"fnMap":{"0":{"name":"(anonymous_0)","decl":{"start":{"line":8,"column":2},"end":{"line":8,"column":3}},"loc":{"start":{"line":9,"column":2},"end":{"line":16,"column":null}},"line":9},"1":{"name":"(anonymous_1)","decl":{"start":{"line":23,"column":2},"end":{"line":23,"column":3}},"loc":{"start":{"line":24,"column":2},"end":{"line":28,"column":null}},"line":24},"2":{"name":"(anonymous_2)","decl":{"start":{"line":35,"column":2},"end":{"line":35,"column":3}},"loc":{"start":{"line":36,"column":2},"end":{"line":40,"column":null}},"line":36},"3":{"name":"(anonymous_3)","decl":{"start":{"line":47,"column":2},"end":{"line":47,"column":3}},"loc":{"start":{"line":48,"column":2},"end":{"line":52,"column":null}},"line":48},"4":{"name":"(anonymous_4)","decl":{"start":{"line":59,"column":2},"end":{"line":59,"column":3}},"loc":{"start":{"line":60,"column":2},"end":{"line":60,"column":null}},"line":60},"5":{"name":"(anonymous_5)","decl":{"start":{"line":67,"column":2},"end":{"line":67,"column":3}},"loc":{"start":{"line":68,"column":2},"end":{"line":72,"column":null}},"line":68}},"branchMap":{},"s":{"0":4,"1":64,"2":4,"3":4,"4":26,"5":4,"6":4,"7":64,"8":4,"9":4,"10":0,"11":4,"12":4,"13":26,"14":4,"15":4,"16":0,"17":4},"f":{"0":64,"1":26,"2":64,"3":0,"4":26,"5":0},"b":{},"meta":{"lastBranch":0,"lastFunction":6,"lastStatement":18,"seen":{"s:5:13:17:Infinity":0,"f:8:2:8:3":0,"s:9:2:16:Infinity":1,"s:18:0:18:Infinity":2,"s:20:19:29:Infinity":3,"f:23:2:23:3":1,"s:24:2:28:Infinity":4,"s:30:0:30:Infinity":5,"s:32:18:41:Infinity":6,"f:35:2:35:3":2,"s:36:2:40:Infinity":7,"s:42:0:42:Infinity":8,"s:44:24:53:Infinity":9,"f:47:2:47:3":3,"s:48:2:52:Infinity":10,"s:54:0:54:Infinity":11,"s:56:20:61:Infinity":12,"f:59:2:59:3":4,"s:60:2:60:Infinity":13,"s:62:0:62:Infinity":14,"s:64:19:73:Infinity":15,"f:67:2:67:3":5,"s:68:2:72:Infinity":16,"s:74:0:74:Infinity":17}}}
,"/Volumes/Work/Dev/project-score-card/frontend/src/components/ui/input.tsx": {"path":"/Volumes/Work/Dev/project-score-card/frontend/src/components/ui/input.tsx","statementMap":{"0":{"start":{"line":5,"column":14},"end":{"line":19,"column":null}},"1":{"start":{"line":7,"column":4},"end":{"line":16,"column":null}},"2":{"start":{"line":20,"column":0},"end":{"line":20,"column":null}}},"fnMap":{"0":{"name":"(anonymous_0)","decl":{"start":{"line":6,"column":2},"end":{"line":6,"column":3}},"loc":{"start":{"line":6,"column":42},"end":{"line":18,"column":null}},"line":6}},"branchMap":{},"s":{"0":3,"1":369,"2":3},"f":{"0":369},"b":{},"meta":{"lastBranch":0,"lastFunction":1,"lastStatement":3,"seen":{"s:5:14:19:Infinity":0,"f:6:2:6:3":0,"s:7:4:16:Infinity":1,"s:20:0:20:Infinity":2}}}
,"/Volumes/Work/Dev/project-score-card/frontend/src/components/ui/label.tsx": {"path":"/Volumes/Work/Dev/project-score-card/frontend/src/components/ui/label.tsx","statementMap":{"0":{"start":{"line":7,"column":6},"end":{"line":9,"column":null}},"1":{"start":{"line":11,"column":14},"end":{"line":21,"column":null}},"2":{"start":{"line":16,"column":2},"end":{"line":20,"column":null}},"3":{"start":{"line":22,"column":0},"end":{"line":22,"column":null}}},"fnMap":{"0":{"name":"(anonymous_0)","decl":{"start":{"line":15,"column":2},"end":{"line":15,"column":3}},"loc":{"start":{"line":16,"column":2},"end":{"line":20,"column":null}},"line":16}},"branchMap":{},"s":{"0":2,"1":2,"2":369,"3":2},"f":{"0":369},"b":{},"meta":{"lastBranch":0,"lastFunction":1,"lastStatement":4,"seen":{"s:7:6:9:Infinity":0,"s:11:14:21:Infinity":1,"f:15:2:15:3":0,"s:16:2:20:Infinity":2,"s:22:0:22:Infinity":3}}}
,"/Volumes/Work/Dev/project-score-card/frontend/src/components/ui/textarea.tsx": {"path":"/Volumes/Work/Dev/project-score-card/frontend/src/components/ui/textarea.tsx","statementMap":{"0":{"start":{"line":8,"column":17},"end":{"line":21,"column":null}},"1":{"start":{"line":10,"column":4},"end":{"line":18,"column":null}},"2":{"start":{"line":22,"column":0},"end":{"line":22,"column":null}}},"fnMap":{"0":{"name":"(anonymous_0)","decl":{"start":{"line":9,"column":2},"end":{"line":9,"column":3}},"loc":{"start":{"line":9,"column":36},"end":{"line":20,"column":null}},"line":9}},"branchMap":{},"s":{"0":1,"1":0,"2":1},"f":{"0":0},"b":{},"meta":{"lastBranch":0,"lastFunction":1,"lastStatement":3,"seen":{"s:8:17:21:Infinity":0,"f:9:2:9:3":0,"s:10:4:18:Infinity":1,"s:22:0:22:Infinity":2}}}
,"/Volumes/Work/Dev/project-score-card/frontend/src/components/ui/tooltip.tsx": {"path":"/Volumes/Work/Dev/project-score-card/frontend/src/components/ui/tooltip.tsx","statementMap":{"0":{"start":{"line":6,"column":24},"end":{"line":6,"column":null}},"1":{"start":{"line":8,"column":16},"end":{"line":8,"column":null}},"2":{"start":{"line":10,"column":23},"end":{"line":10,"column":null}},"3":{"start":{"line":12,"column":23},"end":{"line":27,"column":null}},"4":{"start":{"line":16,"column":2},"end":{"line":26,"column":null}},"5":{"start":{"line":28,"column":0},"end":{"line":28,"column":null}}},"fnMap":{"0":{"name":"(anonymous_0)","decl":{"start":{"line":15,"column":2},"end":{"line":15,"column":3}},"loc":{"start":{"line":16,"column":2},"end":{"line":26,"column":null}},"line":16}},"branchMap":{"0":{"loc":{"start":{"line":15,"column":16},"end":{"line":15,"column":32}},"type":"default-arg","locations":[{"start":{"line":15,"column":29},"end":{"line":15,"column":32}}],"line":15}},"s":{"0":1,"1":1,"2":1,"3":1,"4":146,"5":1},"f":{"0":146},"b":{"0":[146]},"meta":{"lastBranch":1,"lastFunction":1,"lastStatement":6,"seen":{"s:6:24:6:Infinity":0,"s:8:16:8:Infinity":1,"s:10:23:10:Infinity":2,"s:12:23:27:Infinity":3,"f:15:2:15:3":0,"s:16:2:26:Infinity":4,"b:15:29:15:32":0,"s:28:0:28:Infinity":5}}}
,"/Volumes/Work/Dev/project-score-card/frontend/src/contexts/AuthContext.tsx": {"path":"/Volumes/Work/Dev/project-score-card/frontend/src/contexts/AuthContext.tsx","statementMap":{"0":{"start":{"line":24,"column":26},"end":{"line":24,"column":null}},"1":{"start":{"line":25,"column":25},"end":{"line":25,"column":null}},"2":{"start":{"line":27,"column":38},"end":{"line":31,"column":null}},"3":{"start":{"line":33,"column":13},"end":{"line":33,"column":null}},"4":{"start":{"line":40,"column":32},"end":{"line":40,"column":null}},"5":{"start":{"line":43,"column":2},"end":{"line":66,"column":null}},"6":{"start":{"line":44,"column":21},"end":{"line":63,"column":null}},"7":{"start":{"line":45,"column":20},"end":{"line":45,"column":null}},"8":{"start":{"line":46,"column":23},"end":{"line":46,"column":null}},"9":{"start":{"line":48,"column":6},"end":{"line":62,"column":null}},"10":{"start":{"line":49,"column":8},"end":{"line":59,"column":null}},"11":{"start":{"line":50,"column":23},"end":{"line":50,"column":null}},"12":{"start":{"line":51,"column":10},"end":{"line":55,"column":null}},"13":{"start":{"line":57,"column":10},"end":{"line":57,"column":null}},"14":{"start":{"line":58,"column":10},"end":{"line":58,"column":null}},"15":{"start":{"line":61,"column":8},"end":{"line":61,"column":null}},"16":{"start":{"line":61,"column":32},"end":{"line":61,"column":62}},"17":{"start":{"line":65,"column":4},"end":{"line":65,"column":null}},"18":{"start":{"line":79,"column":16},"end":{"line":83,"column":null}},"19":{"start":{"line":81,"column":4},"end":{"line":81,"column":null}},"20":{"start":{"line":82,"column":4},"end":{"line":82,"column":null}},"21":{"start":{"line":88,"column":17},"end":{"line":96,"column":null}},"22":{"start":{"line":89,"column":4},"end":{"line":89,"column":null}},"23":{"start":{"line":90,"column":4},"end":{"line":90,"column":null}},"24":{"start":{"line":91,"column":4},"end":{"line":95,"column":null}},"25":{"start":{"line":102,"column":19},"end":{"line":106,"column":null}},"26":{"start":{"line":103,"column":4},"end":{"line":103,"column":null}},"27":{"start":{"line":111,"column":19},"end":{"line":113,"column":null}},"28":{"start":{"line":112,"column":4},"end":{"line":112,"column":null}},"29":{"start":{"line":115,"column":40},"end":{"line":121,"column":null}},"30":{"start":{"line":123,"column":2},"end":{"line":126,"column":null}}},"fnMap":{"0":{"name":"AuthProvider","decl":{"start":{"line":39,"column":16},"end":{"line":39,"column":29}},"loc":{"start":{"line":39,"column":75},"end":{"line":128,"column":1}},"line":39},"1":{"name":"(anonymous_1)","decl":{"start":{"line":43,"column":12},"end":{"line":43,"column":18}},"loc":{"start":{"line":43,"column":18},"end":{"line":66,"column":5}},"line":43},"2":{"name":"(anonymous_2)","decl":{"start":{"line":44,"column":21},"end":{"line":44,"column":33}},"loc":{"start":{"line":44,"column":33},"end":{"line":63,"column":null}},"line":44},"3":{"name":"(anonymous_3)","decl":{"start":{"line":61,"column":21},"end":{"line":61,"column":22}},"loc":{"start":{"line":61,"column":32},"end":{"line":61,"column":62}},"line":61},"4":{"name":"(anonymous_4)","decl":{"start":{"line":79,"column":16},"end":{"line":79,"column":43}},"loc":{"start":{"line":79,"column":43},"end":{"line":83,"column":null}},"line":79},"5":{"name":"(anonymous_5)","decl":{"start":{"line":88,"column":17},"end":{"line":88,"column":29}},"loc":{"start":{"line":88,"column":29},"end":{"line":96,"column":null}},"line":88},"6":{"name":"(anonymous_6)","decl":{"start":{"line":102,"column":19},"end":{"line":102,"column":20}},"loc":{"start":{"line":102,"column":44},"end":{"line":106,"column":null}},"line":102},"7":{"name":"(anonymous_7)","decl":{"start":{"line":111,"column":19},"end":{"line":111,"column":40}},"loc":{"start":{"line":111,"column":40},"end":{"line":113,"column":null}},"line":111}},"branchMap":{"0":{"loc":{"start":{"line":48,"column":6},"end":{"line":62,"column":null}},"type":"if","locations":[{"start":{"line":48,"column":6},"end":{"line":62,"column":null}},{"start":{"line":60,"column":13},"end":{"line":62,"column":null}}],"line":48},"1":{"loc":{"start":{"line":48,"column":10},"end":{"line":48,"column":29}},"type":"binary-expr","locations":[{"start":{"line":48,"column":10},"end":{"line":48,"column":19}},{"start":{"line":48,"column":19},"end":{"line":48,"column":29}}],"line":48}},"s":{"0":1,"1":1,"2":1,"3":1,"4":16,"5":16,"6":7,"7":7,"8":7,"9":7,"10":4,"11":4,"12":4,"13":1,"14":1,"15":3,"16":3,"17":7,"18":16,"19":0,"20":0,"21":16,"22":3,"23":3,"24":3,"25":16,"26":1,"27":16,"28":1,"29":16,"30":16},"f":{"0":16,"1":7,"2":7,"3":3,"4":0,"5":3,"6":1,"7":1},"b":{"0":[4,3],"1":[7,5]},"meta":{"lastBranch":2,"lastFunction":8,"lastStatement":31,"seen":{"s:24:26:24:Infinity":0,"s:25:25:25:Infinity":1,"s:27:38:31:Infinity":2,"s:33:13:33:Infinity":3,"f:39:16:39:29":0,"s:40:32:40:Infinity":4,"s:43:2:66:Infinity":5,"f:43:12:43:18":1,"s:44:21:63:Infinity":6,"f:44:21:44:33":2,"s:45:20:45:Infinity":7,"s:46:23:46:Infinity":8,"b:48:6:62:Infinity:60:13:62:Infinity":0,"s:48:6:62:Infinity":9,"b:48:10:48:19:48:19:48:29":1,"s:49:8:59:Infinity":10,"s:50:23:50:Infinity":11,"s:51:10:55:Infinity":12,"s:57:10:57:Infinity":13,"s:58:10:58:Infinity":14,"s:61:8:61:Infinity":15,"f:61:21:61:22":3,"s:61:32:61:62":16,"s:65:4:65:Infinity":17,"s:79:16:83:Infinity":18,"f:79:16:79:43":4,"s:81:4:81:Infinity":19,"s:82:4:82:Infinity":20,"s:88:17:96:Infinity":21,"f:88:17:88:29":5,"s:89:4:89:Infinity":22,"s:90:4:90:Infinity":23,"s:91:4:95:Infinity":24,"s:102:19:106:Infinity":25,"f:102:19:102:20":6,"s:103:4:103:Infinity":26,"s:111:19:113:Infinity":27,"f:111:19:111:40":7,"s:112:4:112:Infinity":28,"s:115:40:121:Infinity":29,"s:123:2:126:Infinity":30}}}
,"/Volumes/Work/Dev/project-score-card/frontend/src/hooks/useAuth.ts": {"path":"/Volumes/Work/Dev/project-score-card/frontend/src/hooks/useAuth.ts","statementMap":{"0":{"start":{"line":21,"column":23},"end":{"line":29,"column":null}},"1":{"start":{"line":22,"column":8},"end":{"line":22,"column":null}},"2":{"start":{"line":24,"column":2},"end":{"line":26,"column":null}},"3":{"start":{"line":25,"column":4},"end":{"line":25,"column":null}},"4":{"start":{"line":28,"column":2},"end":{"line":28,"column":null}}},"fnMap":{"0":{"name":"(anonymous_0)","decl":{"start":{"line":21,"column":23},"end":{"line":21,"column":46}},"loc":{"start":{"line":21,"column":46},"end":{"line":29,"column":null}},"line":21}},"branchMap":{"0":{"loc":{"start":{"line":24,"column":2},"end":{"line":26,"column":null}},"type":"if","locations":[{"start":{"line":24,"column":2},"end":{"line":26,"column":null}},{"start":{},"end":{}}],"line":24}},"s":{"0":1,"1":19,"2":19,"3":4,"4":15},"f":{"0":19},"b":{"0":[4,15]},"meta":{"lastBranch":1,"lastFunction":1,"lastStatement":5,"seen":{"s:21:23:29:Infinity":0,"f:21:23:21:46":0,"s:22:8:22:Infinity":1,"b:24:2:26:Infinity:undefined:undefined:undefined:undefined":0,"s:24:2:26:Infinity":2,"s:25:4:25:Infinity":3,"s:28:2:28:Infinity":4}}}
,"/Volumes/Work/Dev/project-score-card/frontend/src/hooks/useConfig.ts": {"path":"/Volumes/Work/Dev/project-score-card/frontend/src/hooks/useConfig.ts","statementMap":{"0":{"start":{"line":6,"column":2},"end":{"line":12,"column":null}},"1":{"start":{"line":9,"column":23},"end":{"line":9,"column":null}},"2":{"start":{"line":10,"column":6},"end":{"line":10,"column":null}},"3":{"start":{"line":16,"column":2},"end":{"line":22,"column":null}},"4":{"start":{"line":19,"column":23},"end":{"line":19,"column":null}},"5":{"start":{"line":20,"column":6},"end":{"line":20,"column":null}},"6":{"start":{"line":26,"column":8},"end":{"line":26,"column":null}},"7":{"start":{"line":28,"column":2},"end":{"line":37,"column":null}},"8":{"start":{"line":30,"column":23},"end":{"line":30,"column":null}},"9":{"start":{"line":31,"column":6},"end":{"line":31,"column":null}},"10":{"start":{"line":34,"column":6},"end":{"line":34,"column":null}},"11":{"start":{"line":35,"column":6},"end":{"line":35,"column":null}}},"fnMap":{"0":{"name":"useConfigParameters","decl":{"start":{"line":5,"column":16},"end":{"line":5,"column":38}},"loc":{"start":{"line":5,"column":38},"end":{"line":13,"column":null}},"line":5},"1":{"name":"(anonymous_1)","decl":{"start":{"line":8,"column":13},"end":{"line":8,"column":25}},"loc":{"start":{"line":8,"column":25},"end":{"line":11,"column":null}},"line":8},"2":{"name":"useConfigValidation","decl":{"start":{"line":15,"column":16},"end":{"line":15,"column":38}},"loc":{"start":{"line":15,"column":38},"end":{"line":23,"column":null}},"line":15},"3":{"name":"(anonymous_3)","decl":{"start":{"line":18,"column":13},"end":{"line":18,"column":25}},"loc":{"start":{"line":18,"column":25},"end":{"line":21,"column":null}},"line":18},"4":{"name":"useUpdateConfigParameters","decl":{"start":{"line":25,"column":16},"end":{"line":25,"column":44}},"loc":{"start":{"line":25,"column":44},"end":{"line":38,"column":null}},"line":25},"5":{"name":"(anonymous_5)","decl":{"start":{"line":29,"column":16},"end":{"line":29,"column":23}},"loc":{"start":{"line":29,"column":60},"end":{"line":32,"column":null}},"line":29},"6":{"name":"(anonymous_6)","decl":{"start":{"line":33,"column":15},"end":{"line":33,"column":21}},"loc":{"start":{"line":33,"column":21},"end":{"line":36,"column":null}},"line":33}},"branchMap":{},"s":{"0":4,"1":2,"2":1,"3":4,"4":2,"5":2,"6":2,"7":2,"8":1,"9":1,"10":1,"11":1},"f":{"0":4,"1":2,"2":4,"3":2,"4":2,"5":1,"6":1},"b":{},"meta":{"lastBranch":0,"lastFunction":7,"lastStatement":12,"seen":{"f:5:16:5:38":0,"s:6:2:12:Infinity":0,"f:8:13:8:25":1,"s:9:23:9:Infinity":1,"s:10:6:10:Infinity":2,"f:15:16:15:38":2,"s:16:2:22:Infinity":3,"f:18:13:18:25":3,"s:19:23:19:Infinity":4,"s:20:6:20:Infinity":5,"f:25:16:25:44":4,"s:26:8:26:Infinity":6,"s:28:2:37:Infinity":7,"f:29:16:29:23":5,"s:30:23:30:Infinity":8,"s:31:6:31:Infinity":9,"f:33:15:33:21":6,"s:34:6:34:Infinity":10,"s:35:6:35:Infinity":11}}}
,"/Volumes/Work/Dev/project-score-card/frontend/src/hooks/useMetrics.ts": {"path":"/Volumes/Work/Dev/project-score-card/frontend/src/hooks/useMetrics.ts","statementMap":{"0":{"start":{"line":12,"column":2},"end":{"line":29,"column":null}},"1":{"start":{"line":15,"column":6},"end":{"line":26,"column":null}},"2":{"start":{"line":16,"column":25},"end":{"line":16,"column":null}},"3":{"start":{"line":17,"column":8},"end":{"line":22,"column":null}},"4":{"start":{"line":18,"column":25},"end":{"line":20,"column":null}},"5":{"start":{"line":19,"column":22},"end":{"line":19,"column":null}},"6":{"start":{"line":21,"column":10},"end":{"line":21,"column":null}},"7":{"start":{"line":23,"column":8},"end":{"line":23,"column":null}},"8":{"start":{"line":25,"column":8},"end":{"line":25,"column":null}},"9":{"start":{"line":33,"column":8},"end":{"line":33,"column":null}},"10":{"start":{"line":35,"column":2},"end":{"line":44,"column":null}},"11":{"start":{"line":37,"column":23},"end":{"line":37,"column":null}},"12":{"start":{"line":38,"column":6},"end":{"line":38,"column":null}},"13":{"start":{"line":41,"column":6},"end":{"line":41,"column":null}},"14":{"start":{"line":42,"column":6},"end":{"line":42,"column":null}},"15":{"start":{"line":48,"column":8},"end":{"line":48,"column":null}},"16":{"start":{"line":50,"column":2},"end":{"line":76,"column":null}},"17":{"start":{"line":52,"column":12},"end":{"line":52,"column":null}},"18":{"start":{"line":53,"column":37},"end":{"line":68,"column":null}},"19":{"start":{"line":69,"column":23},"end":{"line":69,"column":null}},"20":{"start":{"line":70,"column":6},"end":{"line":70,"column":null}},"21":{"start":{"line":73,"column":6},"end":{"line":73,"column":null}},"22":{"start":{"line":74,"column":6},"end":{"line":74,"column":null}},"23":{"start":{"line":80,"column":8},"end":{"line":80,"column":null}},"24":{"start":{"line":82,"column":2},"end":{"line":108,"column":null}},"25":{"start":{"line":84,"column":12},"end":{"line":84,"column":null}},"26":{"start":{"line":85,"column":37},"end":{"line":100,"column":null}},"27":{"start":{"line":101,"column":23},"end":{"line":101,"column":null}},"28":{"start":{"line":102,"column":6},"end":{"line":102,"column":null}},"29":{"start":{"line":105,"column":6},"end":{"line":105,"column":null}},"30":{"start":{"line":106,"column":6},"end":{"line":106,"column":null}},"31":{"start":{"line":112,"column":8},"end":{"line":112,"column":null}},"32":{"start":{"line":114,"column":2},"end":{"line":140,"column":null}},"33":{"start":{"line":116,"column":12},"end":{"line":116,"column":null}},"34":{"start":{"line":117,"column":37},"end":{"line":132,"column":null}},"35":{"start":{"line":133,"column":23},"end":{"line":133,"column":null}},"36":{"start":{"line":134,"column":6},"end":{"line":134,"column":null}},"37":{"start":{"line":137,"column":6},"end":{"line":137,"column":null}},"38":{"start":{"line":138,"column":6},"end":{"line":138,"column":null}},"39":{"start":{"line":150,"column":8},"end":{"line":150,"column":null}},"40":{"start":{"line":152,"column":2},"end":{"line":178,"column":null}},"41":{"start":{"line":154,"column":12},"end":{"line":154,"column":null}},"42":{"start":{"line":155,"column":37},"end":{"line":170,"column":null}},"43":{"start":{"line":171,"column":23},"end":{"line":171,"column":null}},"44":{"start":{"line":172,"column":6},"end":{"line":172,"column":null}},"45":{"start":{"line":175,"column":6},"end":{"line":175,"column":null}},"46":{"start":{"line":176,"column":6},"end":{"line":176,"column":null}},"47":{"start":{"line":190,"column":8},"end":{"line":190,"column":null}},"48":{"start":{"line":192,"column":2},"end":{"line":218,"column":null}},"49":{"start":{"line":194,"column":12},"end":{"line":194,"column":null}},"50":{"start":{"line":195,"column":37},"end":{"line":210,"column":null}},"51":{"start":{"line":211,"column":23},"end":{"line":211,"column":null}},"52":{"start":{"line":212,"column":6},"end":{"line":212,"column":null}},"53":{"start":{"line":215,"column":6},"end":{"line":215,"column":null}},"54":{"start":{"line":216,"column":6},"end":{"line":216,"column":null}},"55":{"start":{"line":229,"column":8},"end":{"line":229,"column":null}},"56":{"start":{"line":231,"column":2},"end":{"line":257,"column":null}},"57":{"start":{"line":233,"column":12},"end":{"line":233,"column":null}},"58":{"start":{"line":234,"column":37},"end":{"line":249,"column":null}},"59":{"start":{"line":250,"column":23},"end":{"line":250,"column":null}},"60":{"start":{"line":251,"column":6},"end":{"line":251,"column":null}},"61":{"start":{"line":254,"column":6},"end":{"line":254,"column":null}},"62":{"start":{"line":255,"column":6},"end":{"line":255,"column":null}},"63":{"start":{"line":261,"column":8},"end":{"line":261,"column":null}},"64":{"start":{"line":263,"column":2},"end":{"line":280,"column":null}},"65":{"start":{"line":265,"column":12},"end":{"line":265,"column":null}},"66":{"start":{"line":266,"column":37},"end":{"line":272,"column":null}},"67":{"start":{"line":273,"column":23},"end":{"line":273,"column":null}},"68":{"start":{"line":274,"column":6},"end":{"line":274,"column":null}},"69":{"start":{"line":277,"column":6},"end":{"line":277,"column":null}},"70":{"start":{"line":278,"column":6},"end":{"line":278,"column":null}},"71":{"start":{"line":295,"column":8},"end":{"line":295,"column":null}},"72":{"start":{"line":297,"column":2},"end":{"line":314,"column":null}},"73":{"start":{"line":299,"column":12},"end":{"line":299,"column":null}},"74":{"start":{"line":300,"column":37},"end":{"line":306,"column":null}},"75":{"start":{"line":307,"column":23},"end":{"line":307,"column":null}},"76":{"start":{"line":308,"column":6},"end":{"line":308,"column":null}},"77":{"start":{"line":311,"column":6},"end":{"line":311,"column":null}},"78":{"start":{"line":312,"column":6},"end":{"line":312,"column":null}}},"fnMap":{"0":{"name":"useProjectMetrics","decl":{"start":{"line":11,"column":16},"end":{"line":11,"column":34}},"loc":{"start":{"line":11,"column":53},"end":{"line":30,"column":null}},"line":11},"1":{"name":"(anonymous_1)","decl":{"start":{"line":14,"column":13},"end":{"line":14,"column":50}},"loc":{"start":{"line":14,"column":50},"end":{"line":27,"column":null}},"line":14},"2":{"name":"(anonymous_2)","decl":{"start":{"line":19,"column":12},"end":{"line":19,"column":13}},"loc":{"start":{"line":19,"column":22},"end":{"line":19,"column":null}},"line":19},"3":{"name":"useCreateMetrics","decl":{"start":{"line":32,"column":16},"end":{"line":32,"column":33}},"loc":{"start":{"line":32,"column":52},"end":{"line":45,"column":null}},"line":32},"4":{"name":"(anonymous_4)","decl":{"start":{"line":36,"column":16},"end":{"line":36,"column":23}},"loc":{"start":{"line":36,"column":68},"end":{"line":39,"column":null}},"line":36},"5":{"name":"(anonymous_5)","decl":{"start":{"line":40,"column":15},"end":{"line":40,"column":21}},"loc":{"start":{"line":40,"column":21},"end":{"line":43,"column":null}},"line":40},"6":{"name":"useUpdateEVMData","decl":{"start":{"line":47,"column":16},"end":{"line":47,"column":33}},"loc":{"start":{"line":47,"column":85},"end":{"line":77,"column":null}},"line":47},"7":{"name":"(anonymous_7)","decl":{"start":{"line":51,"column":16},"end":{"line":51,"column":23}},"loc":{"start":{"line":51,"column":62},"end":{"line":71,"column":null}},"line":51},"8":{"name":"(anonymous_8)","decl":{"start":{"line":72,"column":15},"end":{"line":72,"column":21}},"loc":{"start":{"line":72,"column":21},"end":{"line":75,"column":null}},"line":72},"9":{"name":"useUpdateMilestones","decl":{"start":{"line":79,"column":16},"end":{"line":79,"column":36}},"loc":{"start":{"line":79,"column":88},"end":{"line":109,"column":null}},"line":79},"10":{"name":"(anonymous_10)","decl":{"start":{"line":83,"column":16},"end":{"line":83,"column":23}},"loc":{"start":{"line":83,"column":69},"end":{"line":103,"column":null}},"line":83},"11":{"name":"(anonymous_11)","decl":{"start":{"line":104,"column":15},"end":{"line":104,"column":21}},"loc":{"start":{"line":104,"column":21},"end":{"line":107,"column":null}},"line":104},"12":{"name":"useUpdateGovernance","decl":{"start":{"line":111,"column":16},"end":{"line":111,"column":36}},"loc":{"start":{"line":111,"column":88},"end":{"line":141,"column":null}},"line":111},"13":{"name":"(anonymous_13)","decl":{"start":{"line":115,"column":16},"end":{"line":115,"column":23}},"loc":{"start":{"line":115,"column":74},"end":{"line":135,"column":null}},"line":115},"14":{"name":"(anonymous_14)","decl":{"start":{"line":136,"column":15},"end":{"line":136,"column":21}},"loc":{"start":{"line":136,"column":21},"end":{"line":139,"column":null}},"line":136},"15":{"name":"useUpdatePMSatisfaction","decl":{"start":{"line":149,"column":16},"end":{"line":149,"column":40}},"loc":{"start":{"line":149,"column":92},"end":{"line":179,"column":null}},"line":149},"16":{"name":"(anonymous_16)","decl":{"start":{"line":153,"column":16},"end":{"line":153,"column":23}},"loc":{"start":{"line":153,"column":81},"end":{"line":173,"column":null}},"line":153},"17":{"name":"(anonymous_17)","decl":{"start":{"line":174,"column":15},"end":{"line":174,"column":21}},"loc":{"start":{"line":174,"column":21},"end":{"line":177,"column":null}},"line":174},"18":{"name":"useUpdateTestMaturity","decl":{"start":{"line":189,"column":16},"end":{"line":189,"column":38}},"loc":{"start":{"line":189,"column":90},"end":{"line":219,"column":null}},"line":189},"19":{"name":"(anonymous_19)","decl":{"start":{"line":193,"column":16},"end":{"line":193,"column":23}},"loc":{"start":{"line":193,"column":77},"end":{"line":213,"column":null}},"line":193},"20":{"name":"(anonymous_20)","decl":{"start":{"line":214,"column":15},"end":{"line":214,"column":21}},"loc":{"start":{"line":214,"column":21},"end":{"line":217,"column":null}},"line":214},"21":{"name":"useUpdateArchitecture","decl":{"start":{"line":228,"column":16},"end":{"line":228,"column":38}},"loc":{"start":{"line":228,"column":90},"end":{"line":258,"column":null}},"line":228},"22":{"name":"(anonymous_22)","decl":{"start":{"line":232,"column":16},"end":{"line":232,"column":23}},"loc":{"start":{"line":232,"column":77},"end":{"line":252,"column":null}},"line":232},"23":{"name":"(anonymous_23)","decl":{"start":{"line":253,"column":15},"end":{"line":253,"column":21}},"loc":{"start":{"line":253,"column":21},"end":{"line":256,"column":null}},"line":253},"24":{"name":"useUpdateStrategicImpact","decl":{"start":{"line":260,"column":16},"end":{"line":260,"column":41}},"loc":{"start":{"line":260,"column":93},"end":{"line":281,"column":null}},"line":260},"25":{"name":"(anonymous_25)","decl":{"start":{"line":264,"column":16},"end":{"line":264,"column":23}},"loc":{"start":{"line":264,"column":78},"end":{"line":275,"column":null}},"line":264},"26":{"name":"(anonymous_26)","decl":{"start":{"line":276,"column":15},"end":{"line":276,"column":21}},"loc":{"start":{"line":276,"column":21},"end":{"line":279,"column":null}},"line":276},"27":{"name":"useUpdateClientSurvey","decl":{"start":{"line":294,"column":16},"end":{"line":294,"column":38}},"loc":{"start":{"line":294,"column":90},"end":{"line":315,"column":null}},"line":294},"28":{"name":"(anonymous_28)","decl":{"start":{"line":298,"column":16},"end":{"line":298,"column":23}},"loc":{"start":{"line":298,"column":77},"end":{"line":309,"column":null}},"line":298},"29":{"name":"(anonymous_29)","decl":{"start":{"line":310,"column":15},"end":{"line":310,"column":21}},"loc":{"start":{"line":310,"column":21},"end":{"line":313,"column":null}},"line":310}},"branchMap":{"0":{"loc":{"start":{"line":17,"column":8},"end":{"line":22,"column":null}},"type":"if","locations":[{"start":{"line":17,"column":8},"end":{"line":22,"column":null}},{"start":{},"end":{}}],"line":17},"1":{"loc":{"start":{"line":17,"column":12},"end":{"line":17,"column":55}},"type":"binary-expr","locations":[{"start":{"line":17,"column":12},"end":{"line":17,"column":29}},{"start":{"line":17,"column":29},"end":{"line":17,"column":55}}],"line":17},"2":{"loc":{"start":{"line":54,"column":22},"end":{"line":54,"column":null}},"type":"binary-expr","locations":[{"start":{"line":54,"column":22},"end":{"line":54,"column":55}},{"start":{"line":54,"column":55},"end":{"line":54,"column":null}}],"line":54},"3":{"loc":{"start":{"line":67,"column":23},"end":{"line":67,"column":null}},"type":"binary-expr","locations":[{"start":{"line":67,"column":23},"end":{"line":67,"column":57}},{"start":{"line":67,"column":57},"end":{"line":67,"column":null}}],"line":67},"4":{"loc":{"start":{"line":86,"column":22},"end":{"line":86,"column":null}},"type":"binary-expr","locations":[{"start":{"line":86,"column":22},"end":{"line":86,"column":55}},{"start":{"line":86,"column":55},"end":{"line":86,"column":null}}],"line":86},"5":{"loc":{"start":{"line":99,"column":23},"end":{"line":99,"column":null}},"type"
[...]
v/project-score-card/frontend/src/services/api.ts": {"path":"/Volumes/Work/Dev/project-score-card/frontend/src/services/api.ts","statementMap":{"0":{"start":{"line":11,"column":26},"end":{"line":11,"column":null}},"1":{"start":{"line":13,"column":12},"end":{"line":18,"column":null}},"2":{"start":{"line":20,"column":0},"end":{"line":29,"column":null}},"3":{"start":{"line":22,"column":18},"end":{"line":22,"column":null}},"4":{"start":{"line":23,"column":4},"end":{"line":25,"column":null}},"5":{"start":{"line":24,"column":6},"end":{"line":24,"column":null}},"6":{"start":{"line":26,"column":4},"end":{"line":26,"column":null}},"7":{"start":{"line":28,"column":13},"end":{"line":28,"column":null}},"8":{"start":{"line":31,"column":0},"end":{"line":41,"column":null}},"9":{"start":{"line":32,"column":16},"end":{"line":32,"column":null}},"10":{"start":{"line":34,"column":4},"end":{"line":38,"column":null}},"11":{"start":{"line":35,"column":6},"end":{"line":35,"column":null}},"12":{"start":{"line":36,"column":6},"end":{"line":36,"column":null}},"13":{"start":{"line":37,"column":6},"end":{"line":37,"column":null}},"14":{"start":{"line":39,"column":4},"end":{"line":39,"column":null}},"15":{"start":{"line":43,"column":27},"end":{"line":72,"column":null}},"16":{"start":{"line":45,"column":21},"end":{"line":45,"column":null}},"17":{"start":{"line":46,"column":4},"end":{"line":46,"column":null}},"18":{"start":{"line":50,"column":21},"end":{"line":50,"column":null}},"19":{"start":{"line":51,"column":4},"end":{"line":51,"column":null}},"20":{"start":{"line":55,"column":21},"end":{"line":55,"column":null}},"21":{"start":{"line":56,"column":4},"end":{"line":56,"column":null}},"22":{"start":{"line":60,"column":21},"end":{"line":60,"column":null}},"23":{"start":{"line":61,"column":4},"end":{"line":61,"column":null}},"24":{"start":{"line":65,"column":21},"end":{"line":65,"column":null}},"25":{"start":{"line":66,"column":4},"end":{"line":66,"column":null}},"26":{"start":{"line":70,"column":4},"end":{"line":70,"column":null}},"27":{"start":{"line":74,"column":25},"end":{"line":101,"column":null}},"28":{"start":{"line":76,"column":21},"end":{"line":76,"column":null}},"29":{"start":{"line":77,"column":4},"end":{"line":77,"column":null}},"30":{"start":{"line":84,"column":21},"end":{"line":87,"column":null}},"31":{"start":{"line":88,"column":4},"end":{"line":88,"column":null}},"32":{"start":{"line":95,"column":21},"end":{"line":98,"column":null}},"33":{"start":{"line":99,"column":4},"end":{"line":99,"column":null}},"34":{"start":{"line":103,"column":25},"end":{"line":124,"column":null}},"35":{"start":{"line":105,"column":21},"end":{"line":105,"column":null}},"36":{"start":{"line":106,"column":4},"end":{"line":106,"column":null}},"37":{"start":{"line":110,"column":21},"end":{"line":112,"column":null}},"38":{"start":{"line":113,"column":4},"end":{"line":113,"column":null}},"39":{"start":{"line":117,"column":21},"end":{"line":117,"column":null}},"40":{"start":{"line":118,"column":4},"end":{"line":118,"column":null}},"41":{"start":{"line":122,"column":4},"end":{"line":122,"column":null}},"42":{"start":{"line":126,"column":26},"end":{"line":140,"column":null}},"43":{"start":{"line":128,"column":21},"end":{"line":128,"column":null}},"44":{"start":{"line":129,"column":4},"end":{"line":129,"column":null}},"45":{"start":{"line":133,"column":21},"end":{"line":137,"column":null}},"46":{"start":{"line":138,"column":4},"end":{"line":138,"column":null}}},"fnMap":{"0":{"name":"(anonymous_0)","decl":{"start":{"line":21,"column":2},"end":{"line":21,"column":3}},"loc":{"start":{"line":21,"column":14},"end":{"line":27,"column":null}},"line":21},"1":{"name":"(anonymous_1)","decl":{"start":{"line":28,"column":2},"end":{"line":28,"column":3}},"loc":{"start":{"line":28,"column":13},"end":{"line":28,"column":null}},"line":28},"2":{"name":"(anonymous_2)","decl":{"start":{"line":32,"column":2},"end":{"line":32,"column":3}},"loc":{"start":{"line":32,"column":16},"end":{"line":32,"column":null}},"line":32},"3":{"name":"(anonymous_3)","decl":{"start":{"line":33,"column":2},"end":{"line":33,"column":3}},"loc":{"start":{"line":33,"column":13},"end":{"line":40,"column":null}},"line":33},"4":{"name":"(anonymous_4)","decl":{"start":{"line":44,"column":8},"end":{"line":44,"column":40}},"loc":{"start":{"line":44,"column":40},"end":{"line":47,"column":null}},"line":44},"5":{"name":"(anonymous_5)","decl":{"start":{"line":49,"column":7},"end":{"line":49,"column":14}},"loc":{"start":{"line":49,"column":47},"end":{"line":52,"column":null}},"line":49},"6":{"name":"(anonymous_6)","decl":{"start":{"line":54,"column":10},"end":{"line":54,"column":17}},"loc":{"start":{"line":54,"column":59},"end":{"line":57,"column":null}},"line":54},"7":{"name":"(anonymous_7)","decl":{"start":{"line":59,"column":10},"end":{"line":59,"column":17}},"loc":{"start":{"line":59,"column":71},"end":{"line":62,"column":null}},"line":59},"8":{"name":"(anonymous_8)","decl":{"start":{"line":64,"column":11},"end":{"line":64,"column":18}},"loc":{"start":{"line":64,"column":72},"end":{"line":67,"column":null}},"line":64},"9":{"name":"(anonymous_9)","decl":{"start":{"line":69,"column":10},"end":{"line":69,"column":17}},"loc":{"start":{"line":69,"column":47},"end":{"line":71,"column":null}},"line":69},"10":{"name":"(anonymous_10)","decl":{"start":{"line":75,"column":20},"end":{"line":75,"column":27}},"loc":{"start":{"line":75,"column":73},"end":{"line":78,"column":null}},"line":75},"11":{"name":"(anonymous_11)","decl":{"start":{"line":80,"column":19},"end":{"line":80,"column":null}},"loc":{"start":{"line":83,"column":33},"end":{"line":89,"column":null}},"line":83},"12":{"name":"(anonymous_12)","decl":{"start":{"line":91,"column":13},"end":{"line":91,"column":null}},"loc":{"start":{"line":94,"column":31},"end":{"line":100,"column":null}},"line":94},"13":{"name":"(anonymous_13)","decl":{"start":{"line":104,"column":7},"end":{"line":104,"column":43}},"loc":{"start":{"line":104,"column":43},"end":{"line":107,"column":null}},"line":104},"14":{"name":"(anonymous_14)","decl":{"start":{"line":109,"column":12},"end":{"line":109,"column":105}},"loc":{"start":{"line":109,"column":105},"end":{"line":114,"column":null}},"line":109},"15":{"name":"(anonymous_15)","decl":{"start":{"line":116,"column":17},"end":{"line":116,"column":59}},"loc":{"start":{"line":116,"column":59},"end":{"line":119,"column":null}},"line":116},"16":{"name":"(anonymous_16)","decl":{"start":{"line":121,"column":20},"end":{"line":121,"column":27}},"loc":{"start":{"line":121,"column":94},"end":{"line":123,"column":null}},"line":121},"17":{"name":"(anonymous_17)","decl":{"start":{"line":127,"column":22},"end":{"line":127,"column":29}},"loc":{"start":{"line":127,"column":75},"end":{"line":130,"column":null}},"line":127},"18":{"name":"(anonymous_18)","decl":{"start":{"line":132,"column":24},"end":{"line":132,"column":31}},"loc":{"start":{"line":132,"column":77},"end":{"line":139,"column":null}},"line":132}},"branchMap":{"0":{"loc":{"start":{"line":23,"column":4},"end":{"line":25,"column":null}},"type":"if","locations":[{"start":{"line":23,"column":4},"end":{"line":25,"column":null}},{"start":{},"end":{}}],"line":23},"1":{"loc":{"start":{"line":34,"column":4},"end":{"line":38,"column":null}},"type":"if","locations":[{"start":{"line":34,"column":4},"end":{"line":38,"column":null}},{"start":{},"end":{}}],"line":34},"2":{"loc":{"start":{"line":82,"column":4},"end":{"line":82,"column":null}},"type":"default-arg","locations":[{"start":{"line":82,"column":12},"end":{"line":82,"column":null}}],"line":82},"3":{"loc":{"start":{"line":93,"column":4},"end":{"line":93,"column":null}},"type":"default-arg","locations":[{"start":{"line":93,"column":19},"end":{"line":93,"column":null}}],"line":93}},"s":{"0":1,"1":1,"2":1,"3":30,"4":30,"5":4,"6":30,"7":0,"8":1,"9":25,"10":5,"11":1,"12":1,"13":1,"14":5,"15":1,"16":7,"17":4,"18":2,"19":1,"20":2,"21":2,"22":2,"23":2,"24":1,"25":1,"26":2,"27":1,"28":1,"29":1,"30":2,"31":2,"32":3,"33":3,"34":1,"35":1,"36":1,"37":2,"38":2,"39":1,"40":1,"41":1,"42":1,"43":1,"44":1,"45":2,"46":2},"f":{"0":30,"1":0,"2":25,"3":5,"4":7,"5":2,"6":2,"7":2,"8":1,"9":2,"10":1,"11":2,"12":3,"13":1,"14":2,"15":1,"16":1,"17":1,"18":2},"b":{"0":[4,26],"1":[1,4],"2":[2],"3":[3]},"meta":{"lastBranch":4,"lastFunction":19,"lastStatement":47,"seen":{"s:11:26:11:Infinity":0,"s:13:12:18:Infinity":1,"s:20:0:29:Infinity":2,"f:21:2:21:3":0,"s:22:18:22:Infinity":3,"b:23:4:25:Infinity:undefined:undefined:undefined:undefined":0,"s:23:4:25:Infinity":4,"s:24:6:24:Infinity":5,"s:26:4:26:Infinity":6,"f:28:2:28:3":1,"s:28:13:28:Infinity":7,"s:31:0:41:Infinity":8,"f:32:2:32:3":2,"s:32:16:32:Infinity":9,"f:33:2:33:3":3,"b:34:4:38:Infinity:undefined:undefined:undefined:undefined":1,"s:34:4:38:Infinity":10,"s:35:6:35:Infinity":11,"s:36:6:36:Infinity":12,"s:37:6:37:Infinity":13,"s:39:4:39:Infinity":14,"s:43:27:72:Infinity":15,"f:44:8:44:40":4,"s:45:21:45:Infinity":16,"s:46:4:46:Infinity":17,"f:49:7:49:14":5,"s:50:21:50:Infinity":18,"s:51:4:51:Infinity":19,"f:54:10:54:17":6,"s:55:21:55:Infinity":20,"s:56:4:56:Infinity":21,"f:59:10:59:17":7,"s:60:21:60:Infinity":22,"s:61:4:61:Infinity":23,"f:64:11:64:18":8,"s:65:21:65:Infinity":24,"s:66:4:66:Infinity":25,"f:69:10:69:17":9,"s:70:4:70:Infinity":26,"s:74:25:101:Infinity":27,"f:75:20:75:27":10,"s:76:21:76:Infinity":28,"s:77:4:77:Infinity":29,"f:80:19:80:Infinity":11,"b:82:12:82:Infinity":2,"s:84:21:87:Infinity":30,"s:88:4:88:Infinity":31,"f:91:13:91:Infinity":12,"b:93:19:93:Infinity":3,"s:95:21:98:Infinity":32,"s:99:4:99:Infinity":33,"s:103:25:124:Infinity":34,"f:104:7:104:43":13,"s:105:21:105:Infinity":35,"s:106:4:106:Infinity":36,"f:109:12:109:105":14,"s:110:21:112:Infinity":37,"s:113:4:113:Infinity":38,"f:116:17:116:59":15,"s:117:21:117:Infinity":39,"s:118:4:118:Infinity":40,"f:121:20:121:27":16,"s:122:4:122:Infinity":41,"s:126:26:140:Infinity":42,"f:127:22:127:29":17,"s:128:21:128:Infinity":43,"s:129:4:129:Infinity":44,"f:132:24:132:31":18,"s:133:21:137:Infinity":45,"s:138:4:138:Infinity":46}}}
,"/Volumes/Work/Dev/project-score-card/frontend/src/utils/errorHandler.ts": {"path":"/Volumes/Work/Dev/project-score-card/frontend/src/utils/errorHandler.ts","statementMap":{"0":{"start":{"line":17,"column":4},"end":{"line":39,"column":null}},"1":{"start":{"line":18,"column":21},"end":{"line":18,"column":null}},"2":{"start":{"line":21,"column":6},"end":{"line":23,"column":null}},"3":{"start":{"line":22,"column":8},"end":{"line":22,"column":null}},"4":{"start":{"line":26,"column":6},"end":{"line":33,"column":null}},"5":{"start":{"line":27,"column":25},"end":{"line":31,"column":null}},"6":{"start":{"line":28,"column":22},"end":{"line":28,"column":null}},"7":{"start":{"line":29,"column":22},"end":{"line":29,"column":null}},"8":{"start":{"line":30,"column":10},"end":{"line":30,"column":null}},"9":{"start":{"line":32,"column":8},"end":{"line":32,"column":null}},"10":{"start":{"line":36,"column":6},"end":{"line":38,"column":null}},"11":{"start":{"line":37,"column":8},"end":{"line":37,"column":null}},"12":{"start":{"line":42,"column":4},"end":{"line":44,"column":null}},"13":{"start":{"line":43,"column":6},"end":{"line":43,"column":null}},"14":{"start":{"line":47,"column":4},"end":{"line":49,"column":null}},"15":{"start":{"line":48,"column":6},"end":{"line":48,"column":null}},"16":{"start":{"line":52,"column":4},"end":{"line":52,"column":null}},"17":{"start":{"line":59,"column":4},"end":{"line":61,"column":null}},"18":{"start":{"line":60,"column":6},"end":{"line":60,"column":null}},"19":{"start":{"line":62,"column":4},"end":{"line":62,"column":null}},"20":{"start":{"line":69,"column":17},"end":{"line":69,"column":null}},"21":{"start":{"line":70,"column":4},"end":{"line":70,"column":null}},"22":{"start":{"line":77,"column":17},"end":{"line":77,"column":null}},"23":{"start":{"line":78,"column":4},"end":{"line":78,"column":null}},"24":{"start":{"line":89,"column":20},"end":{"line":89,"column":null}},"25":{"start":{"line":90,"column":17},"end":{"line":90,"column":null}},"26":{"start":{"line":92,"column":16},"end":{"line":92,"column":null}},"27":{"start":{"line":94,"column":4},"end":{"line":98,"column":null}},"28":{"start":{"line":95,"column":6},"end":{"line":95,"column":null}},"29":{"start":{"line":96,"column":4},"end":{"line":98,"column":null}},"30":{"start":{"line":97,"column":6},"end":{"line":97,"column":null}},"31":{"start":{"line":101,"column":4},"end":{"line":103,"column":null}},"32":{"start":{"line":102,"column":6},"end":{"line":102,"column":null}},"33":{"start":{"line":105,"column":4},"end":{"line":105,"column":null}}},"fnMap":{"0":{"name":"(anonymous_0)","decl":{"start":{"line":15,"column":9},"end":{"line":15,"column":24}},"loc":{"start":{"line":15,"column":44},"end":{"line":53,"column":null}},"line":15},"1":{"name":"(anonymous_1)","decl":{"start":{"line":27,"column":36},"end":{"line":27,"column":37}},"loc":{"start":{"line":27,"column":50},"end":{"line":31,"column":9}},"line":27},"2":{"name":"(anonymous_2)","decl":{"start":{"line":58,"column":9},"end":{"line":58,"column":21}},"loc":{"start":{"line":58,"column":41},"end":{"line":63,"column":null}},"line":58},"3":{"name":"(anonymous_3)","decl":{"start":{"line":68,"column":9},"end":{"line":68,"column":27}},"loc":{"start":{"line":68,"column":48},"end":{"line":71,"column":null}},"line":68},"4":{"name":"(anonymous_4)","decl":{"start":{"line":76,"column":9},"end":{"line":76,"column":23}},"loc":{"start":{"line":76,"column":44},"end":{"line":79,"column":null}},"line":76},"5":{"name":"(anonymous_5)","decl":{"start":{"line":84,"column":9},"end":{"line":84,"column":26}},"loc":{"start":{"line":88,"column":4},"end":{"line":106,"column":null}},"line":88}},"branchMap":{"0":{"loc":{"start":{"line":17,"column":4},"end":{"line":39,"column":null}},"type":"if","locations":[{"start":{"line":17,"column":4},"end":{"line":39,"column":null}},{"start":{},"end":{}}],"line":17},"1":{"loc":{"start":{"line":21,"column":6},"end":{"line":23,"column":null}},"type":"if","locations":[{"start":{"line":21,"column":6},"end":{"line":23,"column":null}},{"start":{},"end":{}}],"line":21},"2":{"loc":{"start":{"line":21,"column":10},"end":{"line":21,"column":56}},"type":"binary-expr","locations":[{"start":{"line":21,"column":10},"end":{"line":21,"column":40}},{"start":{"line":21,"column":40},"end":{"line":21,"column":56}}],"line":21},"3":{"loc":{"start":{"line":26,"column":6},"end":{"line":33,"column":null}},"type":"if","locations":[{"start":{"line":26,"column":6},"end":{"line":33,"column":null}},{"start":{},"end":{}}],"line":26},"4":{"loc":{"start":{"line":28,"column":22},"end":{"line":28,"column":null}},"type":"binary-expr","locations":[{"start":{"line":28,"column":22},"end":{"line":28,"column":46}},{"start":{"line":28,"column":46},"end":{"line":28,"column":null}}],"line":28},"5":{"loc":{"start":{"line":29,"column":22},"end":{"line":29,"column":null}},"type":"binary-expr","locations":[{"start":{"line":29,"column":22},"end":{"line":29,"column":33}},{"start":{"line":29,"column":33},"end":{"line":29,"column":null}}],"line":29},"6":{"loc":{"start":{"line":36,"column":6},"end":{"line":38,"column":null}},"type":"if","locations":[{"start":{"line":36,"column":6},"end":{"line":38,"column":null}},{"start":{},"end":{}}],"line":36},"7":{"loc":{"start":{"line":42,"column":4},"end":{"line":44,"column":null}},"type":"if","locations":[{"start":{"line":42,"column":4},"end":{"line":44,"column":null}},{"start":{},"end":{}}],"line":42},"8":{"loc":{"start":{"line":47,"column":4},"end":{"line":49,"column":null}},"type":"if","locations":[{"start":{"line":47,"column":4},"end":{"line":49,"column":null}},{"start":{},"end":{}}],"line":47},"9":{"loc":{"start":{"line":59,"column":4},"end":{"line":61,"column":null}},"type":"if","locations":[{"start":{"line":59,"column":4},"end":{"line":61,"column":null}},{"start":{},"end":{}}],"line":59},"10":{"loc":{"start":{"line":70,"column":11},"end":{"line":70,"column":null}},"type":"binary-expr","locations":[{"start":{"line":70,"column":11},"end":{"line":70,"column":42}},{"start":{"line":70,"column":42},"end":{"line":70,"column":null}}],"line":70},"11":{"loc":{"start":{"line":94,"column":4},"end":{"line":98,"column":null}},"type":"if","locations":[{"start":{"line":94,"column":4},"end":{"line":98,"column":null}},{"start":{"line":96,"column":4},"end":{"line":98,"column":null}}],"line":94},"12":{"loc":{"start":{"line":96,"column":4},"end":{"line":98,"column":null}},"type":"if","locations":[{"start":{"line":96,"column":4},"end":{"line":98,"column":null}},{"start":{},"end":{}}],"line":96},"13":{"loc":{"start":{"line":101,"column":4},"end":{"line":103,"column":null}},"type":"if","locations":[{"start":{"line":101,"column":4},"end":{"line":103,"column":null}},{"start":{},"end":{}}],"line":101}},"s":{"0":16,"1":9,"2":9,"3":5,"4":4,"5":3,"6":4,"7":4,"8":4,"9":3,"10":1,"11":1,"12":7,"13":2,"14":5,"15":1,"16":4,"17":27,"18":16,"19":11,"20":10,"21":10,"22":7,"23":7,"24":6,"25":6,"26":6,"27":6,"28":2,"29":4,"30":1,"31":6,"32":1,"33":6},"f":{"0":2,"1":4,"2":2,"3":2,"4":2,"5":2},"b":{"0":[9,7],"1":[5,4],"2":[9,8],"3":[3,1],"4":[4,1],"5":[4,1],"6":[1,0],"7":[2,5],"8":[1,4],"9":[16,11],"10":[10,8],"11":[2,4],"12":[1,3],"13":[1,5]},"meta":{"lastBranch":14,"lastFunction":6,"lastStatement":34,"seen":{"f:15:9:15:24":0,"b:17:4:39:Infinity:undefined:undefined:undefined:undefined":0,"s:17:4:39:Infinity":0,"s:18:21:18:Infinity":1,"b:21:6:23:Infinity:undefined:undefined:undefined:undefined":1,"s:21:6:23:Infinity":2,"b:21:10:21:40:21:40:21:56":2,"s:22:8:22:Infinity":3,"b:26:6:33:Infinity:undefined:undefined:undefined:undefined":3,"s:26:6:33:Infinity":4,"s:27:25:31:Infinity":5,"f:27:36:27:37":1,"s:28:22:28:Infinity":6,"b:28:22:28:46:28:46:28:Infinity":4,"s:29:22:29:Infinity":7,"b:29:22:29:33:29:33:29:Infinity":5,"s:30:10:30:Infinity":8,"s:32:8:32:Infinity":9,"b:36:6:38:Infinity:undefined:undefined:undefined:undefined":6,"s:36:6:38:Infinity":10,"s:37:8:37:Infinity":11,"b:42:4:44:Infinity:undefined:undefined:undefined:undefined":7,"s:42:4:44:Infinity":12,"s:43:6:43:Infinity":13,"b:47:4:49:Infinity:undefined:undefined:undefined:undefined":8,"s:47:4:49:Infinity":14,"s:48:6:48:Infinity":15,"s:52:4:52:Infinity":16,"f:58:9:58:21":2,"b:59:4:61:Infinity:undefined:undefined:undefined:undefined":9,"s:59:4:61:Infinity":17,"s:60:6:60:Infinity":18,"s:62:4:62:Infinity":19,"f:68:9:68:27":3,"s:69:17:69:Infinity":20,"s:70:4:70:Infinity":21,"b:70:11:70:42:70:42:70:Infinity":10,"f:76:9:76:23":4,"s:77:17:77:Infinity":22,"s:78:4:78:Infinity":23,"f:84:9:84:26":5,"s:89:20:89:Infinity":24,"s:90:17:90:Infinity":25,"s:92:16:92:Infinity":26,"b:94:4:98:Infinity:96:4:98:Infinity":11,"s:94:4:98:Infinity":27,"s:95:6:95:Infinity":28,"b:96:4:98:Infinity:undefined:undefined:undefined:undefined":12,"s:96:4:98:Infinity":29,"s:97:6:97:Infinity":30,"b:101:4:103:Infinity:undefined:undefined:undefined:undefined":13,"s:101:4:103:Infinity":31,"s:102:6:102:Infinity":32,"s:105:4:105:Infinity":33}}}
,"/Volumes/Work/Dev/project-score-card/frontend/src/utils/formatters.ts": {"path":"/Volumes/Work/Dev/project-score-card/frontend/src/utils/formatters.ts","statementMap":{"0":{"start":{"line":6,"column":2},"end":{"line":6,"column":null}},"1":{"start":{"line":6,"column":19},"end":{"line":6,"column":null}},"2":{"start":{"line":7,"column":2},"end":{"line":11,"column":null}}},"fnMap":{"0":{"name":"formatDate","decl":{"start":{"line":5,"column":16},"end":{"line":5,"column":27}},"loc":{"start":{"line":5,"column":62},"end":{"line":12,"column":null}},"line":5}},"branchMap":{"0":{"loc":{"start":{"line":6,"column":2},"end":{"line":6,"column":null}},"type":"if","locations":[{"start":{"line":6,"column":2},"end":{"line":6,"column":null}},{"start":{},"end":{}}],"line":6}},"s":{"0":6,"1":0,"2":6},"f":{"0":6},"b":{"0":[0,6]},"meta":{"lastBranch":1,"lastFunction":1,"lastStatement":3,"seen":{"f:5:16:5:27":0,"b:6:2:6:Infinity:undefined:undefined:undefined:undefined":0,"s:6:2:6:Infinity":0,"s:6:19:6:Infinity":1,"s:7:2:11:Infinity":2}}}
}
